<?xml version="1.0" encoding="UTF-8"?>
<testng-results ignored="0" total="5" passed="5" failed="0" skipped="0">
  <reporter-output>
  </reporter-output>
  <suite started-at="2023-12-22T16:06:44 IST" name="Test" finished-at="2023-12-22T16:08:46 IST" duration-ms="122092">
    <groups>
    </groups>
    <test started-at="2023-12-22T16:06:44 IST" name="Test" finished-at="2023-12-22T16:08:46 IST" duration-ms="122092">
      <class name="testClass.VesselSearch">
        <test-method is-config="true" signature="ProgramStart()[pri:0, instance:testClass.VesselSearch@4efac082]" started-at="2023-12-22T16:06:44 IST" name="ProgramStart" finished-at="2023-12-22T16:07:05 IST" duration-ms="21440" status="PASS">
          <reporter-output>
          </reporter-output>
        </test-method> <!-- ProgramStart -->
        <test-method signature="vesselSearch(java.lang.String,java.lang.String,java.lang.String)[pri:0, instance:testClass.VesselSearch@4efac082]" started-at="2023-12-22T16:07:07 IST" name="vesselSearch" data-provider="Vesseldata" finished-at="2023-12-22T16:07:36 IST" duration-ms="29285" status="PASS">
          <params>
            <param index="0">
              <value>
                <![CDATA[Federal Hunter]]>
              </value>
            </param>
            <param index="1">
              <value>
                <![CDATA[Federal Hunter]]>
              </value>
            </param>
            <param index="2">
              <value>
                <![CDATA[Federal Hunter]]>
              </value>
            </param>
          </params>
          <reporter-output>
          </reporter-output>
        </test-method> <!-- vesselSearch -->
        <test-method signature="voyageSnapshot()[pri:1, instance:testClass.VesselSearch@4efac082]" started-at="2023-12-22T16:07:40 IST" name="voyageSnapshot" finished-at="2023-12-22T16:07:53 IST" duration-ms="12906" status="PASS">
          <reporter-output>
          </reporter-output>
        </test-method> <!-- voyageSnapshot -->
        <test-method signature="crewInfo()[pri:2, instance:testClass.VesselSearch@4efac082]" started-at="2023-12-22T16:07:54 IST" name="crewInfo" finished-at="2023-12-22T16:08:11 IST" duration-ms="17700" status="PASS">
          <reporter-output>
          </reporter-output>
        </test-method> <!-- crewInfo -->
        <test-method signature="financialData()[pri:3, instance:testClass.VesselSearch@4efac082]" started-at="2023-12-22T16:08:14 IST" name="financialData" finished-at="2023-12-22T16:08:34 IST" duration-ms="20257" status="PASS">
          <reporter-output>
          </reporter-output>
        </test-method> <!-- financialData -->
        <test-method signature="vesselParticulars()[pri:4, instance:testClass.VesselSearch@4efac082]" started-at="2023-12-22T16:08:37 IST" name="vesselParticulars" finished-at="2023-12-22T16:08:45 IST" duration-ms="8329" status="PASS">
          <reporter-output>
          </reporter-output>
        </test-method> <!-- vesselParticulars -->
        <test-method is-config="true" signature="endTest()[pri:0, instance:testClass.VesselSearch@4efac082]" started-at="2023-12-22T16:08:45 IST" name="endTest" finished-at="2023-12-22T16:08:46 IST" duration-ms="439" status="PASS">
          <reporter-output>
          </reporter-output>
        </test-method> <!-- endTest -->
      </class> <!-- testClass.VesselSearch -->
    </test> <!-- Test -->
  </suite> <!-- Test -->
</testng-results>
