<?xml version="1.0" encoding="UTF-8"?>
<testng-results ignored="0" total="8" passed="0" failed="8" skipped="0">
  <reporter-output>
  </reporter-output>
  <suite started-at="2024-03-07T13:12:27 IST" name="Test" finished-at="2024-03-07T13:44:25 IST" duration-ms="1918244">
    <groups>
    </groups>
    <test started-at="2024-03-07T13:12:27 IST" name="Test" finished-at="2024-03-07T13:44:25 IST" duration-ms="1918244">
      <class name="testClass.VesselSearchOLD">
        <test-method is-config="true" signature="ProgramStart()[pri:0, instance:testClass.VesselSearchOLD@48aca48b]" started-at="2024-03-07T13:12:27 IST" name="ProgramStart" finished-at="2024-03-07T13:12:53 IST" duration-ms="25819" status="PASS">
          <reporter-output>
          </reporter-output>
        </test-method> <!-- ProgramStart -->
        <test-method signature="vesselSearch(java.lang.String,java.lang.String,java.lang.String,java.lang.String,java.lang.String,java.lang.String,java.lang.String,java.lang.String)[pri:0, instance:testClass.VesselSearchOLD@48aca48b]" started-at="2024-03-07T13:12:55 IST" name="vesselSearch" data-provider="Vesseldata" finished-at="2024-03-07T13:17:50 IST" duration-ms="295522" status="FAIL">
          <params>
            <param index="0">
              <value>
                <![CDATA[AANJ]]>
              </value>
            </param>
            <param index="1">
              <value>
                <![CDATA[AM Annaba]]>
              </value>
            </param>
            <param index="2">
              <value>
                <![CDATA[AMNS Shipping and Logistics Private Ltd.]]>
              </value>
            </param>
            <param index="3">
              <value>
                <![CDATA[Voyage Snapshot Load Successfully]]>
              </value>
            </param>
            <param index="4">
              <value>
                <![CDATA[Crew Info Load Successfully]]>
              </value>
            </param>
            <param index="5">
              <value>
                <![CDATA[Financial Load Successfully]]>
              </value>
            </param>
            <param index="6">
              <value>
                <![CDATA[Vessel Particulars Loading]]>
              </value>
            </param>
            <param index="7">
              <value>
                <![CDATA[Contect deatils loading]]>
              </value>
            </param>
          </params>
          <exception class="java.lang.AssertionError">
            <message>
              <![CDATA[The following asserts failed:
expected [Lookout 2023-04.pdf] but found [Lookout 2023-04],
expected [PSC Newsletter 2023-03.pdf] but found [PSC Newsletter 2023-03]]]>
            </message>
            <full-stacktrace>
              <![CDATA[java.lang.AssertionError: The following asserts failed:
expected [Lookout 2023-04.pdf] but found [Lookout 2023-04],
expected [PSC Newsletter 2023-03.pdf] but found [PSC Newsletter 2023-03]
at org.testng.asserts.SoftAssert.assertAll(SoftAssert.java:47)
at org.testng.asserts.SoftAssert.assertAll(SoftAssert.java:31)
at testClass.VesselSearchOLD.vesselSearch(VesselSearchOLD.java:361)
at java.base/jdk.internal.reflect.NativeMethodAccessorImpl.invoke0(Native Method)
at java.base/jdk.internal.reflect.NativeMethodAccessorImpl.invoke(NativeMethodAccessorImpl.java:77)
at java.base/jdk.internal.reflect.DelegatingMethodAccessorImpl.invoke(DelegatingMethodAccessorImpl.java:43)
at java.base/java.lang.reflect.Method.invoke(Method.java:568)
at org.testng.internal.MethodInvocationHelper.invokeMethod(MethodInvocationHelper.java:133)
at org.testng.internal.TestInvoker.invokeMethod(TestInvoker.java:598)
at org.testng.internal.TestInvoker.invokeTestMethod(TestInvoker.java:173)
at org.testng.internal.MethodRunner.runInSequence(MethodRunner.java:46)
at org.testng.internal.TestInvoker$MethodInvocationAgent.invoke(TestInvoker.java:824)
at org.testng.internal.TestInvoker.invokeTestMethods(TestInvoker.java:146)
at org.testng.internal.TestMethodWorker.invokeTestMethods(TestMethodWorker.java:146)
at org.testng.internal.TestMethodWorker.run(TestMethodWorker.java:128)
at java.base/java.util.ArrayList.forEach(ArrayList.java:1511)
at org.testng.TestRunner.privateRun(TestRunner.java:794)
at org.testng.TestRunner.run(TestRunner.java:596)
at org.testng.SuiteRunner.runTest(SuiteRunner.java:377)
at org.testng.SuiteRunner.runSequentially(SuiteRunner.java:371)
at org.testng.SuiteRunner.privateRun(SuiteRunner.java:332)
at org.testng.SuiteRunner.run(SuiteRunner.java:276)
at org.testng.SuiteRunnerWorker.runSuite(SuiteRunnerWorker.java:53)
at org.testng.SuiteRunnerWorker.run(SuiteRunnerWorker.java:96)
at org.testng.TestNG.runSuitesSequentially(TestNG.java:1212)
at org.testng.TestNG.runSuitesLocally(TestNG.java:1134)
at org.testng.TestNG.runSuites(TestNG.java:1063)
at org.testng.TestNG.run(TestNG.java:1031)
at org.testng.remote.AbstractRemoteTestNG.run(AbstractRemoteTestNG.java:115)
at org.testng.remote.RemoteTestNG.initAndRun(RemoteTestNG.java:251)
at org.testng.remote.RemoteTestNG.main(RemoteTestNG.java:77)
]]>
            </full-stacktrace>
          </exception> <!-- java.lang.AssertionError -->
          <reporter-output>
          </reporter-output>
        </test-method> <!-- vesselSearch -->
        <test-method is-config="true" signature="AfterMethod()[pri:0, instance:testClass.VesselSearchOLD@48aca48b]" started-at="2024-03-07T13:17:52 IST" name="AfterMethod" finished-at="2024-03-07T13:17:52 IST" duration-ms="0" status="PASS">
          <reporter-output>
          </reporter-output>
        </test-method> <!-- AfterMethod -->
        <test-method signature="vesselSearch(java.lang.String,java.lang.String,java.lang.String,java.lang.String,java.lang.String,java.lang.String,java.lang.String,java.lang.String)[pri:0, instance:testClass.VesselSearchOLD@48aca48b]" started-at="2024-03-07T13:17:52 IST" name="vesselSearch" data-provider="Vesseldata" finished-at="2024-03-07T13:23:53 IST" duration-ms="361161" status="FAIL">
          <params>
            <param index="0">
              <value>
                <![CDATA[FBLJ]]>
              </value>
            </param>
            <param index="1">
              <value>
                <![CDATA[Federal Baltic]]>
              </value>
            </param>
            <param index="2">
              <value>
                <![CDATA[AVIC International Leasing.]]>
              </value>
            </param>
            <param index="3">
              <value>
                <![CDATA[Voyage Snapshot Load Successfully]]>
              </value>
            </param>
            <param index="4">
              <value>
                <![CDATA[Crew Info Load Successfully]]>
              </value>
            </param>
            <param index="5">
              <value>
                <![CDATA[Financial Load Successfully]]>
              </value>
            </param>
            <param index="6">
              <value>
                <![CDATA[Vessel Particulars Loading]]>
              </value>
            </param>
            <param index="7">
              <value>
                <![CDATA[Contect deatils loading]]>
              </value>
            </param>
          </params>
          <exception class="java.lang.AssertionError">
            <message>
              <![CDATA[The following asserts failed:
expected [Lookout 2023-04.pdf] but found [Lookout 2023-04],
expected [PSC Newsletter 2023-03.pdf] but found [PSC Newsletter 2023-03],
expected [Lookout 2017-04.pdf] but found [Lookout 2017-04],
expected [PSC Newsletter 2017-03.pdf] but found [PSC Newsletter 2017-03]]]>
            </message>
            <full-stacktrace>
              <![CDATA[java.lang.AssertionError: The following asserts failed:
expected [Lookout 2023-04.pdf] but found [Lookout 2023-04],
expected [PSC Newsletter 2023-03.pdf] but found [PSC Newsletter 2023-03],
expected [Lookout 2017-04.pdf] but found [Lookout 2017-04],
expected [PSC Newsletter 2017-03.pdf] but found [PSC Newsletter 2017-03]
at org.testng.asserts.SoftAssert.assertAll(SoftAssert.java:47)
at org.testng.asserts.SoftAssert.assertAll(SoftAssert.java:31)
at testClass.VesselSearchOLD.vesselSearch(VesselSearchOLD.java:361)
at java.base/jdk.internal.reflect.NativeMethodAccessorImpl.invoke0(Native Method)
at java.base/jdk.internal.reflect.NativeMethodAccessorImpl.invoke(NativeMethodAccessorImpl.java:77)
at java.base/jdk.internal.reflect.DelegatingMethodAccessorImpl.invoke(DelegatingMethodAccessorImpl.java:43)
at java.base/java.lang.reflect.Method.invoke(Method.java:568)
at org.testng.internal.MethodInvocationHelper.invokeMethod(MethodInvocationHelper.java:133)
at org.testng.internal.TestInvoker.invokeMethod(TestInvoker.java:598)
at org.testng.internal.TestInvoker.invokeTestMethod(TestInvoker.java:173)
at org.testng.internal.MethodRunner.runInSequence(MethodRunner.java:46)
at org.testng.internal.TestInvoker$MethodInvocationAgent.invoke(TestInvoker.java:824)
at org.testng.internal.TestInvoker.invokeTestMethods(TestInvoker.java:146)
at org.testng.internal.TestMethodWorker.invokeTestMethods(TestMethodWorker.java:146)
at org.testng.internal.TestMethodWorker.run(TestMethodWorker.java:128)
at java.base/java.util.ArrayList.forEach(ArrayList.java:1511)
at org.testng.TestRunner.privateRun(TestRunner.java:794)
at org.testng.TestRunner.run(TestRunner.java:596)
at org.testng.SuiteRunner.runTest(SuiteRunner.java:377)
at org.testng.SuiteRunner.runSequentially(SuiteRunner.java:371)
at org.testng.SuiteRunner.privateRun(SuiteRunner.java:332)
at org.testng.SuiteRunner.run(SuiteRunner.java:276)
at org.testng.SuiteRunnerWorker.runSuite(SuiteRunnerWorker.java:53)
at org.testng.SuiteRunnerWorker.run(SuiteRunnerWorker.java:96)
at org.testng.TestNG.runSuitesSequentially(TestNG.java:1212)
at org.testng.TestNG.runSuitesLocally(TestNG.java:1134)
at org.testng.TestNG.runSuites(TestNG.java:1063)
at org.testng.TestNG.run(TestNG.java:1031)
at org.testng.remote.AbstractRemoteTestNG.run(AbstractRemoteTestNG.java:115)
at org.testng.remote.RemoteTestNG.initAndRun(RemoteTestNG.java:251)
at org.testng.remote.RemoteTestNG.main(RemoteTestNG.java:77)
]]>
            </full-stacktrace>
          </exception> <!-- java.lang.AssertionError -->
          <reporter-output>
          </reporter-output>
        </test-method> <!-- vesselSearch -->
        <test-method signature="vesselSearch(java.lang.String,java.lang.String,java.lang.String,java.lang.String,java.lang.String,java.lang.String,java.lang.String,java.lang.String)[pri:0, instance:testClass.VesselSearchOLD@48aca48b]" started-at="2024-03-07T13:23:56 IST" name="vesselSearch" data-provider="Vesseldata" finished-at="2024-03-07T13:27:40 IST" duration-ms="223919" status="FAIL">
          <params>
            <param index="0">
              <value>
                <![CDATA[FCMJ]]>
              </value>
            </param>
            <param index="1">
              <value>
                <![CDATA[Federal Champlain]]>
              </value>
            </param>
            <param index="2">
              <value>
                <![CDATA[AMNS Shipping and Logistics Private Ltd.]]>
              </value>
            </param>
            <param index="3">
              <value>
                <![CDATA[Voyage Snapshot Load Successfully]]>
              </value>
            </param>
            <param index="4">
              <value>
                <![CDATA[Crew Info Load Successfully]]>
              </value>
            </param>
            <param index="5">
              <value>
                <![CDATA[Financial Load Successfully]]>
              </value>
            </param>
            <param index="6">
              <value>
                <![CDATA[Vessel Particulars Loading]]>
              </value>
            </param>
            <param index="7">
              <value>
                <![CDATA[Contect deatils loading]]>
              </value>
            </param>
          </params>
          <exception class="java.lang.AssertionError">
            <message>
              <![CDATA[The following asserts failed:
expected [Lookout 2023-04.pdf] but found [Lookout 2023-04],
expected [PSC Newsletter 2023-03.pdf] but found [PSC Newsletter 2023-03],
expected [Lookout 2017-04.pdf] but found [Lookout 2017-04],
expected [PSC Newsletter 2017-03.pdf] but found [PSC Newsletter 2017-03],
expected [Lookout 2017-04.pdf] but found [Lookout 2017-04],
expected [PSC Newsletter 2017-03.pdf] but found [PSC Newsletter 2017-03]]]>
            </message>
            <full-stacktrace>
              <![CDATA[java.lang.AssertionError: The following asserts failed:
expected [Lookout 2023-04.pdf] but found [Lookout 2023-04],
expected [PSC Newsletter 2023-03.pdf] but found [PSC Newsletter 2023-03],
expected [Lookout 2017-04.pdf] but found [Lookout 2017-04],
expected [PSC Newsletter 2017-03.pdf] but found [PSC Newsletter 2017-03],
expected [Lookout 2017-04.pdf] but found [Lookout 2017-04],
expected [PSC Newsletter 2017-03.pdf] but found [PSC Newsletter 2017-03]
at org.testng.asserts.SoftAssert.assertAll(SoftAssert.java:47)
at org.testng.asserts.SoftAssert.assertAll(SoftAssert.java:31)
at testClass.VesselSearchOLD.vesselSearch(VesselSearchOLD.java:361)
at java.base/jdk.internal.reflect.NativeMethodAccessorImpl.invoke0(Native Method)
at java.base/jdk.internal.reflect.NativeMethodAccessorImpl.invoke(NativeMethodAccessorImpl.java:77)
at java.base/jdk.internal.reflect.DelegatingMethodAccessorImpl.invoke(DelegatingMethodAccessorImpl.java:43)
at java.base/java.lang.reflect.Method.invoke(Method.java:568)
at org.testng.internal.MethodInvocationHelper.invokeMethod(MethodInvocationHelper.java:133)
at org.testng.internal.TestInvoker.invokeMethod(TestInvoker.java:598)
at org.testng.internal.TestInvoker.invokeTestMethod(TestInvoker.java:173)
at org.testng.internal.MethodRunner.runInSequence(MethodRunner.java:46)
at org.testng.internal.TestInvoker$MethodInvocationAgent.invoke(TestInvoker.java:824)
at org.testng.internal.TestInvoker.invokeTestMethods(TestInvoker.java:146)
at org.testng.internal.TestMethodWorker.invokeTestMethods(TestMethodWorker.java:146)
at org.testng.internal.TestMethodWorker.run(TestMethodWorker.java:128)
at java.base/java.util.ArrayList.forEach(ArrayList.java:1511)
at org.testng.TestRunner.privateRun(TestRunner.java:794)
at org.testng.TestRunner.run(TestRunner.java:596)
at org.testng.SuiteRunner.runTest(SuiteRunner.java:377)
at org.testng.SuiteRunner.runSequentially(SuiteRunner.java:371)
at org.testng.SuiteRunner.privateRun(SuiteRunner.java:332)
at org.testng.SuiteRunner.run(SuiteRunner.java:276)
at org.testng.SuiteRunnerWorker.runSuite(SuiteRunnerWorker.java:53)
at org.testng.SuiteRunnerWorker.run(SuiteRunnerWorker.java:96)
at org.testng.TestNG.runSuitesSequentially(TestNG.java:1212)
at org.testng.TestNG.runSuitesLocally(TestNG.java:1134)
at org.testng.TestNG.runSuites(TestNG.java:1063)
at org.testng.TestNG.run(TestNG.java:1031)
at org.testng.remote.AbstractRemoteTestNG.run(AbstractRemoteTestNG.java:115)
at org.testng.remote.RemoteTestNG.initAndRun(RemoteTestNG.java:251)
at org.testng.remote.RemoteTestNG.main(RemoteTestNG.java:77)
]]>
            </full-stacktrace>
          </exception> <!-- java.lang.AssertionError -->
          <reporter-output>
          </reporter-output>
        </test-method> <!-- vesselSearch -->
        <test-method is-config="true" signature="AfterMethod()[pri:0, instance:testClass.VesselSearchOLD@48aca48b]" started-at="2024-03-07T13:23:56 IST" name="AfterMethod" finished-at="2024-03-07T13:23:56 IST" duration-ms="0" status="PASS">
          <reporter-output>
          </reporter-output>
        </test-method> <!-- AfterMethod -->
        <test-method signature="vesselSearch(java.lang.String,java.lang.String,java.lang.String,java.lang.String,java.lang.String,java.lang.String,java.lang.String,java.lang.String)[pri:0, instance:testClass.VesselSearchOLD@48aca48b]" started-at="2024-03-07T13:27:41 IST" name="vesselSearch" data-provider="Vesseldata" finished-at="2024-03-07T13:31:36 IST" duration-ms="234390" status="FAIL">
          <params>
            <param index="0">
              <value>
                <![CDATA[FCUJ]]>
              </value>
            </param>
            <param index="1">
              <value>
                <![CDATA[Federal Churchill]]>
              </value>
            </param>
            <param index="2">
              <value>
                <![CDATA[AMNS Shipping and Logistics Private Ltd.]]>
              </value>
            </param>
            <param index="3">
              <value>
                <![CDATA[Voyage Snapshot Load Successfully]]>
              </value>
            </param>
            <param index="4">
              <value>
                <![CDATA[Crew Info Load Successfully]]>
              </value>
            </param>
            <param index="5">
              <value>
                <![CDATA[Financial Load Successfully]]>
              </value>
            </param>
            <param index="6">
              <value>
                <![CDATA[Vessel Particulars Loading]]>
              </value>
            </param>
            <param index="7">
              <value>
                <![CDATA[Contect deatils loading]]>
              </value>
            </param>
          </params>
          <exception class="java.lang.AssertionError">
            <message>
              <![CDATA[The following asserts failed:
expected [Lookout 2023-04.pdf] but found [Lookout 2023-04],
expected [PSC Newsletter 2023-03.pdf] but found [PSC Newsletter 2023-03],
expected [Lookout 2017-04.pdf] but found [Lookout 2017-04],
expected [PSC Newsletter 2017-03.pdf] but found [PSC Newsletter 2017-03],
expected [Lookout 2017-04.pdf] but found [Lookout 2017-04],
expected [PSC Newsletter 2017-03.pdf] but found [PSC Newsletter 2017-03],
PlannedOff Matched expected [2] but found [4],
expected [Lookout 2017-04.pdf] but found [Lookout 2017-04],
expected [PSC Newsletter 2017-03.pdf] but found [PSC Newsletter 2017-03]]]>
            </message>
            <full-stacktrace>
              <![CDATA[java.lang.AssertionError: The following asserts failed:
expected [Lookout 2023-04.pdf] but found [Lookout 2023-04],
expected [PSC Newsletter 2023-03.pdf] but found [PSC Newsletter 2023-03],
expected [Lookout 2017-04.pdf] but found [Lookout 2017-04],
expected [PSC Newsletter 2017-03.pdf] but found [PSC Newsletter 2017-03],
expected [Lookout 2017-04.pdf] but found [Lookout 2017-04],
expected [PSC Newsletter 2017-03.pdf] but found [PSC Newsletter 2017-03],
PlannedOff Matched expected [2] but found [4],
expected [Lookout 2017-04.pdf] but found [Lookout 2017-04],
expected [PSC Newsletter 2017-03.pdf] but found [PSC Newsletter 2017-03]
at org.testng.asserts.SoftAssert.assertAll(SoftAssert.java:47)
at org.testng.asserts.SoftAssert.assertAll(SoftAssert.java:31)
at testClass.VesselSearchOLD.vesselSearch(VesselSearchOLD.java:361)
at java.base/jdk.internal.reflect.NativeMethodAccessorImpl.invoke0(Native Method)
at java.base/jdk.internal.reflect.NativeMethodAccessorImpl.invoke(NativeMethodAccessorImpl.java:77)
at java.base/jdk.internal.reflect.DelegatingMethodAccessorImpl.invoke(DelegatingMethodAccessorImpl.java:43)
at java.base/java.lang.reflect.Method.invoke(Method.java:568)
at org.testng.internal.MethodInvocationHelper.invokeMethod(MethodInvocationHelper.java:133)
at org.testng.internal.TestInvoker.invokeMethod(TestInvoker.java:598)
at org.testng.internal.TestInvoker.invokeTestMethod(TestInvoker.java:173)
at org.testng.internal.MethodRunner.runInSequence(MethodRunner.java:46)
at org.testng.internal.TestInvoker$MethodInvocationAgent.invoke(TestInvoker.java:824)
at org.testng.internal.TestInvoker.invokeTestMethods(TestInvoker.java:146)
at org.testng.internal.TestMethodWorker.invokeTestMethods(TestMethodWorker.java:146)
at org.testng.internal.TestMethodWorker.run(TestMethodWorker.java:128)
at java.base/java.util.ArrayList.forEach(ArrayList.java:1511)
at org.testng.TestRunner.privateRun(TestRunner.java:794)
at org.testng.TestRunner.run(TestRunner.java:596)
at org.testng.SuiteRunner.runTest(SuiteRunner.java:377)
at org.testng.SuiteRunner.runSequentially(SuiteRunner.java:371)
at org.testng.SuiteRunner.privateRun(SuiteRunner.java:332)
at org.testng.SuiteRunner.run(SuiteRunner.java:276)
at org.testng.SuiteRunnerWorker.runSuite(SuiteRunnerWorker.java:53)
at org.testng.SuiteRunnerWorker.run(SuiteRunnerWorker.java:96)
at org.testng.TestNG.runSuitesSequentially(TestNG.java:1212)
at org.testng.TestNG.runSuitesLocally(TestNG.java:1134)
at org.testng.TestNG.runSuites(TestNG.java:1063)
at org.testng.TestNG.run(TestNG.java:1031)
at org.testng.remote.AbstractRemoteTestNG.run(AbstractRemoteTestNG.java:115)
at org.testng.remote.RemoteTestNG.initAndRun(RemoteTestNG.java:251)
at org.testng.remote.RemoteTestNG.main(RemoteTestNG.java:77)
]]>
            </full-stacktrace>
          </exception> <!-- java.lang.AssertionError -->
          <reporter-output>
          </reporter-output>
        </test-method> <!-- vesselSearch -->
        <test-method is-config="true" signature="AfterMethod()[pri:0, instance:testClass.VesselSearchOLD@48aca48b]" started-at="2024-03-07T13:27:41 IST" name="AfterMethod" finished-at="2024-03-07T13:27:41 IST" duration-ms="0" status="PASS">
          <reporter-output>
          </reporter-output>
        </test-method> <!-- AfterMethod -->
        <test-method is-config="true" signature="AfterMethod()[pri:0, instance:testClass.VesselSearchOLD@48aca48b]" started-at="2024-03-07T13:31:39 IST" name="AfterMethod" finished-at="2024-03-07T13:31:39 IST" duration-ms="7" status="PASS">
          <reporter-output>
          </reporter-output>
        </test-method> <!-- AfterMethod -->
        <test-method signature="vesselSearch(java.lang.String,java.lang.String,java.lang.String,java.lang.String,java.lang.String,java.lang.String,java.lang.String,java.lang.String)[pri:0, instance:testClass.VesselSearchOLD@48aca48b]" started-at="2024-03-07T13:31:39 IST" name="vesselSearch" data-provider="Vesseldata" finished-at="2024-03-07T13:35:56 IST" duration-ms="256804" status="FAIL">
          <params>
            <param index="0">
              <value>
                <![CDATA[FRDJ]]>
              </value>
            </param>
            <param index="1">
              <value>
                <![CDATA[Federal Delta]]>
              </value>
            </param>
            <param index="2">
              <value>
                <![CDATA[AVIC International Leasing.]]>
              </value>
            </param>
            <param index="3">
              <value>
                <![CDATA[Voyage Snapshot Load Successfully]]>
              </value>
            </param>
            <param index="4">
              <value>
                <![CDATA[Crew Info Load Successfully]]>
              </value>
            </param>
            <param index="5">
              <value>
                <![CDATA[Financial Load Successfully]]>
              </value>
            </param>
            <param index="6">
              <value>
                <![CDATA[Vessel Particulars Loading]]>
              </value>
            </param>
            <param index="7">
              <value>
                <![CDATA[Contect deatils loading]]>
              </value>
            </param>
          </params>
          <exception class="java.lang.AssertionError">
            <message>
              <![CDATA[The following asserts failed:
expected [Lookout 2023-04.pdf] but found [Lookout 2023-04],
expected [PSC Newsletter 2023-03.pdf] but found [PSC Newsletter 2023-03],
expected [Lookout 2017-04.pdf] but found [Lookout 2017-04],
expected [PSC Newsletter 2017-03.pdf] but found [PSC Newsletter 2017-03],
expected [Lookout 2017-04.pdf] but found [Lookout 2017-04],
expected [PSC Newsletter 2017-03.pdf] but found [PSC Newsletter 2017-03],
PlannedOff Matched expected [2] but found [4],
expected [Lookout 2017-04.pdf] but found [Lookout 2017-04],
expected [PSC Newsletter 2017-03.pdf] but found [PSC Newsletter 2017-03],
expected [Lookout 2017-04.pdf] but found [Lookout 2017-04],
expected [PSC Newsletter 2017-03.pdf] but found [PSC Newsletter 2017-03]]]>
            </message>
            <full-stacktrace>
              <![CDATA[java.lang.AssertionError: The following asserts failed:
expected [Lookout 2023-04.pdf] but found [Lookout 2023-04],
expected [PSC Newsletter 2023-03.pdf] but found [PSC Newsletter 2023-03],
expected [Lookout 2017-04.pdf] but found [Lookout 2017-04],
expected [PSC Newsletter 2017-03.pdf] but found [PSC Newsletter 2017-03],
expected [Lookout 2017-04.pdf] but found [Lookout 2017-04],
expected [PSC Newsletter 2017-03.pdf] but found [PSC Newsletter 2017-03],
PlannedOff Matched expected [2] but found [4],
expected [Lookout 2017-04.pdf] but found [Lookout 2017-04],
expected [PSC Newsletter 2017-03.pdf] but found [PSC Newsletter 2017-03],
expected [Lookout 2017-04.pdf] but found [Lookout 2017-04],
expected [PSC Newsletter 2017-03.pdf] but found [PSC Newsletter 2017-03]
at org.testng.asserts.SoftAssert.assertAll(SoftAssert.java:47)
at org.testng.asserts.SoftAssert.assertAll(SoftAssert.java:31)
at testClass.VesselSearchOLD.vesselSearch(VesselSearchOLD.java:361)
at java.base/jdk.internal.reflect.NativeMethodAccessorImpl.invoke0(Native Method)
at java.base/jdk.internal.reflect.NativeMethodAccessorImpl.invoke(NativeMethodAccessorImpl.java:77)
at java.base/jdk.internal.reflect.DelegatingMethodAccessorImpl.invoke(DelegatingMethodAccessorImpl.java:43)
at java.base/java.lang.reflect.Method.invoke(Method.java:568)
at org.testng.internal.MethodInvocationHelper.invokeMethod(MethodInvocationHelper.java:133)
at org.testng.internal.TestInvoker.invokeMethod(TestInvoker.java:598)
at org.testng.internal.TestInvoker.invokeTestMethod(TestInvoker.java:173)
at org.testng.internal.MethodRunner.runInSequence(MethodRunner.java:46)
at org.testng.internal.TestInvoker$MethodInvocationAgent.invoke(TestInvoker.java:824)
at org.testng.internal.TestInvoker.invokeTestMethods(TestInvoker.java:146)
at org.testng.internal.TestMethodWorker.invokeTestMethods(TestMethodWorker.java:146)
at org.testng.internal.TestMethodWorker.run(TestMethodWorker.java:128)
at java.base/java.util.ArrayList.forEach(ArrayList.java:1511)
at org.testng.TestRunner.privateRun(TestRunner.java:794)
at org.testng.TestRunner.run(TestRunner.java:596)
at org.testng.SuiteRunner.runTest(SuiteRunner.java:377)
at org.testng.SuiteRunner.runSequentially(SuiteRunner.java:371)
at org.testng.SuiteRunner.privateRun(SuiteRunner.java:332)
at org.testng.SuiteRunner.run(SuiteRunner.java:276)
at org.testng.SuiteRunnerWorker.runSuite(SuiteRunnerWorker.java:53)
at org.testng.SuiteRunnerWorker.run(SuiteRunnerWorker.java:96)
at org.testng.TestNG.runSuitesSequentially(TestNG.java:1212)
at org.testng.TestNG.runSuitesLocally(TestNG.java:1134)
at org.testng.TestNG.runSuites(TestNG.java:1063)
at org.testng.TestNG.run(TestNG.java:1031)
at org.testng.remote.AbstractRemoteTestNG.run(AbstractRemoteTestNG.java:115)
at org.testng.remote.RemoteTestNG.initAndRun(RemoteTestNG.java:251)
at org.testng.remote.RemoteTestNG.main(RemoteTestNG.java:77)
]]>
            </full-stacktrace>
          </exception> <!-- java.lang.AssertionError -->
          <reporter-output>
          </reporter-output>
        </test-method> <!-- vesselSearch -->
        <test-method signature="vesselSearch(java.lang.String,java.lang.String,java.lang.String,java.lang.String,java.lang.String,java.lang.String,java.lang.String,java.lang.String)[pri:0, instance:testClass.VesselSearchOLD@48aca48b]" started-at="2024-03-07T13:35:58 IST" name="vesselSearch" data-provider="Vesseldata" finished-at="2024-03-07T13:39:58 IST" duration-ms="239918" status="FAIL">
          <params>
            <param index="0">
              <value>
                <![CDATA[FHSJ]]>
              </value>
            </param>
            <param index="1">
              <value>
                <![CDATA[Federal Hudson]]>
              </value>
            </param>
            <param index="2">
              <value>
                <![CDATA[AMNS Shipping and Logistics Private Ltd.]]>
              </value>
            </param>
            <param index="3">
              <value>
                <![CDATA[Voyage Snapshot Load Successfully]]>
              </value>
            </param>
            <param index="4">
              <value>
                <![CDATA[Crew Info Load Successfully]]>
              </value>
            </param>
            <param index="5">
              <value>
                <![CDATA[Financial Load Successfully]]>
              </value>
            </param>
            <param index="6">
              <value>
                <![CDATA[Vessel Particulars Loading]]>
              </value>
            </param>
            <param index="7">
              <value>
                <![CDATA[Contect deatils loading]]>
              </value>
            </param>
          </params>
          <exception class="java.lang.AssertionError">
            <message>
              <![CDATA[The following asserts failed:
expected [Lookout 2023-04.pdf] but found [Lookout 2023-04],
expected [PSC Newsletter 2023-03.pdf] but found [PSC Newsletter 2023-03],
expected [Lookout 2017-04.pdf] but found [Lookout 2017-04],
expected [PSC Newsletter 2017-03.pdf] but found [PSC Newsletter 2017-03],
expected [Lookout 2017-04.pdf] but found [Lookout 2017-04],
expected [PSC Newsletter 2017-03.pdf] but found [PSC Newsletter 2017-03],
PlannedOff Matched expected [2] but found [4],
expected [Lookout 2017-04.pdf] but found [Lookout 2017-04],
expected [PSC Newsletter 2017-03.pdf] but found [PSC Newsletter 2017-03],
expected [Lookout 2017-04.pdf] but found [Lookout 2017-04],
expected [PSC Newsletter 2017-03.pdf] but found [PSC Newsletter 2017-03],
expected [Lookout 2017-04.pdf] but found [Lookout 2017-04],
expected [PSC Newsletter 2017-03.pdf] but found [PSC Newsletter 2017-03]]]>
            </message>
            <full-stacktrace>
              <![CDATA[java.lang.AssertionError: The following asserts failed:
expected [Lookout 2023-04.pdf] but found [Lookout 2023-04],
expected [PSC Newsletter 2023-03.pdf] but found [PSC Newsletter 2023-03],
expected [Lookout 2017-04.pdf] but found [Lookout 2017-04],
expected [PSC Newsletter 2017-03.pdf] but found [PSC Newsletter 2017-03],
expected [Lookout 2017-04.pdf] but found [Lookout 2017-04],
expected [PSC Newsletter 2017-03.pdf] but found [PSC Newsletter 2017-03],
PlannedOff Matched expected [2] but found [4],
expected [Lookout 2017-04.pdf] but found [Lookout 2017-04],
expected [PSC Newsletter 2017-03.pdf] but found [PSC Newsletter 2017-03],
expected [Lookout 2017-04.pdf] but found [Lookout 2017-04],
expected [PSC Newsletter 2017-03.pdf] but found [PSC Newsletter 2017-03],
expected [Lookout 2017-04.pdf] but found [Lookout 2017-04],
expected [PSC Newsletter 2017-03.pdf] but found [PSC Newsletter 2017-03]
at org.testng.asserts.SoftAssert.assertAll(SoftAssert.java:47)
at org.testng.asserts.SoftAssert.assertAll(SoftAssert.java:31)
at testClass.VesselSearchOLD.vesselSearch(VesselSearchOLD.java:361)
at java.base/jdk.internal.reflect.NativeMethodAccessorImpl.invoke0(Native Method)
at java.base/jdk.internal.reflect.NativeMethodAccessorImpl.invoke(NativeMethodAccessorImpl.java:77)
at java.base/jdk.internal.reflect.DelegatingMethodAccessorImpl.invoke(DelegatingMethodAccessorImpl.java:43)
at java.base/java.lang.reflect.Method.invoke(Method.java:568)
at org.testng.internal.MethodInvocationHelper.invokeMethod(MethodInvocationHelper.java:133)
at org.testng.internal.TestInvoker.invokeMethod(TestInvoker.java:598)
at org.testng.internal.TestInvoker.invokeTestMethod(TestInvoker.java:173)
at org.testng.internal.MethodRunner.runInSequence(MethodRunner.java:46)
at org.testng.internal.TestInvoker$MethodInvocationAgent.invoke(TestInvoker.java:824)
at org.testng.internal.TestInvoker.invokeTestMethods(TestInvoker.java:146)
at org.testng.internal.TestMethodWorker.invokeTestMethods(TestMethodWorker.java:146)
at org.testng.internal.TestMethodWorker.run(TestMethodWorker.java:128)
at java.base/java.util.ArrayList.forEach(ArrayList.java:1511)
at org.testng.TestRunner.privateRun(TestRunner.java:794)
at org.testng.TestRunner.run(TestRunner.java:596)
at org.testng.SuiteRunner.runTest(SuiteRunner.java:377)
at org.testng.SuiteRunner.runSequentially(SuiteRunner.java:371)
at org.testng.SuiteRunner.privateRun(SuiteRunner.java:332)
at org.testng.SuiteRunner.run(SuiteRunner.java:276)
at org.testng.SuiteRunnerWorker.runSuite(SuiteRunnerWorker.java:53)
at org.testng.SuiteRunnerWorker.run(SuiteRunnerWorker.java:96)
at org.testng.TestNG.runSuitesSequentially(TestNG.java:1212)
at org.testng.TestNG.runSuitesLocally(TestNG.java:1134)
at org.testng.TestNG.runSuites(TestNG.java:1063)
at org.testng.TestNG.run(TestNG.java:1031)
at org.testng.remote.AbstractRemoteTestNG.run(AbstractRemoteTestNG.java:115)
at org.testng.remote.RemoteTestNG.initAndRun(RemoteTestNG.java:251)
at org.testng.remote.RemoteTestNG.main(RemoteTestNG.java:77)
]]>
            </full-stacktrace>
          </exception> <!-- java.lang.AssertionError -->
          <reporter-output>
          </reporter-output>
        </test-method> <!-- vesselSearch -->
        <test-method is-config="true" signature="AfterMethod()[pri:0, instance:testClass.VesselSearchOLD@48aca48b]" started-at="2024-03-07T13:35:58 IST" name="AfterMethod" finished-at="2024-03-07T13:35:58 IST" duration-ms="0" status="PASS">
          <reporter-output>
          </reporter-output>
        </test-method> <!-- AfterMethod -->
        <test-method is-config="true" signature="AfterMethod()[pri:0, instance:testClass.VesselSearchOLD@48aca48b]" started-at="2024-03-07T13:40:01 IST" name="AfterMethod" finished-at="2024-03-07T13:40:01 IST" duration-ms="0" status="PASS">
          <reporter-output>
          </reporter-output>
        </test-method> <!-- AfterMethod -->
        <test-method signature="vesselSearch(java.lang.String,java.lang.String,java.lang.String,java.lang.String,java.lang.String,java.lang.String,java.lang.String,java.lang.String)[pri:0, instance:testClass.VesselSearchOLD@48aca48b]" started-at="2024-03-07T13:40:01 IST" name="vesselSearch" data-provider="Vesseldata" finished-at="2024-03-07T13:40:34 IST" duration-ms="32967" status="FAIL">
          <params>
            <param index="0">
              <value>
                <![CDATA[FTBJ]]>
              </value>
            </param>
            <param index="1">
              <value>
                <![CDATA[Federal Thunder Bay]]>
              </value>
            </param>
            <param index="2">
              <value>
                <![CDATA[AVIC International Leasing.]]>
              </value>
            </param>
            <param index="3">
              <value>
                <![CDATA[Voyage Snapshot Load Successfully]]>
              </value>
            </param>
            <param index="4">
              <value>
                <![CDATA[Crew Info Load Successfully]]>
              </value>
            </param>
            <param index="5">
              <value>
                <![CDATA[Financial Not Loading]]>
              </value>
            </param>
            <param index="6">
              <value>
                <![CDATA[Vessel Particulars Loading]]>
              </value>
            </param>
            <param index="7">
              <value>
                <![CDATA[Contect deatils loading]]>
              </value>
            </param>
          </params>
          <exception class="java.lang.AssertionError">
            <message>
              <![CDATA[vessel not founded in list expected [true] but found [false]]]>
            </message>
            <full-stacktrace>
              <![CDATA[java.lang.AssertionError: vessel not founded in list expected [true] but found [false]
at org.testng.Assert.fail(Assert.java:99)
at org.testng.Assert.failNotEquals(Assert.java:1037)
at org.testng.Assert.assertTrue(Assert.java:45)
at testClass.VesselSearchOLD.vesselSearch(VesselSearchOLD.java:73)
at java.base/jdk.internal.reflect.NativeMethodAccessorImpl.invoke0(Native Method)
at java.base/jdk.internal.reflect.NativeMethodAccessorImpl.invoke(NativeMethodAccessorImpl.java:77)
at java.base/jdk.internal.reflect.DelegatingMethodAccessorImpl.invoke(DelegatingMethodAccessorImpl.java:43)
at java.base/java.lang.reflect.Method.invoke(Method.java:568)
at org.testng.internal.MethodInvocationHelper.invokeMethod(MethodInvocationHelper.java:133)
at org.testng.internal.TestInvoker.invokeMethod(TestInvoker.java:598)
at org.testng.internal.TestInvoker.invokeTestMethod(TestInvoker.java:173)
at org.testng.internal.MethodRunner.runInSequence(MethodRunner.java:46)
at org.testng.internal.TestInvoker$MethodInvocationAgent.invoke(TestInvoker.java:824)
at org.testng.internal.TestInvoker.invokeTestMethods(TestInvoker.java:146)
at org.testng.internal.TestMethodWorker.invokeTestMethods(TestMethodWorker.java:146)
at org.testng.internal.TestMethodWorker.run(TestMethodWorker.java:128)
at java.base/java.util.ArrayList.forEach(ArrayList.java:1511)
at org.testng.TestRunner.privateRun(TestRunner.java:794)
at org.testng.TestRunner.run(TestRunner.java:596)
at org.testng.SuiteRunner.runTest(SuiteRunner.java:377)
at org.testng.SuiteRunner.runSequentially(SuiteRunner.java:371)
at org.testng.SuiteRunner.privateRun(SuiteRunner.java:332)
at org.testng.SuiteRunner.run(SuiteRunner.java:276)
at org.testng.SuiteRunnerWorker.runSuite(SuiteRunnerWorker.java:53)
at org.testng.SuiteRunnerWorker.run(SuiteRunnerWorker.java:96)
at org.testng.TestNG.runSuitesSequentially(TestNG.java:1212)
at org.testng.TestNG.runSuitesLocally(TestNG.java:1134)
at org.testng.TestNG.runSuites(TestNG.java:1063)
at org.testng.TestNG.run(TestNG.java:1031)
at org.testng.remote.AbstractRemoteTestNG.run(AbstractRemoteTestNG.java:115)
at org.testng.remote.RemoteTestNG.initAndRun(RemoteTestNG.java:251)
at org.testng.remote.RemoteTestNG.main(RemoteTestNG.java:77)
]]>
            </full-stacktrace>
          </exception> <!-- java.lang.AssertionError -->
          <reporter-output>
          </reporter-output>
        </test-method> <!-- vesselSearch -->
        <test-method is-config="true" signature="AfterMethod()[pri:0, instance:testClass.VesselSearchOLD@48aca48b]" started-at="2024-03-07T13:40:34 IST" name="AfterMethod" finished-at="2024-03-07T13:40:34 IST" duration-ms="0" status="PASS">
          <reporter-output>
          </reporter-output>
        </test-method> <!-- AfterMethod -->
        <test-method signature="vesselSearch(java.lang.String,java.lang.String,java.lang.String,java.lang.String,java.lang.String,java.lang.String,java.lang.String,java.lang.String)[pri:0, instance:testClass.VesselSearchOLD@48aca48b]" started-at="2024-03-07T13:40:34 IST" name="vesselSearch" data-provider="Vesseldata" finished-at="2024-03-07T13:44:22 IST" duration-ms="228530" status="FAIL">
          <params>
            <param index="0">
              <value>
                <![CDATA[FYSJ]]>
              </value>
            </param>
            <param index="1">
              <value>
                <![CDATA[Federal Yoshino]]>
              </value>
            </param>
            <param index="2">
              <value>
                <![CDATA[AMNS Shipping and Logistics Private Ltd.]]>
              </value>
            </param>
            <param index="3">
              <value>
                <![CDATA[Voyage Snapshot Load Successfully]]>
              </value>
            </param>
            <param index="4">
              <value>
                <![CDATA[Crew Info Load Successfully]]>
              </value>
            </param>
            <param index="5">
              <value>
                <![CDATA[Financial Load Successfully]]>
              </value>
            </param>
            <param index="6">
              <value>
                <![CDATA[Vessel Particulars Loading]]>
              </value>
            </param>
            <param index="7">
              <value>
                <![CDATA[Contect deatils loading]]>
              </value>
            </param>
          </params>
          <exception class="java.lang.AssertionError">
            <message>
              <![CDATA[The following asserts failed:
expected [Lookout 2023-04.pdf] but found [Lookout 2023-04],
expected [PSC Newsletter 2023-03.pdf] but found [PSC Newsletter 2023-03],
expected [Lookout 2017-04.pdf] but found [Lookout 2017-04],
expected [PSC Newsletter 2017-03.pdf] but found [PSC Newsletter 2017-03],
expected [Lookout 2017-04.pdf] but found [Lookout 2017-04],
expected [PSC Newsletter 2017-03.pdf] but found [PSC Newsletter 2017-03],
PlannedOff Matched expected [2] but found [4],
expected [Lookout 2017-04.pdf] but found [Lookout 2017-04],
expected [PSC Newsletter 2017-03.pdf] but found [PSC Newsletter 2017-03],
expected [Lookout 2017-04.pdf] but found [Lookout 2017-04],
expected [PSC Newsletter 2017-03.pdf] but found [PSC Newsletter 2017-03],
expected [Lookout 2017-04.pdf] but found [Lookout 2017-04],
expected [PSC Newsletter 2017-03.pdf] but found [PSC Newsletter 2017-03],
expected [Lookout 2017-04.pdf] but found [Lookout 2017-04],
expected [PSC Newsletter 2017-03.pdf] but found [PSC Newsletter 2017-03]]]>
            </message>
            <full-stacktrace>
              <![CDATA[java.lang.AssertionError: The following asserts failed:
expected [Lookout 2023-04.pdf] but found [Lookout 2023-04],
expected [PSC Newsletter 2023-03.pdf] but found [PSC Newsletter 2023-03],
expected [Lookout 2017-04.pdf] but found [Lookout 2017-04],
expected [PSC Newsletter 2017-03.pdf] but found [PSC Newsletter 2017-03],
expected [Lookout 2017-04.pdf] but found [Lookout 2017-04],
expected [PSC Newsletter 2017-03.pdf] but found [PSC Newsletter 2017-03],
PlannedOff Matched expected [2] but found [4],
expected [Lookout 2017-04.pdf] but found [Lookout 2017-04],
expected [PSC Newsletter 2017-03.pdf] but found [PSC Newsletter 2017-03],
expected [Lookout 2017-04.pdf] but found [Lookout 2017-04],
expected [PSC Newsletter 2017-03.pdf] but found [PSC Newsletter 2017-03],
expected [Lookout 2017-04.pdf] but found [Lookout 2017-04],
expected [PSC Newsletter 2017-03.pdf] but found [PSC Newsletter 2017-03],
expected [Lookout 2017-04.pdf] but found [Lookout 2017-04],
expected [PSC Newsletter 2017-03.pdf] but found [PSC Newsletter 2017-03]
at org.testng.asserts.SoftAssert.assertAll(SoftAssert.java:47)
at org.testng.asserts.SoftAssert.assertAll(SoftAssert.java:31)
at testClass.VesselSearchOLD.vesselSearch(VesselSearchOLD.java:361)
at java.base/jdk.internal.reflect.NativeMethodAccessorImpl.invoke0(Native Method)
at java.base/jdk.internal.reflect.NativeMethodAccessorImpl.invoke(NativeMethodAccessorImpl.java:77)
at java.base/jdk.internal.reflect.DelegatingMethodAccessorImpl.invoke(DelegatingMethodAccessorImpl.java:43)
at java.base/java.lang.reflect.Method.invoke(Method.java:568)
at org.testng.internal.MethodInvocationHelper.invokeMethod(MethodInvocationHelper.java:133)
at org.testng.internal.TestInvoker.invokeMethod(TestInvoker.java:598)
at org.testng.internal.TestInvoker.invokeTestMethod(TestInvoker.java:173)
at org.testng.internal.MethodRunner.runInSequence(MethodRunner.java:46)
at org.testng.internal.TestInvoker$MethodInvocationAgent.invoke(TestInvoker.java:824)
at org.testng.internal.TestInvoker.invokeTestMethods(TestInvoker.java:146)
at org.testng.internal.TestMethodWorker.invokeTestMethods(TestMethodWorker.java:146)
at org.testng.internal.TestMethodWorker.run(TestMethodWorker.java:128)
at java.base/java.util.ArrayList.forEach(ArrayList.java:1511)
at org.testng.TestRunner.privateRun(TestRunner.java:794)
at org.testng.TestRunner.run(TestRunner.java:596)
at org.testng.SuiteRunner.runTest(SuiteRunner.java:377)
at org.testng.SuiteRunner.runSequentially(SuiteRunner.java:371)
at org.testng.SuiteRunner.privateRun(SuiteRunner.java:332)
at org.testng.SuiteRunner.run(SuiteRunner.java:276)
at org.testng.SuiteRunnerWorker.runSuite(SuiteRunnerWorker.java:53)
at org.testng.SuiteRunnerWorker.run(SuiteRunnerWorker.java:96)
at org.testng.TestNG.runSuitesSequentially(TestNG.java:1212)
at org.testng.TestNG.runSuitesLocally(TestNG.java:1134)
at org.testng.TestNG.runSuites(TestNG.java:1063)
at org.testng.TestNG.run(TestNG.java:1031)
at org.testng.remote.AbstractRemoteTestNG.run(AbstractRemoteTestNG.java:115)
at org.testng.remote.RemoteTestNG.initAndRun(RemoteTestNG.java:251)
at org.testng.remote.RemoteTestNG.main(RemoteTestNG.java:77)
]]>
            </full-stacktrace>
          </exception> <!-- java.lang.AssertionError -->
          <reporter-output>
          </reporter-output>
        </test-method> <!-- vesselSearch -->
        <test-method is-config="true" signature="AfterMethod()[pri:0, instance:testClass.VesselSearchOLD@48aca48b]" started-at="2024-03-07T13:44:25 IST" name="AfterMethod" finished-at="2024-03-07T13:44:25 IST" duration-ms="1" status="PASS">
          <reporter-output>
          </reporter-output>
        </test-method> <!-- AfterMethod -->
        <test-method is-config="true" signature="endTest()[pri:0, instance:testClass.VesselSearchOLD@48aca48b]" started-at="2024-03-07T13:44:25 IST" name="endTest" finished-at="2024-03-07T13:44:25 IST" duration-ms="0" status="FAIL">
          <exception class="java.lang.AssertionError">
            <message>
              <![CDATA[The following asserts failed:
expected [Lookout 2023-04.pdf] but found [Lookout 2023-04],
expected [PSC Newsletter 2023-03.pdf] but found [PSC Newsletter 2023-03],
expected [Lookout 2017-04.pdf] but found [Lookout 2017-04],
expected [PSC Newsletter 2017-03.pdf] but found [PSC Newsletter 2017-03],
expected [Lookout 2017-04.pdf] but found [Lookout 2017-04],
expected [PSC Newsletter 2017-03.pdf] but found [PSC Newsletter 2017-03],
PlannedOff Matched expected [2] but found [4],
expected [Lookout 2017-04.pdf] but found [Lookout 2017-04],
expected [PSC Newsletter 2017-03.pdf] but found [PSC Newsletter 2017-03],
expected [Lookout 2017-04.pdf] but found [Lookout 2017-04],
expected [PSC Newsletter 2017-03.pdf] but found [PSC Newsletter 2017-03],
expected [Lookout 2017-04.pdf] but found [Lookout 2017-04],
expected [PSC Newsletter 2017-03.pdf] but found [PSC Newsletter 2017-03],
expected [Lookout 2017-04.pdf] but found [Lookout 2017-04],
expected [PSC Newsletter 2017-03.pdf] but found [PSC Newsletter 2017-03]]]>
            </message>
            <full-stacktrace>
              <![CDATA[java.lang.AssertionError: The following asserts failed:
expected [Lookout 2023-04.pdf] but found [Lookout 2023-04],
expected [PSC Newsletter 2023-03.pdf] but found [PSC Newsletter 2023-03],
expected [Lookout 2017-04.pdf] but found [Lookout 2017-04],
expected [PSC Newsletter 2017-03.pdf] but found [PSC Newsletter 2017-03],
expected [Lookout 2017-04.pdf] but found [Lookout 2017-04],
expected [PSC Newsletter 2017-03.pdf] but found [PSC Newsletter 2017-03],
PlannedOff Matched expected [2] but found [4],
expected [Lookout 2017-04.pdf] but found [Lookout 2017-04],
expected [PSC Newsletter 2017-03.pdf] but found [PSC Newsletter 2017-03],
expected [Lookout 2017-04.pdf] but found [Lookout 2017-04],
expected [PSC Newsletter 2017-03.pdf] but found [PSC Newsletter 2017-03],
expected [Lookout 2017-04.pdf] but found [Lookout 2017-04],
expected [PSC Newsletter 2017-03.pdf] but found [PSC Newsletter 2017-03],
expected [Lookout 2017-04.pdf] but found [Lookout 2017-04],
expected [PSC Newsletter 2017-03.pdf] but found [PSC Newsletter 2017-03]
at org.testng.asserts.SoftAssert.assertAll(SoftAssert.java:47)
at org.testng.asserts.SoftAssert.assertAll(SoftAssert.java:31)
at testClass.VesselSearchOLD.endTest(VesselSearchOLD.java:387)
at java.base/jdk.internal.reflect.NativeMethodAccessorImpl.invoke0(Native Method)
at java.base/jdk.internal.reflect.NativeMethodAccessorImpl.invoke(NativeMethodAccessorImpl.java:77)
at java.base/jdk.internal.reflect.DelegatingMethodAccessorImpl.invoke(DelegatingMethodAccessorImpl.java:43)
at java.base/java.lang.reflect.Method.invoke(Method.java:568)
at org.testng.internal.MethodInvocationHelper.invokeMethod(MethodInvocationHelper.java:133)
at org.testng.internal.MethodInvocationHelper.invokeMethodConsideringTimeout(MethodInvocationHelper.java:62)
at org.testng.internal.ConfigInvoker.invokeConfigurationMethod(ConfigInvoker.java:385)
at org.testng.internal.ConfigInvoker.invokeConfigurations(ConfigInvoker.java:321)
at org.testng.internal.TestMethodWorker.invokeAfterClassMethods(TestMethodWorker.java:217)
at org.testng.internal.TestMethodWorker.run(TestMethodWorker.java:130)
at java.base/java.util.ArrayList.forEach(ArrayList.java:1511)
at org.testng.TestRunner.privateRun(TestRunner.java:794)
at org.testng.TestRunner.run(TestRunner.java:596)
at org.testng.SuiteRunner.runTest(SuiteRunner.java:377)
at org.testng.SuiteRunner.runSequentially(SuiteRunner.java:371)
at org.testng.SuiteRunner.privateRun(SuiteRunner.java:332)
at org.testng.SuiteRunner.run(SuiteRunner.java:276)
at org.testng.SuiteRunnerWorker.runSuite(SuiteRunnerWorker.java:53)
at org.testng.SuiteRunnerWorker.run(SuiteRunnerWorker.java:96)
at org.testng.TestNG.runSuitesSequentially(TestNG.java:1212)
at org.testng.TestNG.runSuitesLocally(TestNG.java:1134)
at org.testng.TestNG.runSuites(TestNG.java:1063)
at org.testng.TestNG.run(TestNG.java:1031)
at org.testng.remote.AbstractRemoteTestNG.run(AbstractRemoteTestNG.java:115)
at org.testng.remote.RemoteTestNG.initAndRun(RemoteTestNG.java:251)
at org.testng.remote.RemoteTestNG.main(RemoteTestNG.java:77)
]]>
            </full-stacktrace>
          </exception> <!-- java.lang.AssertionError -->
          <reporter-output>
          </reporter-output>
        </test-method> <!-- endTest -->
      </class> <!-- testClass.VesselSearchOLD -->
    </test> <!-- Test -->
  </suite> <!-- Test -->
</testng-results>
