<?xml version="1.0" encoding="UTF-8"?>
<testng-results ignored="0" total="3" passed="3" failed="0" skipped="0">
  <reporter-output>
  </reporter-output>
  <suite started-at="2024-01-18T18:02:10 IST" name="Test" finished-at="2024-01-18T18:06:33 IST" duration-ms="262863">
    <groups>
    </groups>
    <test started-at="2024-01-18T18:02:10 IST" name="Test" finished-at="2024-01-18T18:06:33 IST" duration-ms="262863">
      <class name="testClass.VesselSearchOLD">
        <test-method is-config="true" signature="ProgramStart()[pri:0, instance:testClass.VesselSearchOLD@54e1c68b]" started-at="2024-01-18T18:02:10 IST" name="ProgramStart" finished-at="2024-01-18T18:02:29 IST" duration-ms="19095" status="PASS">
          <reporter-output>
          </reporter-output>
        </test-method> <!-- ProgramStart -->
        <test-method signature="vesselSearch(java.lang.String,java.lang.String,java.lang.String)[pri:0, instance:testClass.VesselSearchOLD@54e1c68b]" started-at="2024-01-18T18:02:31 IST" name="vesselSearch" data-provider="Vesseldata" finished-at="2024-01-18T18:04:25 IST" duration-ms="114438" status="PASS">
          <params>
            <param index="0">
              <value>
                <![CDATA[469J]]>
              </value>
            </param>
            <param index="1">
              <value>
                <![CDATA[Ardmore Dauntless]]>
              </value>
            </param>
            <param index="2">
              <value>
                <![CDATA[AMNS Shipping and Logistics Private Ltd.]]>
              </value>
            </param>
          </params>
          <reporter-output>
          </reporter-output>
        </test-method> <!-- vesselSearch -->
        <test-method is-config="true" signature="AfterMethod()[pri:0, instance:testClass.VesselSearchOLD@54e1c68b]" started-at="2024-01-18T18:04:27 IST" name="AfterMethod" finished-at="2024-01-18T18:04:27 IST" duration-ms="1" status="PASS">
          <reporter-output>
          </reporter-output>
        </test-method> <!-- AfterMethod -->
        <test-method signature="vesselSearch(java.lang.String,java.lang.String,java.lang.String)[pri:0, instance:testClass.VesselSearchOLD@54e1c68b]" started-at="2024-01-18T18:04:27 IST" name="vesselSearch" data-provider="Vesseldata" finished-at="2024-01-18T18:05:13 IST" duration-ms="45976" status="PASS">
          <params>
            <param index="0">
              <value>
                <![CDATA[UEYJ]]>
              </value>
            </param>
            <param index="1">
              <value>
                <![CDATA[Ubuntu Empathy]]>
              </value>
            </param>
            <param index="2">
              <value>
                <![CDATA[AVIC International Leasing.]]>
              </value>
            </param>
          </params>
          <reporter-output>
          </reporter-output>
        </test-method> <!-- vesselSearch -->
        <test-method is-config="true" signature="AfterMethod()[pri:0, instance:testClass.VesselSearchOLD@54e1c68b]" started-at="2024-01-18T18:05:14 IST" name="AfterMethod" finished-at="2024-01-18T18:05:14 IST" duration-ms="1" status="PASS">
          <reporter-output>
          </reporter-output>
        </test-method> <!-- AfterMethod -->
        <test-method signature="vesselSearch(java.lang.String,java.lang.String,java.lang.String)[pri:0, instance:testClass.VesselSearchOLD@54e1c68b]" started-at="2024-01-18T18:05:14 IST" name="vesselSearch" data-provider="Vesseldata" finished-at="2024-01-18T18:06:31 IST" duration-ms="76669" status="PASS">
          <params>
            <param index="0">
              <value>
                <![CDATA[UHYJ]]>
              </value>
            </param>
            <param index="1">
              <value>
                <![CDATA[Ubuntu Humanity]]>
              </value>
            </param>
            <param index="2">
              <value>
                <![CDATA[AMNS Shipping and Logistics Private Ltd.]]>
              </value>
            </param>
          </params>
          <reporter-output>
          </reporter-output>
        </test-method> <!-- vesselSearch -->
        <test-method is-config="true" signature="AfterMethod()[pri:0, instance:testClass.VesselSearchOLD@54e1c68b]" started-at="2024-01-18T18:06:33 IST" name="AfterMethod" finished-at="2024-01-18T18:06:33 IST" duration-ms="1" status="PASS">
          <reporter-output>
          </reporter-output>
        </test-method> <!-- AfterMethod -->
        <test-method is-config="true" signature="endTest()[pri:0, instance:testClass.VesselSearchOLD@54e1c68b]" started-at="2024-01-18T18:06:33 IST" name="endTest" finished-at="2024-01-18T18:06:33 IST" duration-ms="368" status="PASS">
          <reporter-output>
          </reporter-output>
        </test-method> <!-- endTest -->
      </class> <!-- testClass.VesselSearchOLD -->
    </test> <!-- Test -->
  </suite> <!-- Test -->
</testng-results>
