<?xml version="1.0" encoding="UTF-8"?>
<testng-results ignored="0" total="1" passed="1" failed="0" skipped="0">
  <reporter-output>
  </reporter-output>
  <suite started-at="2024-01-04T11:50:24 IST" name="Test" finished-at="2024-01-04T11:56:03 IST" duration-ms="339110">
    <groups>
    </groups>
    <test started-at="2024-01-04T11:50:24 IST" name="Test" finished-at="2024-01-04T11:56:03 IST" duration-ms="339110">
      <class name="testClass.VesselSearchOLD">
        <test-method is-config="true" signature="ProgramStart()[pri:0, instance:testClass.VesselSearchOLD@29215f06]" started-at="2024-01-04T11:50:24 IST" name="ProgramStart" finished-at="2024-01-04T11:50:45 IST" duration-ms="20787" status="PASS">
          <reporter-output>
          </reporter-output>
        </test-method> <!-- ProgramStart -->
        <test-method signature="vesselSearch(java.lang.String,java.lang.String)[pri:0, instance:testClass.VesselSearchOLD@29215f06]" started-at="2024-01-04T11:50:47 IST" name="vesselSearch" data-provider="Vesseldata" finished-at="2024-01-04T11:55:58 IST" duration-ms="311562" status="PASS">
          <params>
            <param index="0">
              <value>
                <![CDATA[AMTJ]]>
              </value>
            </param>
            <param index="1">
              <value>
                <![CDATA[Amstel Stork]]>
              </value>
            </param>
          </params>
          <reporter-output>
          </reporter-output>
        </test-method> <!-- vesselSearch -->
        <test-method is-config="true" signature="endTest()[pri:0, instance:testClass.VesselSearchOLD@29215f06]" started-at="2024-01-04T11:56:03 IST" name="endTest" finished-at="2024-01-04T11:56:03 IST" duration-ms="461" status="PASS">
          <reporter-output>
          </reporter-output>
        </test-method> <!-- endTest -->
      </class> <!-- testClass.VesselSearchOLD -->
    </test> <!-- Test -->
  </suite> <!-- Test -->
</testng-results>
