<?xml version="1.0" encoding="UTF-8"?>
<testng-results ignored="0" total="2" passed="2" failed="0" skipped="0">
  <reporter-output>
  </reporter-output>
  <suite started-at="2024-01-11T18:09:41 IST" name="Test" finished-at="2024-01-11T18:14:13 IST" duration-ms="271318">
    <groups>
    </groups>
    <test started-at="2024-01-11T18:09:41 IST" name="Test" finished-at="2024-01-11T18:14:13 IST" duration-ms="271318">
      <class name="testClass.VesselSearchOLD">
        <test-method is-config="true" signature="ProgramStart()[pri:0, instance:testClass.VesselSearchOLD@48aca48b]" started-at="2024-01-11T18:09:41 IST" name="ProgramStart" finished-at="2024-01-11T18:09:58 IST" duration-ms="16423" status="PASS">
          <reporter-output>
          </reporter-output>
        </test-method> <!-- ProgramStart -->
        <test-method signature="vesselSearch(java.lang.String,java.lang.String)[pri:0, instance:testClass.VesselSearchOLD@48aca48b]" started-at="2024-01-11T18:09:59 IST" name="vesselSearch" data-provider="Vesseldata" finished-at="2024-01-11T18:12:01 IST" duration-ms="121669" status="PASS">
          <params>
            <param index="0">
              <value>
                <![CDATA[FAIJ]]>
              </value>
            </param>
            <param index="1">
              <value>
                <![CDATA[Federal Asahi]]>
              </value>
            </param>
          </params>
          <reporter-output>
          </reporter-output>
        </test-method> <!-- vesselSearch -->
        <test-method signature="vesselSearch(java.lang.String,java.lang.String)[pri:0, instance:testClass.VesselSearchOLD@48aca48b]" started-at="2024-01-11T18:12:01 IST" name="vesselSearch" data-provider="Vesseldata" finished-at="2024-01-11T18:14:12 IST" duration-ms="131269" status="PASS">
          <params>
            <param index="0">
              <value>
                <![CDATA[TBSJ]]>
              </value>
            </param>
            <param index="1">
              <value>
                <![CDATA[Test Baltic Spirit]]>
              </value>
            </param>
          </params>
          <reporter-output>
          </reporter-output>
        </test-method> <!-- vesselSearch -->
        <test-method is-config="true" signature="endTest()[pri:0, instance:testClass.VesselSearchOLD@48aca48b]" started-at="2024-01-11T18:14:13 IST" name="endTest" finished-at="2024-01-11T18:14:13 IST" duration-ms="186" status="PASS">
          <reporter-output>
          </reporter-output>
        </test-method> <!-- endTest -->
      </class> <!-- testClass.VesselSearchOLD -->
    </test> <!-- Test -->
  </suite> <!-- Test -->
</testng-results>
