<?xml version="1.0" encoding="UTF-8"?>
<testng-results ignored="0" total="5" passed="5" failed="0" skipped="0">
  <reporter-output>
  </reporter-output>
  <suite started-at="2023-12-28T11:44:30 IST" name="Test" finished-at="2023-12-28T11:46:25 IST" duration-ms="115876">
    <groups>
    </groups>
    <test started-at="2023-12-28T11:44:30 IST" name="Test" finished-at="2023-12-28T11:46:25 IST" duration-ms="115876">
      <class name="testClass.VesselSearch">
        <test-method is-config="true" signature="ProgramStart()[pri:0, instance:testClass.VesselSearch@4efac082]" started-at="2023-12-28T11:44:30 IST" name="ProgramStart" finished-at="2023-12-28T11:44:51 IST" duration-ms="21523" status="PASS">
          <reporter-output>
          </reporter-output>
        </test-method> <!-- ProgramStart -->
        <test-method signature="vesselSearch(java.lang.String,java.lang.String,java.lang.String)[pri:0, instance:testClass.VesselSearch@4efac082]" started-at="2023-12-28T11:44:53 IST" name="vesselSearch" data-provider="Vesseldata" finished-at="2023-12-28T11:45:23 IST" duration-ms="30730" status="PASS">
          <params>
            <param index="0">
              <value>
                <![CDATA[Federal Hunter]]>
              </value>
            </param>
            <param index="1">
              <value>
                <![CDATA[Federal Hunter]]>
              </value>
            </param>
            <param index="2">
              <value>
                <![CDATA[Federal Hunter]]>
              </value>
            </param>
          </params>
          <reporter-output>
          </reporter-output>
        </test-method> <!-- vesselSearch -->
        <test-method signature="voyageSnapshot()[pri:1, instance:testClass.VesselSearch@4efac082]" started-at="2023-12-28T11:45:34 IST" name="voyageSnapshot" finished-at="2023-12-28T11:45:48 IST" duration-ms="13164" status="PASS">
          <reporter-output>
          </reporter-output>
        </test-method> <!-- voyageSnapshot -->
        <test-method signature="crewInfo()[pri:2, instance:testClass.VesselSearch@4efac082]" started-at="2023-12-28T11:45:48 IST" name="crewInfo" finished-at="2023-12-28T11:46:00 IST" duration-ms="12136" status="PASS">
          <reporter-output>
          </reporter-output>
        </test-method> <!-- crewInfo -->
        <test-method signature="financialData()[pri:3, instance:testClass.VesselSearch@4efac082]" started-at="2023-12-28T11:46:02 IST" name="financialData" finished-at="2023-12-28T11:46:20 IST" duration-ms="17906" status="PASS">
          <reporter-output>
          </reporter-output>
        </test-method> <!-- financialData -->
        <test-method signature="vesselParticulars()[pri:4, instance:testClass.VesselSearch@4efac082]" started-at="2023-12-28T11:46:22 IST" name="vesselParticulars" finished-at="2023-12-28T11:46:25 IST" duration-ms="3210" status="PASS">
          <reporter-output>
          </reporter-output>
        </test-method> <!-- vesselParticulars -->
        <test-method is-config="true" signature="endTest()[pri:0, instance:testClass.VesselSearch@4efac082]" started-at="2023-12-28T11:46:25 IST" name="endTest" finished-at="2023-12-28T11:46:25 IST" duration-ms="417" status="PASS">
          <reporter-output>
          </reporter-output>
        </test-method> <!-- endTest -->
      </class> <!-- testClass.VesselSearch -->
    </test> <!-- Test -->
  </suite> <!-- Test -->
</testng-results>
