<?xml version="1.0" encoding="UTF-8"?>
<testng-results ignored="0" total="1" passed="1" failed="0" skipped="0">
  <reporter-output>
  </reporter-output>
  <suite started-at="2024-01-04T18:09:23 IST" name="Test" finished-at="2024-01-04T18:11:12 IST" duration-ms="108349">
    <groups>
    </groups>
    <test started-at="2024-01-04T18:09:23 IST" name="Test" finished-at="2024-01-04T18:11:12 IST" duration-ms="108349">
      <class name="testClass.VesselSearchOLD">
        <test-method is-config="true" signature="ProgramStart()[pri:0, instance:testClass.VesselSearchOLD@428640fa]" started-at="2024-01-04T18:09:23 IST" name="ProgramStart" finished-at="2024-01-04T18:09:40 IST" duration-ms="16638" status="PASS">
          <reporter-output>
          </reporter-output>
        </test-method> <!-- ProgramStart -->
        <test-method signature="vesselSearch(java.lang.String,java.lang.String)[pri:0, instance:testClass.VesselSearchOLD@428640fa]" started-at="2024-01-04T18:09:41 IST" name="vesselSearch" data-provider="Vesseldata" finished-at="2024-01-04T18:11:11 IST" duration-ms="89980" status="PASS">
          <params>
            <param index="0">
              <value>
                <![CDATA[AMTJ]]>
              </value>
            </param>
            <param index="1">
              <value>
                <![CDATA[Amstel Stork]]>
              </value>
            </param>
          </params>
          <reporter-output>
          </reporter-output>
        </test-method> <!-- vesselSearch -->
        <test-method is-config="true" signature="endTest()[pri:0, instance:testClass.VesselSearchOLD@428640fa]" started-at="2024-01-04T18:11:11 IST" name="endTest" finished-at="2024-01-04T18:11:12 IST" duration-ms="334" status="PASS">
          <reporter-output>
          </reporter-output>
        </test-method> <!-- endTest -->
      </class> <!-- testClass.VesselSearchOLD -->
    </test> <!-- Test -->
  </suite> <!-- Test -->
</testng-results>
