2023-12-22 12:32:48 INFO  AELogin:35 - Login successful
2023-12-22 12:33:25 INFO  Log:9 - OpEx_Report_Varification Started
2023-12-22 12:33:25 INFO  Log:9 - 
2023-12-22 12:33:27 INFO  Log:9 - Skipped because of - java.lang.AssertionError: The following asserts failed:
	expected [] but found [Select Vessel]
2023-12-22 12:33:27 INFO  Log:9 - OpEx_Report_Varification Started
2023-12-22 12:33:27 INFO  Log:9 - 
2023-12-22 12:33:27 INFO  Log:9 - Skipped because of - java.lang.AssertionError: The following asserts failed:
	expected [] but found [Select Vessel]
2023-12-22 12:33:27 INFO  Log:9 - OpEx_Report_Varification Started
2023-12-22 12:33:27 INFO  Log:9 - 
2023-12-22 12:33:27 INFO  Log:9 - Skipped because of - java.lang.AssertionError: The following asserts failed:
	expected [] but found [Select Vessel]
2023-12-22 12:33:27 INFO  Log:9 - OpEx_Report_Varification Started
2023-12-22 12:33:27 INFO  Log:9 - 
2023-12-22 12:33:27 INFO  Log:9 - Skipped because of - java.lang.AssertionError: The following asserts failed:
	expected [] but found [Select Vessel]
2023-12-22 12:33:27 INFO  Log:9 - OpEx_Report_Varification Started
2023-12-22 12:33:27 INFO  Log:9 - 
2023-12-22 12:33:27 INFO  Log:9 - Skipped because of - java.lang.AssertionError: The following asserts failed:
	expected [] but found [Select Vessel]
2023-12-22 12:33:27 INFO  Log:9 - OpEx_Report_Varification Started
2023-12-22 12:33:27 INFO  Log:9 - 
2023-12-22 12:33:27 INFO  Log:9 - Skipped because of - java.lang.AssertionError: The following asserts failed:
	expected [] but found [Select Vessel]
2023-12-22 12:33:27 INFO  Log:9 - OpEx_Report_Varification Started
2023-12-22 12:33:27 INFO  Log:9 - 
2023-12-22 12:33:27 INFO  Log:9 - Skipped because of - java.lang.AssertionError: The following asserts failed:
	expected [] but found [Select Vessel]
2023-12-22 12:33:27 INFO  Log:9 - OpEx_Report_Varification Started
2023-12-22 12:33:27 INFO  Log:9 - 
2023-12-22 12:33:27 INFO  Log:9 - Skipped because of - java.lang.AssertionError: The following asserts failed:
	expected [] but found [Select Vessel]
2023-12-22 12:33:27 INFO  Log:9 - OpEx_Report_Varification Started
2023-12-22 12:33:27 INFO  Log:9 - 
2023-12-22 12:33:27 INFO  Log:9 - Skipped because of - java.lang.AssertionError: The following asserts failed:
	expected [] but found [Select Vessel]
2023-12-22 12:33:28 INFO  Log:9 - OpEx_Report_Varification Started
2023-12-22 12:33:28 INFO  Log:9 - 
2023-12-22 12:33:28 INFO  Log:9 - Skipped because of - java.lang.AssertionError: The following asserts failed:
	expected [] but found [Select Vessel]
2023-12-22 12:33:28 INFO  Log:9 - OpEx_Report_Varification Started
2023-12-22 12:33:28 INFO  Log:9 - 
2023-12-22 12:33:28 INFO  Log:9 - Skipped because of - java.lang.AssertionError: The following asserts failed:
	expected [] but found [Select Vessel]
2023-12-22 12:33:28 INFO  Log:9 - OpEx_Report_Varification Started
2023-12-22 12:33:28 INFO  Log:9 - 
2023-12-22 12:33:28 INFO  Log:9 - Skipped because of - java.lang.AssertionError: The following asserts failed:
	expected [] but found [Select Vessel]
2023-12-22 12:33:28 INFO  Log:9 - OpEx_Report_Varification Started
2023-12-22 12:33:28 INFO  Log:9 - 
2023-12-22 12:33:28 INFO  Log:9 - Skipped because of - java.lang.AssertionError: The following asserts failed:
	expected [] but found [Select Vessel]
2023-12-22 12:33:28 INFO  Log:9 - OpEx_Report_Varification Started
2023-12-22 12:33:28 INFO  Log:9 - 
2023-12-22 12:33:28 INFO  Log:9 - Skipped because of - java.lang.AssertionError: The following asserts failed:
	expected [] but found [Select Vessel]
2023-12-22 12:33:28 INFO  Log:9 - OpEx_Report_Varification Started
2023-12-22 12:33:28 INFO  Log:9 - 
2023-12-22 12:33:28 INFO  Log:9 - Skipped because of - java.lang.AssertionError: The following asserts failed:
	expected [] but found [Select Vessel]
2023-12-22 12:33:28 INFO  Log:9 - OpEx_Report_Varification Started
2023-12-22 12:33:28 INFO  Log:9 - 
2023-12-22 12:33:28 INFO  Log:9 - Skipped because of - java.lang.AssertionError: The following asserts failed:
	expected [] but found [Select Vessel]
2023-12-22 12:33:28 INFO  Log:9 - OpEx_Report_Varification Started
2023-12-22 12:33:28 INFO  Log:9 - 
2023-12-22 12:33:28 INFO  Log:9 - Skipped because of - java.lang.AssertionError: The following asserts failed:
	expected [] but found [Select Vessel]
2023-12-22 12:33:28 INFO  Log:9 - OpEx_Report_Varification Started
2023-12-22 12:33:28 INFO  Log:9 - 
2023-12-22 12:33:28 INFO  Log:9 - Skipped because of - java.lang.AssertionError: The following asserts failed:
	expected [] but found [Select Vessel]
2023-12-22 12:33:28 INFO  Log:9 - OpEx_Report_Varification Started
2023-12-22 12:33:28 INFO  Log:9 - 
2023-12-22 12:33:29 INFO  Log:9 - Skipped because of - java.lang.AssertionError: The following asserts failed:
	expected [] but found [Select Vessel]
2023-12-22 12:33:29 INFO  Log:9 - OpEx_Report_Varification Started
2023-12-22 12:33:29 INFO  Log:9 - 
2023-12-22 12:33:29 INFO  Log:9 - Skipped because of - java.lang.AssertionError: The following asserts failed:
	expected [] but found [Select Vessel]
2023-12-22 12:33:29 INFO  Log:9 - OpEx_Report_Varification Started
2023-12-22 12:33:29 INFO  Log:9 - 
2023-12-22 12:33:29 INFO  Log:9 - Skipped because of - java.lang.AssertionError: The following asserts failed:
	expected [] but found [Select Vessel]
2023-12-22 12:33:29 INFO  Log:9 - OpEx_Report_Varification Started
2023-12-22 12:33:29 INFO  Log:9 - 
2023-12-22 12:33:29 INFO  Log:9 - Skipped because of - java.lang.AssertionError: The following asserts failed:
	expected [] but found [Select Vessel]
2023-12-22 12:33:29 INFO  Log:9 - OpEx_Report_Varification Started
2023-12-22 12:33:29 INFO  Log:9 - 
2023-12-22 12:33:29 INFO  Log:9 - Skipped because of - java.lang.AssertionError: The following asserts failed:
	expected [] but found [Select Vessel]
2023-12-22 12:33:29 INFO  Log:9 - OpEx_Report_Varification Started
2023-12-22 12:33:29 INFO  Log:9 - 
2023-12-22 12:33:29 INFO  Log:9 - Skipped because of - java.lang.AssertionError: The following asserts failed:
	expected [] but found [Select Vessel]
2023-12-22 12:33:29 INFO  Log:9 - OpEx_Report_Varification Started
2023-12-22 12:33:29 INFO  Log:9 - 
2023-12-22 12:33:29 INFO  Log:9 - Skipped because of - java.lang.AssertionError: The following asserts failed:
	expected [] but found [Select Vessel]
2023-12-22 12:33:29 INFO  Log:9 - OpEx_Report_Varification Started
2023-12-22 12:33:29 INFO  Log:9 - 
2023-12-22 12:33:29 INFO  Log:9 - Skipped because of - java.lang.AssertionError: The following asserts failed:
	expected [] but found [Select Vessel]
2023-12-22 12:33:29 INFO  Log:9 - OpEx_Report_Varification Started
2023-12-22 12:33:29 INFO  Log:9 - 
2023-12-22 12:33:29 INFO  Log:9 - Skipped because of - java.lang.AssertionError: The following asserts failed:
	expected [] but found [Select Vessel]
2023-12-22 12:33:29 INFO  Log:9 - OpEx_Report_Varification Started
2023-12-22 12:33:29 INFO  Log:9 - 
2023-12-22 12:33:29 INFO  Log:9 - Skipped because of - java.lang.AssertionError: The following asserts failed:
	expected [] but found [Select Vessel]
2023-12-22 12:33:29 INFO  Log:9 - OpEx_Report_Varification Started
2023-12-22 12:33:29 INFO  Log:9 - 
2023-12-22 12:33:29 INFO  Log:9 - Skipped because of - java.lang.AssertionError: The following asserts failed:
	expected [] but found [Select Vessel]
2023-12-22 12:33:29 INFO  Log:9 - OpEx_Report_Varification Started
2023-12-22 12:33:29 INFO  Log:9 - 
2023-12-22 12:33:29 INFO  Log:9 - Skipped because of - java.lang.AssertionError: The following asserts failed:
	expected [] but found [Select Vessel]
2023-12-22 12:33:29 INFO  Log:9 - OpEx_Report_Varification Started
2023-12-22 12:33:29 INFO  Log:9 - 
2023-12-22 12:33:29 INFO  Log:9 - Skipped because of - java.lang.AssertionError: The following asserts failed:
	expected [] but found [Select Vessel]
2023-12-22 12:33:29 INFO  Log:9 - OpEx_Report_Varification Started
2023-12-22 12:33:29 INFO  Log:9 - 
2023-12-22 12:33:29 INFO  Log:9 - Skipped because of - java.lang.AssertionError: The following asserts failed:
	expected [] but found [Select Vessel]
2023-12-22 12:33:29 INFO  Log:9 - OpEx_Report_Varification Started
2023-12-22 12:33:29 INFO  Log:9 - 
2023-12-22 12:33:29 INFO  Log:9 - Skipped because of - java.lang.AssertionError: The following asserts failed:
	expected [] but found [Select Vessel]
2023-12-22 12:33:29 INFO  Log:9 - OpEx_Report_Varification Started
2023-12-22 12:33:29 INFO  Log:9 - 
2023-12-22 12:33:29 INFO  Log:9 - Skipped because of - java.lang.AssertionError: The following asserts failed:
	expected [] but found [Select Vessel]
2023-12-22 12:33:29 INFO  Log:9 - OpEx_Report_Varification Started
2023-12-22 12:33:29 INFO  Log:9 - 
2023-12-22 12:33:30 INFO  Log:9 - Skipped because of - java.lang.AssertionError: The following asserts failed:
	expected [] but found [Select Vessel]
2023-12-22 12:33:30 INFO  Log:9 - OpEx_Report_Varification Started
2023-12-22 12:33:30 INFO  Log:9 - 
2023-12-22 12:33:30 INFO  Log:9 - Skipped because of - java.lang.AssertionError: The following asserts failed:
	expected [] but found [Select Vessel]
2023-12-22 12:33:30 INFO  Log:9 - OpEx_Report_Varification Started
2023-12-22 12:33:30 INFO  Log:9 - 
2023-12-22 12:33:30 INFO  Log:9 - Skipped because of - java.lang.AssertionError: The following asserts failed:
	expected [] but found [Select Vessel]
2023-12-22 12:33:30 INFO  Log:9 - OpEx_Report_Varification Started
2023-12-22 12:33:30 INFO  Log:9 - 
2023-12-22 12:33:30 INFO  Log:9 - Skipped because of - java.lang.AssertionError: The following asserts failed:
	expected [] but found [Select Vessel]
2023-12-22 12:33:30 INFO  Log:9 - OpEx_Report_Varification Started
2023-12-22 12:33:30 INFO  Log:9 - 
2023-12-22 12:33:30 INFO  Log:9 - Skipped because of - java.lang.AssertionError: The following asserts failed:
	expected [] but found [Select Vessel]
2023-12-22 12:33:30 INFO  Log:9 - OpEx_Report_Varification Started
2023-12-22 12:33:30 INFO  Log:9 - 
2023-12-22 12:33:30 INFO  Log:9 - Skipped because of - java.lang.AssertionError: The following asserts failed:
	expected [] but found [Select Vessel]
2023-12-22 12:33:30 INFO  Log:9 - OpEx_Report_Varification Started
2023-12-22 12:33:30 INFO  Log:9 - 
2023-12-22 12:33:30 INFO  Log:9 - Skipped because of - java.lang.AssertionError: The following asserts failed:
	expected [] but found [Select Vessel]
2023-12-22 12:33:30 INFO  Log:9 - OpEx_Report_Varification Started
2023-12-22 12:33:30 INFO  Log:9 - 
2023-12-22 12:33:30 INFO  Log:9 - Skipped because of - java.lang.AssertionError: The following asserts failed:
	expected [] but found [Select Vessel]
2023-12-22 12:33:30 INFO  Log:9 - OpEx_Report_Varification Started
2023-12-22 12:33:30 INFO  Log:9 - 
2023-12-22 12:33:30 INFO  Log:9 - Skipped because of - java.lang.AssertionError: The following asserts failed:
	expected [] but found [Select Vessel]
2023-12-22 12:33:30 INFO  Log:9 - OpEx_Report_Varification Started
2023-12-22 12:33:30 INFO  Log:9 - 
2023-12-22 12:33:30 INFO  Log:9 - Skipped because of - java.lang.AssertionError: The following asserts failed:
	expected [] but found [Select Vessel]
2023-12-22 12:33:30 INFO  Log:9 - OpEx_Report_Varification Started
2023-12-22 12:33:30 INFO  Log:9 - 
2023-12-22 12:33:30 INFO  Log:9 - Skipped because of - java.lang.AssertionError: The following asserts failed:
	expected [] but found [Select Vessel]
2023-12-22 12:33:30 INFO  Log:9 - OpEx_Report_Varification Started
2023-12-22 12:33:30 INFO  Log:9 - 
2023-12-22 12:33:30 INFO  Log:9 - Skipped because of - java.lang.AssertionError: The following asserts failed:
	expected [] but found [Select Vessel]
2023-12-22 12:33:30 INFO  Log:9 - OpEx_Report_Varification Started
2023-12-22 12:33:30 INFO  Log:9 - 
2023-12-22 12:33:30 INFO  Log:9 - Skipped because of - java.lang.AssertionError: The following asserts failed:
	expected [] but found [Select Vessel]
2023-12-22 12:33:30 INFO  Log:9 - OpEx_Report_Varification Started
2023-12-22 12:33:30 INFO  Log:9 - 
2023-12-22 12:33:30 INFO  Log:9 - Skipped because of - java.lang.AssertionError: The following asserts failed:
	expected [] but found [Select Vessel]
2023-12-22 12:33:30 INFO  Log:9 - OpEx_Report_Varification Started
2023-12-22 12:33:30 INFO  Log:9 - 
2023-12-22 12:33:30 INFO  Log:9 - Skipped because of - java.lang.AssertionError: The following asserts failed:
	expected [] but found [Select Vessel]
2023-12-22 12:33:30 INFO  Log:9 - OpEx_Report_Varification Started
2023-12-22 12:33:30 INFO  Log:9 - 
2023-12-22 12:33:30 INFO  Log:9 - Skipped because of - java.lang.AssertionError: The following asserts failed:
	expected [] but found [Select Vessel]
2023-12-22 12:33:30 INFO  Log:9 - OpEx_Report_Varification Started
2023-12-22 12:33:30 INFO  Log:9 - 
2023-12-22 12:33:30 INFO  Log:9 - Skipped because of - java.lang.AssertionError: The following asserts failed:
	expected [] but found [Select Vessel]
2023-12-22 12:33:30 INFO  Log:9 - OpEx_Report_Varification Started
2023-12-22 12:33:30 INFO  Log:9 - 
2023-12-22 12:33:30 INFO  Log:9 - Skipped because of - java.lang.AssertionError: The following asserts failed:
	expected [] but found [Select Vessel]
2023-12-22 12:33:30 INFO  Log:9 - OpEx_Report_Varification Started
2023-12-22 12:33:30 INFO  Log:9 - 
2023-12-22 12:33:31 INFO  Log:9 - Skipped because of - java.lang.AssertionError: The following asserts failed:
	expected [] but found [Select Vessel]
2023-12-22 12:33:31 INFO  Log:9 - OpEx_Report_Varification Started
2023-12-22 12:33:31 INFO  Log:9 - 
2023-12-22 12:33:31 INFO  Log:9 - Skipped because of - java.lang.AssertionError: The following asserts failed:
	expected [] but found [Select Vessel]
2023-12-22 12:33:31 INFO  Log:9 - OpEx_Report_Varification Started
2023-12-22 12:33:31 INFO  Log:9 - 
2023-12-22 12:33:31 INFO  Log:9 - Skipped because of - java.lang.AssertionError: The following asserts failed:
	expected [] but found [Select Vessel]
2023-12-22 12:33:31 INFO  Log:9 - OpEx_Report_Varification Started
2023-12-22 12:33:31 INFO  Log:9 - 
2023-12-22 12:33:31 INFO  Log:9 - Skipped because of - java.lang.AssertionError: The following asserts failed:
	expected [] but found [Select Vessel]
2023-12-22 12:33:31 INFO  Log:9 - OpEx_Report_Varification Started
2023-12-22 12:33:31 INFO  Log:9 - 
2023-12-22 12:33:31 INFO  Log:9 - Skipped because of - java.lang.AssertionError: The following asserts failed:
	expected [] but found [Select Vessel]
2023-12-22 12:33:31 INFO  Log:9 - OpEx_Report_Varification Started
2023-12-22 12:33:31 INFO  Log:9 - 
2023-12-22 12:33:31 INFO  Log:9 - Skipped because of - java.lang.AssertionError: The following asserts failed:
	expected [] but found [Select Vessel]
2023-12-22 12:33:31 INFO  Log:9 - OpEx_Report_Varification Started
2023-12-22 12:33:31 INFO  Log:9 - 
2023-12-22 12:33:31 INFO  Log:9 - Skipped because of - java.lang.AssertionError: The following asserts failed:
	expected [] but found [Select Vessel]
2023-12-22 12:33:31 INFO  Log:9 - OpEx_Report_Varification Started
2023-12-22 12:33:31 INFO  Log:9 - 
2023-12-22 12:33:31 INFO  Log:9 - Skipped because of - java.lang.AssertionError: The following asserts failed:
	expected [] but found [Select Vessel]
2023-12-22 12:33:31 INFO  Log:9 - OpEx_Report_Varification Started
2023-12-22 12:33:31 INFO  Log:9 - 
2023-12-22 12:33:31 INFO  Log:9 - Skipped because of - java.lang.AssertionError: The following asserts failed:
	expected [] but found [Select Vessel]
2023-12-22 12:33:31 INFO  Log:9 - OpEx_Report_Varification Started
2023-12-22 12:33:31 INFO  Log:9 - 
2023-12-22 12:33:31 INFO  Log:9 - Skipped because of - java.lang.AssertionError: The following asserts failed:
	expected [] but found [Select Vessel]
2023-12-22 12:33:31 INFO  Log:9 - OpEx_Report_Varification Started
2023-12-22 12:33:31 INFO  Log:9 - 
2023-12-22 12:33:31 INFO  Log:9 - Skipped because of - java.lang.AssertionError: The following asserts failed:
	expected [] but found [Select Vessel]
2023-12-22 12:33:31 INFO  Log:9 - OpEx_Report_Varification Started
2023-12-22 12:33:31 INFO  Log:9 - 
2023-12-22 12:33:31 INFO  Log:9 - Skipped because of - java.lang.AssertionError: The following asserts failed:
	expected [] but found [Select Vessel]
2023-12-22 12:33:31 INFO  Log:9 - OpEx_Report_Varification Started
2023-12-22 12:33:31 INFO  Log:9 - 
2023-12-22 12:33:31 INFO  Log:9 - Skipped because of - java.lang.AssertionError: The following asserts failed:
	expected [] but found [Select Vessel]
2023-12-22 12:33:31 INFO  Log:9 - OpEx_Report_Varification Started
2023-12-22 12:33:31 INFO  Log:9 - 
2023-12-22 12:33:31 INFO  Log:9 - Skipped because of - java.lang.AssertionError: The following asserts failed:
	expected [] but found [Select Vessel]
2023-12-22 12:33:31 INFO  Log:9 - OpEx_Report_Varification Started
2023-12-22 12:33:31 INFO  Log:9 - 
2023-12-22 12:33:31 INFO  Log:9 - Skipped because of - java.lang.AssertionError: The following asserts failed:
	expected [] but found [Select Vessel]
2023-12-22 12:33:31 INFO  Log:9 - OpEx_Report_Varification Started
2023-12-22 12:33:31 INFO  Log:9 - 
2023-12-22 12:33:31 INFO  Log:9 - Skipped because of - java.lang.AssertionError: The following asserts failed:
	expected [] but found [Select Vessel]
2023-12-22 12:33:31 INFO  Log:9 - OpEx_Report_Varification Started
2023-12-22 12:33:31 INFO  Log:9 - 
2023-12-22 12:33:31 INFO  Log:9 - Skipped because of - java.lang.AssertionError: The following asserts failed:
	expected [] but found [Select Vessel]
2023-12-22 12:33:31 INFO  Log:9 - OpEx_Report_Varification Started
2023-12-22 12:33:31 INFO  Log:9 - 
2023-12-22 12:33:31 INFO  Log:9 - Skipped because of - java.lang.AssertionError: The following asserts failed:
	expected [] but found [Select Vessel]
2023-12-22 12:33:31 INFO  Log:9 - OpEx_Report_Varification Started
2023-12-22 12:33:31 INFO  Log:9 - 
2023-12-22 12:33:31 INFO  Log:9 - Skipped because of - java.lang.AssertionError: The following asserts failed:
	expected [] but found [Select Vessel]
2023-12-22 12:33:31 INFO  Log:9 - OpEx_Report_Varification Started
2023-12-22 12:33:31 INFO  Log:9 - 
2023-12-22 12:33:31 INFO  Log:9 - Skipped because of - java.lang.AssertionError: The following asserts failed:
	expected [] but found [Select Vessel]
2023-12-22 12:33:31 INFO  Log:9 - OpEx_Report_Varification Started
2023-12-22 12:33:31 INFO  Log:9 - 
2023-12-22 12:33:32 INFO  Log:9 - Skipped because of - java.lang.AssertionError: The following asserts failed:
	expected [] but found [Select Vessel]
2023-12-22 12:33:32 INFO  Log:9 - OpEx_Report_Varification Started
2023-12-22 12:33:32 INFO  Log:9 - 
2023-12-22 12:33:32 INFO  Log:9 - Skipped because of - java.lang.AssertionError: The following asserts failed:
	expected [] but found [Select Vessel]
2023-12-22 12:33:32 INFO  Log:9 - OpEx_Report_Varification Started
2023-12-22 12:33:32 INFO  Log:9 - 
2023-12-22 12:33:32 INFO  Log:9 - Skipped because of - java.lang.AssertionError: The following asserts failed:
	expected [] but found [Select Vessel]
2023-12-22 12:33:32 INFO  Log:9 - OpEx_Report_Varification Started
2023-12-22 12:33:32 INFO  Log:9 - 
2023-12-22 12:33:32 INFO  Log:9 - Skipped because of - java.lang.AssertionError: The following asserts failed:
	expected [] but found [Select Vessel]
2023-12-22 12:33:32 INFO  Log:9 - OpEx_Report_Varification Started
2023-12-22 12:33:32 INFO  Log:9 - 
2023-12-22 12:33:32 INFO  Log:9 - Skipped because of - java.lang.AssertionError: The following asserts failed:
	expected [] but found [Select Vessel]
2023-12-22 12:33:32 INFO  Log:9 - OpEx_Report_Varification Started
2023-12-22 12:33:32 INFO  Log:9 - 
2023-12-22 12:33:32 INFO  Log:9 - Skipped because of - java.lang.AssertionError: The following asserts failed:
	expected [] but found [Select Vessel]
2023-12-22 12:33:32 INFO  Log:9 - OpEx_Report_Varification Started
2023-12-22 12:33:32 INFO  Log:9 - 
2023-12-22 12:33:32 INFO  Log:9 - Skipped because of - java.lang.AssertionError: The following asserts failed:
	expected [] but found [Select Vessel]
2023-12-22 12:33:32 INFO  Log:9 - OpEx_Report_Varification Started
2023-12-22 12:33:32 INFO  Log:9 - 
2023-12-22 12:33:32 INFO  Log:9 - Skipped because of - java.lang.AssertionError: The following asserts failed:
	expected [] but found [Select Vessel]
2023-12-22 12:33:32 INFO  Log:9 - OpEx_Report_Varification Started
2023-12-22 12:33:32 INFO  Log:9 - 
2023-12-22 12:33:32 INFO  Log:9 - Skipped because of - java.lang.AssertionError: The following asserts failed:
	expected [] but found [Select Vessel]
2023-12-22 12:33:32 INFO  Log:9 - OpEx_Report_Varification Started
2023-12-22 12:33:32 INFO  Log:9 - 
2023-12-22 12:33:32 INFO  Log:9 - Skipped because of - java.lang.AssertionError: The following asserts failed:
	expected [] but found [Select Vessel]
2023-12-22 12:33:32 INFO  Log:9 - OpEx_Report_Varification Started
2023-12-22 12:33:32 INFO  Log:9 - 
2023-12-22 12:33:32 INFO  Log:9 - Skipped because of - java.lang.AssertionError: The following asserts failed:
	expected [] but found [Select Vessel]
2023-12-22 12:33:32 INFO  Log:9 - OpEx_Report_Varification Started
2023-12-22 12:33:32 INFO  Log:9 - 
2023-12-22 12:33:32 INFO  Log:9 - Skipped because of - java.lang.AssertionError: The following asserts failed:
	expected [] but found [Select Vessel]
2023-12-22 12:33:32 INFO  Log:9 - OpEx_Report_Varification Started
2023-12-22 12:33:32 INFO  Log:9 - 
2023-12-22 12:33:32 INFO  Log:9 - Skipped because of - java.lang.AssertionError: The following asserts failed:
	expected [] but found [Select Vessel]
2023-12-22 12:33:32 INFO  Log:9 - OpEx_Report_Varification Started
2023-12-22 12:33:32 INFO  Log:9 - 
2023-12-22 12:33:32 INFO  Log:9 - Skipped because of - java.lang.AssertionError: The following asserts failed:
	expected [] but found [Select Vessel]
2023-12-22 12:33:32 INFO  Log:9 - OpEx_Report_Varification Started
2023-12-22 12:33:32 INFO  Log:9 - 
2023-12-22 12:33:32 INFO  Log:9 - Skipped because of - java.lang.AssertionError: The following asserts failed:
	expected [] but found [Select Vessel]
2023-12-22 12:33:32 INFO  Log:9 - OpEx_Report_Varification Started
2023-12-22 12:33:32 INFO  Log:9 - 
2023-12-22 12:33:32 INFO  Log:9 - Skipped because of - java.lang.AssertionError: The following asserts failed:
	expected [] but found [Select Vessel]
2023-12-22 12:33:32 INFO  Log:9 - OpEx_Report_Varification Started
2023-12-22 12:33:32 INFO  Log:9 - 
2023-12-22 12:33:33 INFO  Log:9 - Skipped because of - java.lang.AssertionError: The following asserts failed:
	expected [] but found [Select Vessel]
2023-12-22 12:33:33 INFO  Log:9 - OpEx_Report_Varification Started
2023-12-22 12:33:33 INFO  Log:9 - 
2023-12-22 12:33:33 INFO  Log:9 - Skipped because of - java.lang.AssertionError: The following asserts failed:
	expected [] but found [Select Vessel]
2023-12-22 12:33:33 INFO  Log:9 - OpEx_Report_Varification Started
2023-12-22 12:33:33 INFO  Log:9 - 
2023-12-22 12:33:33 INFO  Log:9 - Skipped because of - java.lang.AssertionError: The following asserts failed:
	expected [] but found [Select Vessel]
2023-12-22 12:33:33 INFO  Log:9 - OpEx_Report_Varification Started
2023-12-22 12:33:33 INFO  Log:9 - 
2023-12-22 12:33:33 INFO  Log:9 - Skipped because of - java.lang.AssertionError: The following asserts failed:
	expected [] but found [Select Vessel]
2023-12-22 12:33:33 INFO  Log:9 - OpEx_Report_Varification Started
2023-12-22 12:33:33 INFO  Log:9 - 
2023-12-22 12:33:33 INFO  Log:9 - Skipped because of - java.lang.AssertionError: The following asserts failed:
	expected [] but found [Select Vessel]
2023-12-22 12:33:33 INFO  Log:9 - OpEx_Report_Varification Started
2023-12-22 12:33:33 INFO  Log:9 - 
2023-12-22 12:33:33 INFO  Log:9 - Skipped because of - java.lang.AssertionError: The following asserts failed:
	expected [] but found [Select Vessel]
2023-12-22 12:33:33 INFO  Log:9 - OpEx_Report_Varification Started
2023-12-22 12:33:33 INFO  Log:9 - 
2023-12-22 12:33:33 INFO  Log:9 - Skipped because of - java.lang.AssertionError: The following asserts failed:
	expected [] but found [Select Vessel]
2023-12-22 12:33:33 INFO  Log:9 - OpEx_Report_Varification Started
2023-12-22 12:33:33 INFO  Log:9 - 
2023-12-22 12:33:33 INFO  Log:9 - Skipped because of - java.lang.AssertionError: The following asserts failed:
	expected [] but found [Select Vessel]
2023-12-22 12:33:33 INFO  Log:9 - OpEx_Report_Varification Started
2023-12-22 12:33:33 INFO  Log:9 - 
2023-12-22 12:33:33 INFO  Log:9 - Skipped because of - java.lang.AssertionError: The following asserts failed:
	expected [] but found [Select Vessel]
2023-12-22 12:33:33 INFO  Log:9 - OpEx_Report_Varification Started
2023-12-22 12:33:33 INFO  Log:9 - 
2023-12-22 12:33:33 INFO  Log:9 - Skipped because of - java.lang.AssertionError: The following asserts failed:
	expected [] but found [Select Vessel]
2023-12-22 12:33:33 INFO  Log:9 - OpEx_Report_Varification Started
2023-12-22 12:33:33 INFO  Log:9 - 
2023-12-22 12:33:33 INFO  Log:9 - Skipped because of - java.lang.AssertionError: The following asserts failed:
	expected [] but found [Select Vessel]
2023-12-22 12:33:33 INFO  Log:9 - OpEx_Report_Varification Started
2023-12-22 12:33:33 INFO  Log:9 - 
2023-12-22 12:33:33 INFO  Log:9 - Skipped because of - java.lang.AssertionError: The following asserts failed:
	expected [] but found [Select Vessel]
2023-12-22 12:33:33 INFO  Log:9 - OpEx_Report_Varification Started
2023-12-22 12:33:33 INFO  Log:9 - 
2023-12-22 12:33:33 INFO  Log:9 - Skipped because of - java.lang.AssertionError: The following asserts failed:
	expected [] but found [Select Vessel]
2023-12-22 12:33:33 INFO  Log:9 - OpEx_Report_Varification Started
2023-12-22 12:33:33 INFO  Log:9 - 
2023-12-22 12:33:33 INFO  Log:9 - Skipped because of - java.lang.AssertionError: The following asserts failed:
	expected [] but found [Select Vessel]
2023-12-22 12:33:33 INFO  Log:9 - OpEx_Report_Varification Started
2023-12-22 12:33:33 INFO  Log:9 - 
2023-12-22 12:33:33 INFO  Log:9 - Skipped because of - java.lang.AssertionError: The following asserts failed:
	expected [] but found [Select Vessel]
2023-12-22 12:33:33 INFO  Log:9 - OpEx_Report_Varification Started
2023-12-22 12:33:33 INFO  Log:9 - 
2023-12-22 12:33:33 INFO  Log:9 - Skipped because of - java.lang.AssertionError: The following asserts failed:
	expected [] but found [Select Vessel]
2023-12-22 12:33:33 INFO  Log:9 - OpEx_Report_Varification Started
2023-12-22 12:33:33 INFO  Log:9 - 
2023-12-22 12:33:33 INFO  Log:9 - Skipped because of - java.lang.AssertionError: The following asserts failed:
	expected [] but found [Select Vessel]
2023-12-22 12:33:33 INFO  Log:9 - OpEx_Report_Varification Started
2023-12-22 12:33:33 INFO  Log:9 - 
2023-12-22 12:33:33 INFO  Log:9 - Skipped because of - java.lang.AssertionError: The following asserts failed:
	expected [] but found [Select Vessel]
2023-12-22 12:33:33 INFO  Log:9 - OpEx_Report_Varification Started
2023-12-22 12:33:33 INFO  Log:9 - 
2023-12-22 12:33:33 INFO  Log:9 - Skipped because of - java.lang.AssertionError: The following asserts failed:
	expected [] but found [Select Vessel]
2023-12-22 12:33:33 INFO  Log:9 - OpEx_Report_Varification Started
2023-12-22 12:33:33 INFO  Log:9 - 
2023-12-22 12:33:34 INFO  Log:9 - Skipped because of - java.lang.AssertionError: The following asserts failed:
	expected [] but found [Select Vessel]
2023-12-22 12:33:34 INFO  Log:9 - OpEx_Report_Varification Started
2023-12-22 12:33:34 INFO  Log:9 - 
2023-12-22 12:33:34 INFO  Log:9 - Skipped because of - java.lang.AssertionError: The following asserts failed:
	expected [] but found [Select Vessel]
2023-12-22 12:33:34 INFO  Log:9 - OpEx_Report_Varification Started
2023-12-22 12:33:34 INFO  Log:9 - 
2023-12-22 12:33:34 INFO  Log:9 - Skipped because of - java.lang.AssertionError: The following asserts failed:
	expected [] but found [Select Vessel]
2023-12-22 12:33:34 INFO  Log:9 - OpEx_Report_Varification Started
2023-12-22 12:33:34 INFO  Log:9 - 
2023-12-22 12:33:34 INFO  Log:9 - Skipped because of - java.lang.AssertionError: The following asserts failed:
	expected [] but found [Select Vessel]
2023-12-22 12:33:34 INFO  Log:9 - OpEx_Report_Varification Started
2023-12-22 12:33:34 INFO  Log:9 - 
2023-12-22 12:33:34 INFO  Log:9 - Skipped because of - java.lang.AssertionError: The following asserts failed:
	expected [] but found [Select Vessel]
2023-12-22 12:33:34 INFO  Log:9 - OpEx_Report_Varification Started
2023-12-22 12:33:34 INFO  Log:9 - 
2023-12-22 12:33:34 INFO  Log:9 - Skipped because of - java.lang.AssertionError: The following asserts failed:
	expected [] but found [Select Vessel]
2023-12-22 12:33:34 INFO  Log:9 - OpEx_Report_Varification Started
2023-12-22 12:33:34 INFO  Log:9 - 
2023-12-22 12:33:34 INFO  Log:9 - Skipped because of - java.lang.AssertionError: The following asserts failed:
	expected [] but found [Select Vessel]
2023-12-22 12:33:34 INFO  Log:9 - OpEx_Report_Varification Started
2023-12-22 12:33:34 INFO  Log:9 - 
2023-12-22 12:33:34 INFO  Log:9 - Skipped because of - java.lang.AssertionError: The following asserts failed:
	expected [] but found [Select Vessel]
2023-12-22 12:33:34 INFO  Log:9 - OpEx_Report_Varification Started
2023-12-22 12:33:34 INFO  Log:9 - 
2023-12-22 12:33:34 INFO  Log:9 - Skipped because of - java.lang.AssertionError: The following asserts failed:
	expected [] but found [Select Vessel]
2023-12-22 12:33:34 INFO  Log:9 - OpEx_Report_Varification Started
2023-12-22 12:33:34 INFO  Log:9 - 
2023-12-22 12:33:34 INFO  Log:9 - Skipped because of - java.lang.AssertionError: The following asserts failed:
	expected [] but found [Select Vessel]
2023-12-22 12:33:34 INFO  Log:9 - OpEx_Report_Varification Started
2023-12-22 12:33:34 INFO  Log:9 - 
2023-12-22 12:33:34 INFO  Log:9 - Skipped because of - java.lang.AssertionError: The following asserts failed:
	expected [] but found [Select Vessel]
2023-12-22 12:33:34 INFO  Log:9 - OpEx_Report_Varification Started
2023-12-22 12:33:34 INFO  Log:9 - 
2023-12-22 12:33:34 INFO  Log:9 - Skipped because of - java.lang.AssertionError: The following asserts failed:
	expected [] but found [Select Vessel]
2023-12-22 12:33:34 INFO  Log:9 - OpEx_Report_Varification Started
2023-12-22 12:33:34 INFO  Log:9 - 
2023-12-22 12:33:34 INFO  Log:9 - Skipped because of - java.lang.AssertionError: The following asserts failed:
	expected [] but found [Select Vessel]
2023-12-22 12:33:34 INFO  Log:9 - OpEx_Report_Varification Started
2023-12-22 12:33:34 INFO  Log:9 - 
2023-12-22 12:33:34 INFO  Log:9 - Skipped because of - java.lang.AssertionError: The following asserts failed:
	expected [] but found [Select Vessel]
2023-12-22 12:33:34 INFO  Log:9 - OpEx_Report_Varification Started
2023-12-22 12:33:34 INFO  Log:9 - 
2023-12-22 12:33:34 INFO  Log:9 - Skipped because of - java.lang.AssertionError: The following asserts failed:
	expected [] but found [Select Vessel]
2023-12-22 12:33:34 INFO  Log:9 - OpEx_Report_Varification Started
2023-12-22 12:33:34 INFO  Log:9 - 
2023-12-22 12:33:34 INFO  Log:9 - Skipped because of - java.lang.AssertionError: The following asserts failed:
	expected [] but found [Select Vessel]
2023-12-22 12:33:34 INFO  Log:9 - OpEx_Report_Varification Started
2023-12-22 12:33:34 INFO  Log:9 - 
2023-12-22 12:33:34 INFO  Log:9 - Skipped because of - java.lang.AssertionError: The following asserts failed:
	expected [] but found [Select Vessel]
2023-12-22 12:33:34 INFO  Log:9 - OpEx_Report_Varification Started
2023-12-22 12:33:34 INFO  Log:9 - 
2023-12-22 12:33:34 INFO  Log:9 - Skipped because of - java.lang.AssertionError: The following asserts failed:
	expected [] but found [Select Vessel]
2023-12-22 12:33:34 INFO  Log:9 - OpEx_Report_Varification Started
2023-12-22 12:33:34 INFO  Log:9 - 
2023-12-22 12:33:34 INFO  Log:9 - Skipped because of - java.lang.AssertionError: The following asserts failed:
	expected [] but found [Select Vessel]
2023-12-22 12:33:34 INFO  Log:9 - OpEx_Report_Varification Started
2023-12-22 12:33:34 INFO  Log:9 - 
2023-12-22 12:33:34 INFO  Log:9 - Skipped because of - java.lang.AssertionError: The following asserts failed:
	expected [] but found [Select Vessel]
2023-12-22 12:33:34 INFO  Log:9 - OpEx_Report_Varification Started
2023-12-22 12:33:34 INFO  Log:9 - 
2023-12-22 12:33:34 INFO  Log:9 - Skipped because of - java.lang.AssertionError: The following asserts failed:
	expected [] but found [Select Vessel]
2023-12-22 12:33:34 INFO  Log:9 - OpEx_Report_Varification Started
2023-12-22 12:33:34 INFO  Log:9 - 
2023-12-22 12:33:34 INFO  Log:9 - Skipped because of - java.lang.AssertionError: The following asserts failed:
	expected [] but found [Select Vessel]
2023-12-22 12:33:34 INFO  Log:9 - OpEx_Report_Varification Started
2023-12-22 12:33:34 INFO  Log:9 - 
2023-12-22 12:33:34 INFO  Log:9 - Skipped because of - java.lang.AssertionError: The following asserts failed:
	expected [] but found [Select Vessel]
2023-12-22 12:33:34 INFO  Log:9 - OpEx_Report_Varification Started
2023-12-22 12:33:34 INFO  Log:9 - 
2023-12-22 12:33:34 INFO  Log:9 - Skipped because of - java.lang.AssertionError: The following asserts failed:
	expected [] but found [Select Vessel]
2023-12-22 12:33:34 INFO  Log:9 - OpEx_Report_Varification Started
2023-12-22 12:33:34 INFO  Log:9 - 
2023-12-22 12:33:34 INFO  Log:9 - Skipped because of - java.lang.AssertionError: The following asserts failed:
	expected [] but found [Select Vessel]
2023-12-22 12:33:34 INFO  Log:9 - OpEx_Report_Varification Started
2023-12-22 12:33:34 INFO  Log:9 - 
2023-12-22 12:33:34 INFO  Log:9 - Skipped because of - java.lang.AssertionError: The following asserts failed:
	expected [] but found [Select Vessel]
2023-12-22 12:33:34 INFO  Log:9 - OpEx_Report_Varification Started
2023-12-22 12:33:34 INFO  Log:9 - 
2023-12-22 12:33:35 INFO  Log:9 - Skipped because of - java.lang.AssertionError: The following asserts failed:
	expected [] but found [Select Vessel]
2023-12-22 12:33:35 INFO  Log:9 - OpEx_Report_Varification Started
2023-12-22 12:33:35 INFO  Log:9 - 
2023-12-22 12:33:35 INFO  Log:9 - Skipped because of - java.lang.AssertionError: The following asserts failed:
	expected [] but found [Select Vessel]
2023-12-22 12:33:35 INFO  Log:9 - OpEx_Report_Varification Started
2023-12-22 12:33:35 INFO  Log:9 - 
2023-12-22 12:33:35 INFO  Log:9 - Skipped because of - java.lang.AssertionError: The following asserts failed:
	expected [] but found [Select Vessel]
2023-12-22 12:33:35 INFO  Log:9 - OpEx_Report_Varification Started
2023-12-22 12:33:35 INFO  Log:9 - 
2023-12-22 12:33:35 INFO  Log:9 - Skipped because of - java.lang.AssertionError: The following asserts failed:
	expected [] but found [Select Vessel]
2023-12-22 12:33:35 INFO  Log:9 - OpEx_Report_Varification Started
2023-12-22 12:33:35 INFO  Log:9 - 
2023-12-22 12:33:35 INFO  Log:9 - Skipped because of - java.lang.AssertionError: The following asserts failed:
	expected [] but found [Select Vessel]
2023-12-22 12:33:35 INFO  Log:9 - OpEx_Report_Varification Started
2023-12-22 12:33:35 INFO  Log:9 - 
2023-12-22 12:33:35 INFO  Log:9 - Skipped because of - java.lang.AssertionError: The following asserts failed:
	expected [] but found [Select Vessel]
2023-12-22 12:33:35 INFO  Log:9 - OpEx_Report_Varification Started
2023-12-22 12:33:35 INFO  Log:9 - 
2023-12-22 12:33:35 INFO  Log:9 - Skipped because of - java.lang.AssertionError: The following asserts failed:
	expected [] but found [Select Vessel]
2023-12-22 12:33:35 INFO  Log:9 - OpEx_Report_Varification Started
2023-12-22 12:33:35 INFO  Log:9 - 
2023-12-22 12:33:35 INFO  Log:9 - Skipped because of - java.lang.AssertionError: The following asserts failed:
	expected [] but found [Select Vessel]
2023-12-22 12:33:35 INFO  Log:9 - OpEx_Report_Varification Started
2023-12-22 12:33:35 INFO  Log:9 - 
2023-12-22 12:33:35 INFO  Log:9 - Skipped because of - java.lang.AssertionError: The following asserts failed:
	expected [] but found [Select Vessel]
2023-12-22 12:33:35 INFO  Log:9 - OpEx_Report_Varification Started
2023-12-22 12:33:35 INFO  Log:9 - 
2023-12-22 12:33:35 INFO  Log:9 - Skipped because of - java.lang.AssertionError: The following asserts failed:
	expected [] but found [Select Vessel]
2023-12-22 12:33:35 INFO  Log:9 - OpEx_Report_Varification Started
2023-12-22 12:33:35 INFO  Log:9 - 
2023-12-22 12:33:35 INFO  Log:9 - Skipped because of - java.lang.AssertionError: The following asserts failed:
	expected [] but found [Select Vessel]
2023-12-22 12:33:35 INFO  Log:9 - OpEx_Report_Varification Started
2023-12-22 12:33:35 INFO  Log:9 - 
2023-12-22 12:33:35 INFO  Log:9 - Skipped because of - java.lang.AssertionError: The following asserts failed:
	expected [] but found [Select Vessel]
2023-12-22 12:33:35 INFO  Log:9 - OpEx_Report_Varification Started
2023-12-22 12:33:35 INFO  Log:9 - 
2023-12-22 12:33:35 INFO  Log:9 - Skipped because of - java.lang.AssertionError: The following asserts failed:
	expected [] but found [Select Vessel]
2023-12-22 12:33:35 INFO  Log:9 - OpEx_Report_Varification Started
2023-12-22 12:33:35 INFO  Log:9 - 
2023-12-22 12:33:35 INFO  Log:9 - Skipped because of - java.lang.AssertionError: The following asserts failed:
	expected [] but found [Select Vessel]
2023-12-22 12:33:35 INFO  Log:9 - OpEx_Report_Varification Started
2023-12-22 12:33:35 INFO  Log:9 - 
2023-12-22 12:33:36 INFO  Log:9 - Skipped because of - java.lang.AssertionError: The following asserts failed:
	expected [] but found [Select Vessel]
2023-12-22 12:33:36 INFO  Log:9 - OpEx_Report_Varification Started
2023-12-22 12:33:36 INFO  Log:9 - 
2023-12-22 12:33:36 INFO  Log:9 - Skipped because of - java.lang.AssertionError: The following asserts failed:
	expected [] but found [Select Vessel]
2023-12-22 12:33:36 INFO  Log:9 - OpEx_Report_Varification Started
2023-12-22 12:33:36 INFO  Log:9 - 
2023-12-22 12:33:36 INFO  Log:9 - Skipped because of - java.lang.AssertionError: The following asserts failed:
	expected [] but found [Select Vessel]
2023-12-22 12:33:36 INFO  Log:9 - OpEx_Report_Varification Started
2023-12-22 12:33:36 INFO  Log:9 - 
2023-12-22 12:33:36 INFO  Log:9 - Skipped because of - java.lang.AssertionError: The following asserts failed:
	expected [] but found [Select Vessel]
2023-12-22 12:33:36 INFO  Log:9 - OpEx_Report_Varification Started
2023-12-22 12:33:36 INFO  Log:9 - 
2023-12-22 12:33:36 INFO  Log:9 - Skipped because of - java.lang.AssertionError: The following asserts failed:
	expected [] but found [Select Vessel]
2023-12-22 12:33:36 INFO  Log:9 - OpEx_Report_Varification Started
2023-12-22 12:33:36 INFO  Log:9 - 
2023-12-22 12:33:36 INFO  Log:9 - Skipped because of - java.lang.AssertionError: The following asserts failed:
	expected [] but found [Select Vessel]
2023-12-22 12:33:36 INFO  Log:9 - OpEx_Report_Varification Started
2023-12-22 12:33:36 INFO  Log:9 - 
2023-12-22 12:33:36 INFO  Log:9 - Skipped because of - java.lang.AssertionError: The following asserts failed:
	expected [] but found [Select Vessel]
2023-12-22 12:33:36 INFO  Log:9 - OpEx_Report_Varification Started
2023-12-22 12:33:36 INFO  Log:9 - 
2023-12-22 12:33:36 INFO  Log:9 - Skipped because of - java.lang.AssertionError: The following asserts failed:
	expected [] but found [Select Vessel]
2023-12-22 12:33:36 INFO  Log:9 - OpEx_Report_Varification Started
2023-12-22 12:33:36 INFO  Log:9 - 
2023-12-22 12:33:36 INFO  Log:9 - Skipped because of - java.lang.AssertionError: The following asserts failed:
	expected [] but found [Select Vessel]
2023-12-22 12:33:36 INFO  Log:9 - OpEx_Report_Varification Started
2023-12-22 12:33:36 INFO  Log:9 - 
2023-12-22 12:33:36 INFO  Log:9 - Skipped because of - java.lang.AssertionError: The following asserts failed:
	expected [] but found [Select Vessel]
2023-12-22 12:33:36 INFO  Log:9 - OpEx_Report_Varification Started
2023-12-22 12:33:36 INFO  Log:9 - 
2023-12-22 12:33:36 INFO  Log:9 - Skipped because of - java.lang.AssertionError: The following asserts failed:
	expected [] but found [Select Vessel]
2023-12-22 12:33:36 INFO  Log:9 - OpEx_Report_Varification Started
2023-12-22 12:33:36 INFO  Log:9 - 
2023-12-22 12:33:36 INFO  Log:9 - Skipped because of - java.lang.AssertionError: The following asserts failed:
	expected [] but found [Select Vessel]
2023-12-22 12:33:36 INFO  Log:9 - OpEx_Report_Varification Started
2023-12-22 12:33:36 INFO  Log:9 - 
2023-12-22 12:33:36 INFO  Log:9 - Skipped because of - java.lang.AssertionError: The following asserts failed:
	expected [] but found [Select Vessel]
2023-12-22 12:33:36 INFO  Log:9 - OpEx_Report_Varification Started
2023-12-22 12:33:36 INFO  Log:9 - 
2023-12-22 12:33:36 INFO  Log:9 - Skipped because of - java.lang.AssertionError: The following asserts failed:
	expected [] but found [Select Vessel]
2023-12-22 12:33:36 INFO  Log:9 - OpEx_Report_Varification Started
2023-12-22 12:33:36 INFO  Log:9 - 
2023-12-22 12:33:36 INFO  Log:9 - Skipped because of - java.lang.AssertionError: The following asserts failed:
	expected [] but found [Select Vessel]
2023-12-22 12:33:36 INFO  Log:9 - OpEx_Report_Varification Started
2023-12-22 12:33:36 INFO  Log:9 - 
2023-12-22 12:33:36 INFO  Log:9 - Skipped because of - java.lang.AssertionError: The following asserts failed:
	expected [] but found [Select Vessel]
2023-12-22 12:33:36 INFO  Log:9 - OpEx_Report_Varification Started
2023-12-22 12:33:36 INFO  Log:9 - 
2023-12-22 12:33:36 INFO  Log:9 - Skipped because of - java.lang.AssertionError: The following asserts failed:
	expected [] but found [Select Vessel]
2023-12-22 12:33:36 INFO  Log:9 - OpEx_Report_Varification Started
2023-12-22 12:33:36 INFO  Log:9 - 
2023-12-22 12:33:36 INFO  Log:9 - Skipped because of - java.lang.AssertionError: The following asserts failed:
	expected [] but found [Select Vessel]
2023-12-22 12:33:36 INFO  Log:9 - OpEx_Report_Varification Started
2023-12-22 12:33:36 INFO  Log:9 - 
2023-12-22 12:33:36 INFO  Log:9 - Skipped because of - java.lang.AssertionError: The following asserts failed:
	expected [] but found [Select Vessel]
2023-12-22 12:33:37 INFO  Log:9 - OpEx_Report_Varification Started
2023-12-22 12:33:37 INFO  Log:9 - 
2023-12-22 12:33:37 INFO  Log:9 - Skipped because of - java.lang.AssertionError: The following asserts failed:
	expected [] but found [Select Vessel]
2023-12-22 12:33:37 INFO  Log:9 - OpEx_Report_Varification Started
2023-12-22 12:33:37 INFO  Log:9 - 
2023-12-22 12:33:37 INFO  Log:9 - Skipped because of - java.lang.AssertionError: The following asserts failed:
	expected [] but found [Select Vessel]
2023-12-22 12:33:37 INFO  Log:9 - OpEx_Report_Varification Started
2023-12-22 12:33:37 INFO  Log:9 - 
2023-12-22 12:33:37 INFO  Log:9 - Skipped because of - java.lang.AssertionError: The following asserts failed:
	expected [] but found [Select Vessel]
2023-12-22 12:33:37 INFO  Log:9 - OpEx_Report_Varification Started
2023-12-22 12:33:37 INFO  Log:9 - 
2023-12-22 12:33:37 INFO  Log:9 - Skipped because of - java.lang.AssertionError: The following asserts failed:
	expected [] but found [Select Vessel]
2023-12-22 12:33:37 INFO  Log:9 - OpEx_Report_Varification Started
2023-12-22 12:33:37 INFO  Log:9 - 
2023-12-22 12:33:37 INFO  Log:9 - Skipped because of - java.lang.AssertionError: The following asserts failed:
	expected [] but found [Select Vessel]
2023-12-22 12:33:37 INFO  Log:9 - OpEx_Report_Varification Started
2023-12-22 12:33:37 INFO  Log:9 - 
2023-12-22 12:33:37 INFO  Log:9 - Skipped because of - java.lang.AssertionError: The following asserts failed:
	expected [] but found [Select Vessel]
2023-12-22 12:33:37 INFO  Log:9 - OpEx_Report_Varification Started
2023-12-22 12:33:37 INFO  Log:9 - 
2023-12-22 12:33:37 INFO  Log:9 - Skipped because of - java.lang.AssertionError: The following asserts failed:
	expected [] but found [Select Vessel]
2023-12-22 12:33:37 INFO  Log:9 - OpEx_Report_Varification Started
2023-12-22 12:33:37 INFO  Log:9 - 
2023-12-22 12:33:37 INFO  Log:9 - Skipped because of - java.lang.AssertionError: The following asserts failed:
	expected [] but found [Select Vessel]
2023-12-22 12:33:37 INFO  Log:9 - OpEx_Report_Varification Started
2023-12-22 12:33:37 INFO  Log:9 - 
2023-12-22 12:33:37 INFO  Log:9 - Skipped because of - java.lang.AssertionError: The following asserts failed:
	expected [] but found [Select Vessel]
2023-12-22 12:33:37 INFO  Log:9 - OpEx_Report_Varification Started
2023-12-22 12:33:37 INFO  Log:9 - 
2023-12-22 12:33:37 INFO  Log:9 - Skipped because of - java.lang.AssertionError: The following asserts failed:
	expected [] but found [Select Vessel]
2023-12-22 12:33:37 INFO  Log:9 - OpEx_Report_Varification Started
2023-12-22 12:33:37 INFO  Log:9 - 
2023-12-22 12:33:37 INFO  Log:9 - Skipped because of - java.lang.AssertionError: The following asserts failed:
	expected [] but found [Select Vessel]
2023-12-22 12:33:37 INFO  Log:9 - OpEx_Report_Varification Started
2023-12-22 12:33:37 INFO  Log:9 - 
2023-12-22 12:33:37 INFO  Log:9 - Skipped because of - java.lang.AssertionError: The following asserts failed:
	expected [] but found [Select Vessel]
2023-12-22 12:33:37 INFO  Log:9 - OpEx_Report_Varification Started
2023-12-22 12:33:37 INFO  Log:9 - 
2023-12-22 12:33:37 INFO  Log:9 - Skipped because of - java.lang.AssertionError: The following asserts failed:
	expected [] but found [Select Vessel]
2023-12-22 12:33:37 INFO  Log:9 - OpEx_Report_Varification Started
2023-12-22 12:33:37 INFO  Log:9 - 
2023-12-22 12:33:37 INFO  Log:9 - Skipped because of - java.lang.AssertionError: The following asserts failed:
	expected [] but found [Select Vessel]
2023-12-22 12:33:37 INFO  Log:9 - OpEx_Report_Varification Started
2023-12-22 12:33:37 INFO  Log:9 - 
2023-12-22 12:33:37 INFO  Log:9 - Skipped because of - java.lang.AssertionError: The following asserts failed:
	expected [] but found [Select Vessel]
2023-12-22 12:33:37 INFO  Log:9 - OpEx_Report_Varification Started
2023-12-22 12:33:37 INFO  Log:9 - 
2023-12-22 12:33:37 INFO  Log:9 - Skipped because of - java.lang.AssertionError: The following asserts failed:
	expected [] but found [Select Vessel]
2023-12-22 12:33:37 INFO  Log:9 - OpEx_Report_Varification Started
2023-12-22 12:33:37 INFO  Log:9 - 
2023-12-22 12:33:37 INFO  Log:9 - Skipped because of - java.lang.AssertionError: The following asserts failed:
	expected [] but found [Select Vessel]
2023-12-22 12:33:37 INFO  Log:9 - OpEx_Report_Varification Started
2023-12-22 12:33:37 INFO  Log:9 - 
2023-12-22 12:33:37 INFO  Log:9 - Skipped because of - java.lang.AssertionError: The following asserts failed:
	expected [] but found [Select Vessel]
2023-12-22 12:33:37 INFO  Log:9 - OpEx_Report_Varification Started
2023-12-22 12:33:37 INFO  Log:9 - 
2023-12-22 12:33:38 INFO  Log:9 - Skipped because of - java.lang.AssertionError: The following asserts failed:
	expected [] but found [Select Vessel]
2023-12-22 12:33:38 INFO  Log:9 - OpEx_Report_Varification Started
2023-12-22 12:33:38 INFO  Log:9 - 
2023-12-22 12:33:38 INFO  Log:9 - Skipped because of - java.lang.AssertionError: The following asserts failed:
	expected [] but found [Select Vessel]
2023-12-22 12:33:38 INFO  Log:9 - OpEx_Report_Varification Started
2023-12-22 12:33:38 INFO  Log:9 - 
2023-12-22 12:33:38 INFO  Log:9 - Skipped because of - java.lang.AssertionError: The following asserts failed:
	expected [] but found [Select Vessel]
2023-12-22 12:33:38 INFO  Log:9 - OpEx_Report_Varification Started
2023-12-22 12:33:38 INFO  Log:9 - 
2023-12-22 12:33:38 INFO  Log:9 - Skipped because of - java.lang.AssertionError: The following asserts failed:
	expected [] but found [Select Vessel]
2023-12-22 12:33:38 INFO  Log:9 - OpEx_Report_Varification Started
2023-12-22 12:33:38 INFO  Log:9 - 
2023-12-22 12:33:38 INFO  Log:9 - Skipped because of - java.lang.AssertionError: The following asserts failed:
	expected [] but found [Select Vessel]
2023-12-22 12:33:38 INFO  Log:9 - OpEx_Report_Varification Started
2023-12-22 12:33:38 INFO  Log:9 - 
2023-12-22 12:33:38 INFO  Log:9 - Skipped because of - java.lang.AssertionError: The following asserts failed:
	expected [] but found [Select Vessel]
2023-12-22 12:33:38 INFO  Log:9 - OpEx_Report_Varification Started
2023-12-22 12:33:38 INFO  Log:9 - 
2023-12-22 12:33:38 INFO  Log:9 - Skipped because of - java.lang.AssertionError: The following asserts failed:
	expected [] but found [Select Vessel]
2023-12-22 12:33:38 INFO  Log:9 - OpEx_Report_Varification Started
2023-12-22 12:33:38 INFO  Log:9 - 
2023-12-22 12:33:38 INFO  Log:9 - Skipped because of - java.lang.AssertionError: The following asserts failed:
	expected [] but found [Select Vessel]
2023-12-22 12:33:38 INFO  Log:9 - OpEx_Report_Varification Started
2023-12-22 12:33:38 INFO  Log:9 - 
2023-12-22 12:33:38 INFO  Log:9 - Skipped because of - java.lang.AssertionError: The following asserts failed:
	expected [] but found [Select Vessel]
2023-12-22 12:33:38 INFO  Log:9 - OpEx_Report_Varification Started
2023-12-22 12:33:38 INFO  Log:9 - 
2023-12-22 12:33:38 INFO  Log:9 - Skipped because of - java.lang.AssertionError: The following asserts failed:
	expected [] but found [Select Vessel]
2023-12-22 12:33:38 INFO  Log:9 - OpEx_Report_Varification Started
2023-12-22 12:33:38 INFO  Log:9 - 
2023-12-22 12:33:38 INFO  Log:9 - Skipped because of - java.lang.AssertionError: The following asserts failed:
	expected [] but found [Select Vessel]
2023-12-22 12:33:38 INFO  Log:9 - OpEx_Report_Varification Started
2023-12-22 12:33:38 INFO  Log:9 - 
2023-12-22 12:33:38 INFO  Log:9 - Skipped because of - java.lang.AssertionError: The following asserts failed:
	expected [] but found [Select Vessel]
2023-12-22 12:33:38 INFO  Log:9 - OpEx_Report_Varification Started
2023-12-22 12:33:38 INFO  Log:9 - 
2023-12-22 12:33:38 INFO  Log:9 - Skipped because of - java.lang.AssertionError: The following asserts failed:
	expected [] but found [Select Vessel]
2023-12-22 12:33:38 INFO  Log:9 - OpEx_Report_Varification Started
2023-12-22 12:33:38 INFO  Log:9 - 
2023-12-22 12:33:38 INFO  Log:9 - Skipped because of - java.lang.AssertionError: The following asserts failed:
	expected [] but found [Select Vessel]
2023-12-22 12:33:38 INFO  Log:9 - OpEx_Report_Varification Started
2023-12-22 12:33:38 INFO  Log:9 - 
2023-12-22 12:33:39 INFO  Log:9 - Skipped because of - java.lang.AssertionError: The following asserts failed:
	expected [] but found [Select Vessel]
2023-12-22 12:33:39 INFO  Log:9 - OpEx_Report_Varification Started
2023-12-22 12:33:39 INFO  Log:9 - 
2023-12-22 12:33:39 INFO  Log:9 - Skipped because of - java.lang.AssertionError: The following asserts failed:
	expected [] but found [Select Vessel]
2023-12-22 12:33:39 INFO  Log:9 - OpEx_Report_Varification Started
2023-12-22 12:33:39 INFO  Log:9 - 
2023-12-22 12:33:39 INFO  Log:9 - Skipped because of - java.lang.AssertionError: The following asserts failed:
	expected [] but found [Select Vessel]
2023-12-22 12:33:39 INFO  Log:9 - OpEx_Report_Varification Started
2023-12-22 12:33:39 INFO  Log:9 - 
2023-12-22 12:33:39 INFO  Log:9 - Skipped because of - java.lang.AssertionError: The following asserts failed:
	expected [] but found [Select Vessel]
2023-12-22 12:33:39 INFO  Log:9 - OpEx_Report_Varification Started
2023-12-22 12:33:39 INFO  Log:9 - 
2023-12-22 12:33:39 INFO  Log:9 - Skipped because of - java.lang.AssertionError: The following asserts failed:
	expected [] but found [Select Vessel]
2023-12-22 12:33:39 INFO  Log:9 - OpEx_Report_Varification Started
2023-12-22 12:33:39 INFO  Log:9 - 
2023-12-22 12:33:39 INFO  Log:9 - Skipped because of - java.lang.AssertionError: The following asserts failed:
	expected [] but found [Select Vessel]
2023-12-22 12:33:39 INFO  Log:9 - OpEx_Report_Varification Started
2023-12-22 12:33:39 INFO  Log:9 - 
2023-12-22 12:33:39 INFO  Log:9 - Skipped because of - java.lang.AssertionError: The following asserts failed:
	expected [] but found [Select Vessel]
2023-12-22 12:33:39 INFO  Log:9 - OpEx_Report_Varification Started
2023-12-22 12:33:39 INFO  Log:9 - 
2023-12-22 12:33:39 INFO  Log:9 - Skipped because of - java.lang.AssertionError: The following asserts failed:
	expected [] but found [Select Vessel]
2023-12-22 12:33:39 INFO  Log:9 - OpEx_Report_Varification Started
2023-12-22 12:33:39 INFO  Log:9 - 
2023-12-22 12:33:39 INFO  Log:9 - Skipped because of - java.lang.AssertionError: The following asserts failed:
	expected [] but found [Select Vessel]
2023-12-22 12:33:39 INFO  Log:9 - OpEx_Report_Varification Started
2023-12-22 12:33:39 INFO  Log:9 - 
2023-12-22 12:33:39 INFO  Log:9 - Skipped because of - java.lang.AssertionError: The following asserts failed:
	expected [] but found [Select Vessel]
2023-12-22 12:33:39 INFO  Log:9 - OpEx_Report_Varification Started
2023-12-22 12:33:39 INFO  Log:9 - 
2023-12-22 12:33:39 INFO  Log:9 - Skipped because of - java.lang.AssertionError: The following asserts failed:
	expected [] but found [Select Vessel]
2023-12-22 12:33:39 INFO  Log:9 - OpEx_Report_Varification Started
2023-12-22 12:33:39 INFO  Log:9 - 
2023-12-22 12:33:39 INFO  Log:9 - Skipped because of - java.lang.AssertionError: The following asserts failed:
	expected [] but found [Select Vessel]
2023-12-22 12:33:39 INFO  Log:9 - OpEx_Report_Varification Started
2023-12-22 12:33:39 INFO  Log:9 - 
2023-12-22 12:33:39 INFO  Log:9 - Skipped because of - java.lang.AssertionError: The following asserts failed:
	expected [] but found [Select Vessel]
2023-12-22 12:33:39 INFO  Log:9 - OpEx_Report_Varification Started
2023-12-22 12:33:39 INFO  Log:9 - 
2023-12-22 12:33:39 INFO  Log:9 - Skipped because of - java.lang.AssertionError: The following asserts failed:
	expected [] but found [Select Vessel]
2023-12-22 12:33:39 INFO  Log:9 - OpEx_Report_Varification Started
2023-12-22 12:33:39 INFO  Log:9 - 
2023-12-22 12:33:40 INFO  Log:9 - Skipped because of - java.lang.AssertionError: The following asserts failed:
	expected [] but found [Select Vessel]
2023-12-22 12:33:40 INFO  Log:9 - OpEx_Report_Varification Started
2023-12-22 12:33:40 INFO  Log:9 - 
2023-12-22 12:33:40 INFO  Log:9 - Skipped because of - java.lang.AssertionError: The following asserts failed:
	expected [] but found [Select Vessel]
2023-12-22 12:33:40 INFO  Log:9 - OpEx_Report_Varification Started
2023-12-22 12:33:40 INFO  Log:9 - 
2023-12-22 12:33:40 INFO  Log:9 - Skipped because of - java.lang.AssertionError: The following asserts failed:
	expected [] but found [Select Vessel]
2023-12-22 12:33:40 INFO  Log:9 - OpEx_Report_Varification Started
2023-12-22 12:33:40 INFO  Log:9 - 
2023-12-22 12:33:40 INFO  Log:9 - Skipped because of - java.lang.AssertionError: The following asserts failed:
	expected [] but found [Select Vessel]
2023-12-22 12:33:40 INFO  Log:9 - OpEx_Report_Varification Started
2023-12-22 12:33:40 INFO  Log:9 - 
2023-12-22 12:33:40 INFO  Log:9 - Skipped because of - java.lang.AssertionError: The following asserts failed:
	expected [] but found [Select Vessel]
2023-12-22 12:33:40 INFO  Log:9 - OpEx_Report_Varification Started
2023-12-22 12:33:40 INFO  Log:9 - 
2023-12-22 12:33:40 INFO  Log:9 - Skipped because of - java.lang.AssertionError: The following asserts failed:
	expected [] but found [Select Vessel]
2023-12-22 12:33:40 INFO  Log:9 - OpEx_Report_Varification Started
2023-12-22 12:33:40 INFO  Log:9 - 
2023-12-22 12:33:40 INFO  Log:9 - Skipped because of - java.lang.AssertionError: The following asserts failed:
	expected [] but found [Select Vessel]
2023-12-22 12:33:40 INFO  Log:9 - OpEx_Report_Varification Started
2023-12-22 12:33:40 INFO  Log:9 - 
2023-12-22 12:33:40 INFO  Log:9 - Skipped because of - java.lang.AssertionError: The following asserts failed:
	expected [] but found [Select Vessel]
2023-12-22 12:33:40 INFO  Log:9 - OpEx_Report_Varification Started
2023-12-22 12:33:40 INFO  Log:9 - 
2023-12-22 12:33:40 INFO  Log:9 - Skipped because of - java.lang.AssertionError: The following asserts failed:
	expected [] but found [Select Vessel]
2023-12-22 12:33:40 INFO  Log:9 - OpEx_Report_Varification Started
2023-12-22 12:33:40 INFO  Log:9 - 
2023-12-22 12:33:40 INFO  Log:9 - Skipped because of - java.lang.AssertionError: The following asserts failed:
	expected [] but found [Select Vessel]
2023-12-22 12:33:40 INFO  Log:9 - OpEx_Report_Varification Started
2023-12-22 12:33:40 INFO  Log:9 - 
2023-12-22 12:33:40 INFO  Log:9 - Skipped because of - java.lang.AssertionError: The following asserts failed:
	expected [] but found [Select Vessel]
2023-12-22 12:33:40 INFO  Log:9 - OpEx_Report_Varification Started
2023-12-22 12:33:40 INFO  Log:9 - 
2023-12-22 12:33:40 INFO  Log:9 - Skipped because of - java.lang.AssertionError: The following asserts failed:
	expected [] but found [Select Vessel]
2023-12-22 12:33:40 INFO  Log:9 - OpEx_Report_Varification Started
2023-12-22 12:33:40 INFO  Log:9 - 
2023-12-22 12:33:41 INFO  Log:9 - Skipped because of - java.lang.AssertionError: The following asserts failed:
	expected [] but found [Select Vessel]
2023-12-22 12:33:41 INFO  Log:9 - OpEx_Report_Varification Started
2023-12-22 12:33:41 INFO  Log:9 - 
2023-12-22 12:33:41 INFO  Log:9 - Skipped because of - java.lang.AssertionError: The following asserts failed:
	expected [] but found [Select Vessel]
2023-12-22 12:33:41 INFO  Log:9 - OpEx_Report_Varification Started
2023-12-22 12:33:41 INFO  Log:9 - 
2023-12-22 12:33:41 INFO  Log:9 - Skipped because of - java.lang.AssertionError: The following asserts failed:
	expected [] but found [Select Vessel]
2023-12-22 12:33:41 INFO  Log:9 - OpEx_Report_Varification Started
2023-12-22 12:33:41 INFO  Log:9 - 
2023-12-22 12:33:41 INFO  Log:9 - Skipped because of - java.lang.AssertionError: The following asserts failed:
	expected [] but found [Select Vessel]
2023-12-22 12:33:41 INFO  Log:9 - OpEx_Report_Varification Started
2023-12-22 12:33:41 INFO  Log:9 - 
2023-12-22 12:33:42 INFO  Log:9 - Skipped because of - java.lang.AssertionError: The following asserts failed:
	expected [] but found [Select Vessel]
2023-12-22 12:33:42 INFO  Log:9 - OpEx_Report_Varification Started
2023-12-22 12:33:42 INFO  Log:9 - 
2023-12-22 12:33:42 INFO  Log:9 - Skipped because of - java.lang.AssertionError: The following asserts failed:
	expected [] but found [Select Vessel]
2023-12-22 12:33:42 INFO  Log:9 - OpEx_Report_Varification Started
2023-12-22 12:33:42 INFO  Log:9 - 
2023-12-22 12:33:43 INFO  Log:9 - Skipped because of - java.lang.AssertionError: The following asserts failed:
	expected [] but found [Select Vessel]
2023-12-22 12:33:43 INFO  Log:9 - OpEx_Report_Varification Started
2023-12-22 12:33:43 INFO  Log:9 - 
2023-12-22 12:33:43 INFO  Log:9 - Skipped because of - java.lang.AssertionError: The following asserts failed:
	expected [] but found [Select Vessel]
2023-12-22 12:33:43 INFO  Log:9 - OpEx_Report_Varification Started
2023-12-22 12:33:43 INFO  Log:9 - 
2023-12-22 12:33:44 INFO  Log:9 - Skipped because of - java.lang.AssertionError: The following asserts failed:
	expected [] but found [Select Vessel]
2023-12-22 12:33:44 INFO  Log:9 - OpEx_Report_Varification Started
2023-12-22 12:33:44 INFO  Log:9 - 
2023-12-22 12:33:44 INFO  Log:9 - Skipped because of - java.lang.AssertionError: The following asserts failed:
	expected [] but found [Select Vessel]
2023-12-22 12:33:44 INFO  Log:9 - OpEx_Report_Varification Started
2023-12-22 12:33:44 INFO  Log:9 - 
2023-12-22 12:33:44 INFO  Log:9 - Skipped because of - java.lang.AssertionError: The following asserts failed:
	expected [] but found [Select Vessel]
2023-12-22 12:33:44 INFO  Log:9 - OpEx_Report_Varification Started
2023-12-22 12:33:44 INFO  Log:9 - 
2023-12-22 12:33:44 INFO  Log:9 - Skipped because of - java.lang.AssertionError: The following asserts failed:
	expected [] but found [Select Vessel]
2023-12-22 12:33:44 INFO  Log:9 - OpEx_Report_Varification Started
2023-12-22 12:33:44 INFO  Log:9 - 
2023-12-22 12:33:44 INFO  Log:9 - Skipped because of - java.lang.AssertionError: The following asserts failed:
	expected [] but found [Select Vessel]
2023-12-22 12:33:44 INFO  Log:9 - OpEx_Report_Varification Started
2023-12-22 12:33:44 INFO  Log:9 - 
2023-12-22 12:33:44 INFO  Log:9 - Skipped because of - java.lang.AssertionError: The following asserts failed:
	expected [] but found [Select Vessel]
2023-12-22 12:33:44 INFO  Log:9 - OpEx_Report_Varification Started
2023-12-22 12:33:44 INFO  Log:9 - 
2023-12-22 12:33:44 INFO  Log:9 - Skipped because of - java.lang.AssertionError: The following asserts failed:
	expected [] but found [Select Vessel]
2023-12-22 12:33:44 INFO  Log:9 - OpEx_Report_Varification Started
2023-12-22 12:33:44 INFO  Log:9 - 
2023-12-22 12:33:44 INFO  Log:9 - Skipped because of - java.lang.AssertionError: The following asserts failed:
	expected [] but found [Select Vessel]
2023-12-22 12:33:44 INFO  Log:9 - OpEx_Report_Varification Started
2023-12-22 12:33:44 INFO  Log:9 - 
2023-12-22 12:33:44 INFO  Log:9 - Skipped because of - java.lang.AssertionError: The following asserts failed:
	expected [] but found [Select Vessel]
2023-12-22 12:33:44 INFO  Log:9 - OpEx_Report_Varification Started
2023-12-22 12:33:44 INFO  Log:9 - 
2023-12-22 12:33:44 INFO  Log:9 - Skipped because of - java.lang.AssertionError: The following asserts failed:
	expected [] but found [Select Vessel]
2023-12-22 12:33:44 INFO  Log:9 - OpEx_Report_Varification Started
2023-12-22 12:33:44 INFO  Log:9 - 
2023-12-22 12:33:44 INFO  Log:9 - Skipped because of - java.lang.AssertionError: The following asserts failed:
	expected [] but found [Select Vessel]
2023-12-22 12:33:44 INFO  Log:9 - OpEx_Report_Varification Started
2023-12-22 12:33:44 INFO  Log:9 - 
2023-12-22 12:33:45 INFO  Log:9 - Skipped because of - java.lang.AssertionError: The following asserts failed:
	expected [] but found [Select Vessel]
2023-12-22 12:33:45 INFO  Log:9 - OpEx_Report_Varification Started
2023-12-22 12:33:45 INFO  Log:9 - 
2023-12-22 12:33:45 INFO  Log:9 - Skipped because of - java.lang.AssertionError: The following asserts failed:
	expected [] but found [Select Vessel]
2023-12-22 12:33:45 INFO  Log:9 - OpEx_Report_Varification Started
2023-12-22 12:33:45 INFO  Log:9 - 
2023-12-22 12:33:45 INFO  Log:9 - Skipped because of - java.lang.AssertionError: The following asserts failed:
	expected [] but found [Select Vessel]
2023-12-22 12:33:45 INFO  Log:9 - OpEx_Report_Varification Started
2023-12-22 12:33:45 INFO  Log:9 - 
2023-12-22 12:33:45 INFO  Log:9 - Skipped because of - java.lang.AssertionError: The following asserts failed:
	expected [] but found [Select Vessel]
2023-12-22 12:33:45 INFO  Log:9 - OpEx_Report_Varification Started
2023-12-22 12:33:45 INFO  Log:9 - 
2023-12-22 12:33:45 INFO  Log:9 - Skipped because of - java.lang.AssertionError: The following asserts failed:
	expected [] but found [Select Vessel]
2023-12-22 12:33:45 INFO  Log:9 - OpEx_Report_Varification Started
2023-12-22 12:33:45 INFO  Log:9 - 
2023-12-22 12:33:45 INFO  Log:9 - Skipped because of - java.lang.AssertionError: The following asserts failed:
	expected [] but found [Select Vessel]
2023-12-22 12:33:45 INFO  Log:9 - OpEx_Report_Varification Started
2023-12-22 12:33:45 INFO  Log:9 - 
2023-12-22 12:33:45 INFO  Log:9 - Skipped because of - java.lang.AssertionError: The following asserts failed:
	expected [] but found [Select Vessel]
2023-12-22 12:33:45 INFO  Log:9 - OpEx_Report_Varification Started
2023-12-22 12:33:45 INFO  Log:9 - 
2023-12-22 12:33:45 INFO  Log:9 - Skipped because of - java.lang.AssertionError: The following asserts failed:
	expected [] but found [Select Vessel]
2023-12-22 12:33:45 INFO  Log:9 - OpEx_Report_Varification Started
2023-12-22 12:33:45 INFO  Log:9 - 
2023-12-22 12:33:45 INFO  Log:9 - Skipped because of - java.lang.AssertionError: The following asserts failed:
	expected [] but found [Select Vessel]
2023-12-22 12:33:45 INFO  Log:9 - OpEx_Report_Varification Started
2023-12-22 12:33:45 INFO  Log:9 - 
2023-12-22 12:33:45 INFO  Log:9 - Skipped because of - java.lang.AssertionError: The following asserts failed:
	expected [] but found [Select Vessel]
2023-12-22 12:33:45 INFO  Log:9 - OpEx_Report_Varification Started
2023-12-22 12:33:45 INFO  Log:9 - 
2023-12-22 12:33:45 INFO  Log:9 - Skipped because of - java.lang.AssertionError: The following asserts failed:
	expected [] but found [Select Vessel]
2023-12-22 12:33:45 INFO  Log:9 - OpEx_Report_Varification Started
2023-12-22 12:33:45 INFO  Log:9 - 
2023-12-22 12:33:46 INFO  Log:9 - Skipped because of - java.lang.AssertionError: The following asserts failed:
	expected [] but found [Select Vessel]
2023-12-22 12:33:46 INFO  Log:9 - OpEx_Report_Varification Started
2023-12-22 12:33:46 INFO  Log:9 - 
2023-12-22 12:33:46 INFO  Log:9 - Skipped because of - java.lang.AssertionError: The following asserts failed:
	expected [] but found [Select Vessel]
2023-12-22 12:33:46 INFO  Log:9 - OpEx_Report_Varification Started
2023-12-22 12:33:46 INFO  Log:9 - 
2023-12-22 12:33:46 INFO  Log:9 - Skipped because of - java.lang.AssertionError: The following asserts failed:
	expected [] but found [Select Vessel]
2023-12-22 12:33:46 INFO  Log:9 - OpEx_Report_Varification Started
2023-12-22 12:33:46 INFO  Log:9 - 
2023-12-22 12:33:46 INFO  Log:9 - Skipped because of - java.lang.AssertionError: The following asserts failed:
	expected [] but found [Select Vessel]
2023-12-22 12:33:46 INFO  Log:9 - OpEx_Report_Varification Started
2023-12-22 12:33:46 INFO  Log:9 - 
2023-12-22 12:33:46 INFO  Log:9 - Skipped because of - java.lang.AssertionError: The following asserts failed:
	expected [] but found [Select Vessel]
2023-12-22 12:33:46 INFO  Log:9 - OpEx_Report_Varification Started
2023-12-22 12:33:46 INFO  Log:9 - 
2023-12-22 12:33:46 INFO  Log:9 - Skipped because of - java.lang.AssertionError: The following asserts failed:
	expected [] but found [Select Vessel]
2023-12-22 12:33:46 INFO  Log:9 - OpEx_Report_Varification Started
2023-12-22 12:33:46 INFO  Log:9 - 
2023-12-22 12:33:46 INFO  Log:9 - Skipped because of - java.lang.AssertionError: The following asserts failed:
	expected [] but found [Select Vessel]
2023-12-22 12:33:46 INFO  Log:9 - OpEx_Report_Varification Started
2023-12-22 12:33:46 INFO  Log:9 - 
2023-12-22 12:33:46 INFO  Log:9 - Skipped because of - java.lang.AssertionError: The following asserts failed:
	expected [] but found [Select Vessel]
2023-12-22 12:33:46 INFO  Log:9 - OpEx_Report_Varification Started
2023-12-22 12:33:46 INFO  Log:9 - 
2023-12-22 12:33:47 INFO  Log:9 - Skipped because of - java.lang.AssertionError: The following asserts failed:
	expected [] but found [Select Vessel]
2023-12-22 12:33:47 INFO  Log:9 - OpEx_Report_Varification Started
2023-12-22 12:33:47 INFO  Log:9 - 
2023-12-22 12:33:47 INFO  Log:9 - Skipped because of - java.lang.AssertionError: The following asserts failed:
	expected [] but found [Select Vessel]
2023-12-22 12:33:47 INFO  Log:9 - OpEx_Report_Varification Started
2023-12-22 12:33:47 INFO  Log:9 - 
2023-12-22 12:33:47 INFO  Log:9 - Skipped because of - java.lang.AssertionError: The following asserts failed:
	expected [] but found [Select Vessel]
2023-12-22 12:33:47 INFO  Log:9 - OpEx_Report_Varification Started
2023-12-22 12:33:47 INFO  Log:9 - 
2023-12-22 12:33:47 INFO  Log:9 - Skipped because of - java.lang.AssertionError: The following asserts failed:
	expected [] but found [Select Vessel]
2023-12-22 12:33:47 INFO  Log:9 - OpEx_Report_Varification Started
2023-12-22 12:33:47 INFO  Log:9 - 
2023-12-22 12:33:47 INFO  Log:9 - Skipped because of - java.lang.AssertionError: The following asserts failed:
	expected [] but found [Select Vessel]
2023-12-22 12:33:47 INFO  Log:9 - OpEx_Report_Varification Started
2023-12-22 12:33:47 INFO  Log:9 - 
2023-12-22 12:33:47 INFO  Log:9 - Skipped because of - java.lang.AssertionError: The following asserts failed:
	expected [] but found [Select Vessel]
2023-12-22 12:33:47 INFO  Log:9 - OpEx_Report_Varification Started
2023-12-22 12:33:47 INFO  Log:9 - 
2023-12-22 12:33:47 INFO  Log:9 - Skipped because of - java.lang.AssertionError: The following asserts failed:
	expected [] but found [Select Vessel]
2023-12-22 12:33:47 INFO  Log:9 - OpEx_Report_Varification Started
2023-12-22 12:33:47 INFO  Log:9 - 
2023-12-22 12:33:47 INFO  Log:9 - Skipped because of - java.lang.AssertionError: The following asserts failed:
	expected [] but found [Select Vessel]
2023-12-22 12:33:47 INFO  Log:9 - OpEx_Report_Varification Started
2023-12-22 12:33:47 INFO  Log:9 - 
2023-12-22 12:33:47 INFO  Log:9 - Skipped because of - java.lang.AssertionError: The following asserts failed:
	expected [] but found [Select Vessel]
2023-12-22 12:33:47 INFO  Log:9 - OpEx_Report_Varification Started
2023-12-22 12:33:47 INFO  Log:9 - 
2023-12-22 12:33:48 INFO  Log:9 - Skipped because of - java.lang.AssertionError: The following asserts failed:
	expected [] but found [Select Vessel]
2023-12-22 12:33:48 INFO  Log:9 - OpEx_Report_Varification Started
2023-12-22 12:33:48 INFO  Log:9 - 
2023-12-22 12:33:48 INFO  Log:9 - Skipped because of - java.lang.AssertionError: The following asserts failed:
	expected [] but found [Select Vessel]
2023-12-22 12:33:48 INFO  Log:9 - OpEx_Report_Varification Started
2023-12-22 12:33:48 INFO  Log:9 - 
2023-12-22 12:33:48 INFO  Log:9 - Skipped because of - java.lang.AssertionError: The following asserts failed:
	expected [] but found [Select Vessel]
2023-12-22 12:33:48 INFO  Log:9 - OpEx_Report_Varification Started
2023-12-22 12:33:48 INFO  Log:9 - 
2023-12-22 12:33:48 INFO  Log:9 - Skipped because of - java.lang.AssertionError: The following asserts failed:
	expected [] but found [Select Vessel]
2023-12-22 12:33:48 INFO  Log:9 - OpEx_Report_Varification Started
2023-12-22 12:33:48 INFO  Log:9 - 
2023-12-22 12:33:48 INFO  Log:9 - Skipped because of - java.lang.AssertionError: The following asserts failed:
	expected [] but found [Select Vessel]
2023-12-22 12:33:48 INFO  Log:9 - OpEx_Report_Varification Started
2023-12-22 12:33:48 INFO  Log:9 - 
2023-12-22 12:33:48 INFO  Log:9 - Skipped because of - java.lang.AssertionError: The following asserts failed:
	expected [] but found [Select Vessel]
2023-12-22 12:33:48 INFO  Log:9 - OpEx_Report_Varification Started
2023-12-22 12:33:48 INFO  Log:9 - 
2023-12-22 12:33:49 INFO  Log:9 - Skipped because of - java.lang.AssertionError: The following asserts failed:
	expected [] but found [Select Vessel]
2023-12-22 12:33:49 INFO  Log:9 - OpEx_Report_Varification Started
2023-12-22 12:33:49 INFO  Log:9 - 
2023-12-22 12:33:49 INFO  Log:9 - Skipped because of - java.lang.AssertionError: The following asserts failed:
	expected [] but found [Select Vessel]
2023-12-22 12:33:49 INFO  Log:9 - OpEx_Report_Varification Started
2023-12-22 12:33:49 INFO  Log:9 - 
2023-12-22 12:33:49 INFO  Log:9 - Skipped because of - java.lang.AssertionError: The following asserts failed:
	expected [] but found [Select Vessel]
2023-12-22 12:33:49 INFO  Log:9 - OpEx_Report_Varification Started
2023-12-22 12:33:49 INFO  Log:9 - 
2023-12-22 12:33:49 INFO  Log:9 - Skipped because of - java.lang.AssertionError: The following asserts failed:
	expected [] but found [Select Vessel]
2023-12-22 12:33:49 INFO  Log:9 - OpEx_Report_Varification Started
2023-12-22 12:33:49 INFO  Log:9 - 
2023-12-22 12:33:49 INFO  Log:9 - Skipped because of - java.lang.AssertionError: The following asserts failed:
	expected [] but found [Select Vessel]
2023-12-22 12:33:49 INFO  Log:9 - OpEx_Report_Varification Started
2023-12-22 12:33:49 INFO  Log:9 - 
2023-12-22 12:33:49 INFO  Log:9 - Skipped because of - java.lang.AssertionError: The following asserts failed:
	expected [] but found [Select Vessel]
2023-12-22 12:33:49 INFO  Log:9 - OpEx_Report_Varification Started
2023-12-22 12:33:49 INFO  Log:9 - 
2023-12-22 12:33:49 INFO  Log:9 - Skipped because of - java.lang.AssertionError: The following asserts failed:
	expected [] but found [Select Vessel]
2023-12-22 12:33:49 INFO  Log:9 - OpEx_Report_Varification Started
2023-12-22 12:33:49 INFO  Log:9 - 
2023-12-22 12:33:49 INFO  Log:9 - Skipped because of - java.lang.AssertionError: The following asserts failed:
	expected [] but found [Select Vessel]
2023-12-22 12:33:49 INFO  Log:9 - OpEx_Report_Varification Started
2023-12-22 12:33:49 INFO  Log:9 - 
2023-12-22 12:33:49 INFO  Log:9 - Skipped because of - java.lang.AssertionError: The following asserts failed:
	expected [] but found [Select Vessel]
2023-12-22 12:33:49 INFO  Log:9 - OpEx_Report_Varification Started
2023-12-22 12:33:49 INFO  Log:9 - 
2023-12-22 12:33:49 INFO  Log:9 - Skipped because of - java.lang.AssertionError: The following asserts failed:
	expected [] but found [Select Vessel]
2023-12-22 12:33:49 INFO  Log:9 - OpEx_Report_Varification Started
2023-12-22 12:33:49 INFO  Log:9 - 
2023-12-22 12:33:49 INFO  Log:9 - Skipped because of - java.lang.AssertionError: The following asserts failed:
	expected [] but found [Select Vessel]
2023-12-22 12:33:49 INFO  Log:9 - OpEx_Report_Varification Started
2023-12-22 12:33:49 INFO  Log:9 - 
2023-12-22 12:33:49 INFO  Log:9 - Skipped because of - java.lang.AssertionError: The following asserts failed:
	expected [] but found [Select Vessel]
2023-12-22 12:33:49 INFO  Log:9 - OpEx_Report_Varification Started
2023-12-22 12:33:49 INFO  Log:9 - 
2023-12-22 12:33:49 INFO  Log:9 - Skipped because of - java.lang.AssertionError: The following asserts failed:
	expected [] but found [Select Vessel]
2023-12-22 12:33:49 INFO  Log:9 - OpEx_Report_Varification Started
2023-12-22 12:33:49 INFO  Log:9 - 
2023-12-22 12:33:49 INFO  Log:9 - Skipped because of - java.lang.AssertionError: The following asserts failed:
	expected [] but found [Select Vessel]
2023-12-22 12:33:49 INFO  Log:9 - OpEx_Report_Varification Started
2023-12-22 12:33:49 INFO  Log:9 - 
2023-12-22 12:33:49 INFO  Log:9 - Skipped because of - java.lang.AssertionError: The following asserts failed:
	expected [] but found [Select Vessel]
2023-12-22 12:33:49 INFO  Log:9 - OpEx_Report_Varification Started
2023-12-22 12:33:49 INFO  Log:9 - 
2023-12-22 12:33:50 INFO  Log:9 - Skipped because of - java.lang.AssertionError: The following asserts failed:
	expected [] but found [Select Vessel]
2023-12-22 12:33:50 INFO  Log:9 - OpEx_Report_Varification Started
2023-12-22 12:33:50 INFO  Log:9 - 
2023-12-22 12:33:50 INFO  Log:9 - Skipped because of - java.lang.AssertionError: The following asserts failed:
	expected [] but found [Select Vessel]
2023-12-22 12:33:50 INFO  Log:9 - OpEx_Report_Varification Started
2023-12-22 12:33:50 INFO  Log:9 - 
2023-12-22 12:33:50 INFO  Log:9 - Skipped because of - java.lang.AssertionError: The following asserts failed:
	expected [] but found [Select Vessel]
2023-12-22 12:33:50 INFO  Log:9 - OpEx_Report_Varification Started
2023-12-22 12:33:50 INFO  Log:9 - 
2023-12-22 12:33:50 INFO  Log:9 - Skipped because of - java.lang.AssertionError: The following asserts failed:
	expected [] but found [Select Vessel]
2023-12-22 12:33:50 INFO  Log:9 - OpEx_Report_Varification Started
2023-12-22 12:33:50 INFO  Log:9 - 
2023-12-22 12:33:50 INFO  Log:9 - Skipped because of - java.lang.AssertionError: The following asserts failed:
	expected [] but found [Select Vessel]
2023-12-22 12:33:50 INFO  Log:9 - OpEx_Report_Varification Started
2023-12-22 12:33:50 INFO  Log:9 - 
2023-12-22 12:33:50 INFO  Log:9 - Skipped because of - java.lang.AssertionError: The following asserts failed:
	expected [] but found [Select Vessel]
2023-12-22 12:33:50 INFO  Log:9 - OpEx_Report_Varification Started
2023-12-22 12:33:50 INFO  Log:9 - 
2023-12-22 12:33:50 INFO  Log:9 - Skipped because of - java.lang.AssertionError: The following asserts failed:
	expected [] but found [Select Vessel]
2023-12-22 12:33:50 INFO  Log:9 - OpEx_Report_Varification Started
2023-12-22 12:33:50 INFO  Log:9 - 
2023-12-22 12:33:50 INFO  Log:9 - Skipped because of - java.lang.AssertionError: The following asserts failed:
	expected [] but found [Select Vessel]
2023-12-22 12:33:50 INFO  Log:9 - OpEx_Report_Varification Started
2023-12-22 12:33:50 INFO  Log:9 - 
2023-12-22 12:33:50 INFO  Log:9 - Skipped because of - java.lang.AssertionError: The following asserts failed:
	expected [] but found [Select Vessel]
2023-12-22 12:33:50 INFO  Log:9 - OpEx_Report_Varification Started
2023-12-22 12:33:50 INFO  Log:9 - 
2023-12-22 12:33:50 INFO  Log:9 - Skipped because of - java.lang.AssertionError: The following asserts failed:
	expected [] but found [Select Vessel]
2023-12-22 12:33:50 INFO  Log:9 - OpEx_Report_Varification Started
2023-12-22 12:33:50 INFO  Log:9 - 
2023-12-22 12:33:50 INFO  Log:9 - Skipped because of - java.lang.AssertionError: The following asserts failed:
	expected [] but found [Select Vessel]
2023-12-22 12:33:50 INFO  Log:9 - OpEx_Report_Varification Started
2023-12-22 12:33:50 INFO  Log:9 - 
2023-12-22 12:33:51 INFO  Log:9 - Skipped because of - java.lang.AssertionError: The following asserts failed:
	expected [] but found [Select Vessel]
2023-12-22 12:33:51 INFO  Log:9 - OpEx_Report_Varification Started
2023-12-22 12:33:51 INFO  Log:9 - 
2023-12-22 12:33:51 INFO  Log:9 - Skipped because of - java.lang.AssertionError: The following asserts failed:
	expected [] but found [Select Vessel]
2023-12-22 12:33:51 INFO  Log:9 - OpEx_Report_Varification Started
2023-12-22 12:33:51 INFO  Log:9 - 
2023-12-22 12:33:51 INFO  Log:9 - Skipped because of - java.lang.AssertionError: The following asserts failed:
	expected [] but found [Select Vessel]
2023-12-22 12:33:51 INFO  Log:9 - OpEx_Report_Varification Started
2023-12-22 12:33:51 INFO  Log:9 - 
2023-12-22 12:33:51 INFO  Log:9 - Skipped because of - java.lang.AssertionError: The following asserts failed:
	expected [] but found [Select Vessel]
2023-12-22 12:33:51 INFO  Log:9 - OpEx_Report_Varification Started
2023-12-22 12:33:51 INFO  Log:9 - 
2023-12-22 12:33:51 INFO  Log:9 - Skipped because of - java.lang.AssertionError: The following asserts failed:
	expected [] but found [Select Vessel]
2023-12-22 12:33:51 INFO  Log:9 - OpEx_Report_Varification Started
2023-12-22 12:33:51 INFO  Log:9 - 
2023-12-22 12:33:51 INFO  Log:9 - Skipped because of - java.lang.AssertionError: The following asserts failed:
	expected [] but found [Select Vessel]
2023-12-22 12:33:51 INFO  Log:9 - OpEx_Report_Varification Started
2023-12-22 12:33:51 INFO  Log:9 - 
2023-12-22 12:33:52 INFO  Log:9 - Skipped because of - java.lang.AssertionError: The following asserts failed:
	expected [] but found [Select Vessel]
2023-12-22 12:33:52 INFO  Log:9 - OpEx_Report_Varification Started
2023-12-22 12:33:52 INFO  Log:9 - 
2023-12-22 12:33:52 INFO  Log:9 - Skipped because of - java.lang.AssertionError: The following asserts failed:
	expected [] but found [Select Vessel]
2023-12-22 12:33:52 INFO  Log:9 - OpEx_Report_Varification Started
2023-12-22 12:33:52 INFO  Log:9 - 
2023-12-22 12:33:52 INFO  Log:9 - Skipped because of - java.lang.AssertionError: The following asserts failed:
	expected [] but found [Select Vessel]
2023-12-22 12:33:52 INFO  Log:9 - OpEx_Report_Varification Started
2023-12-22 12:33:52 INFO  Log:9 - 
2023-12-22 12:33:52 INFO  Log:9 - Skipped because of - java.lang.AssertionError: The following asserts failed:
	expected [] but found [Select Vessel]
2023-12-22 12:33:52 INFO  Log:9 - OpEx_Report_Varification Started
2023-12-22 12:33:52 INFO  Log:9 - 
2023-12-22 12:33:52 INFO  Log:9 - Skipped because of - java.lang.AssertionError: The following asserts failed:
	expected [] but found [Select Vessel]
2023-12-22 12:33:52 INFO  Log:9 - OpEx_Report_Varification Started
2023-12-22 12:33:52 INFO  Log:9 - 
2023-12-22 12:33:52 INFO  Log:9 - Skipped because of - java.lang.AssertionError: The following asserts failed:
	expected [] but found [Select Vessel]
2023-12-22 12:33:52 INFO  Log:9 - OpEx_Report_Varification Started
2023-12-22 12:33:52 INFO  Log:9 - 
2023-12-22 12:33:52 INFO  Log:9 - Skipped because of - java.lang.AssertionError: The following asserts failed:
	expected [] but found [Select Vessel]
2023-12-22 12:33:52 INFO  Log:9 - OpEx_Report_Varification Started
2023-12-22 12:33:52 INFO  Log:9 - 
2023-12-22 12:33:52 INFO  Log:9 - Skipped because of - java.lang.AssertionError: The following asserts failed:
	expected [] but found [Select Vessel]
2023-12-22 12:33:52 INFO  Log:9 - OpEx_Report_Varification Started
2023-12-22 12:33:52 INFO  Log:9 - 
2023-12-22 12:33:52 INFO  Log:9 - Skipped because of - java.lang.AssertionError: The following asserts failed:
	expected [] but found [Select Vessel]
2023-12-22 12:33:52 INFO  Log:9 - OpEx_Report_Varification Started
2023-12-22 12:33:52 INFO  Log:9 - 
2023-12-22 12:33:52 INFO  Log:9 - Skipped because of - java.lang.AssertionError: The following asserts failed:
	expected [] but found [Select Vessel]
2023-12-22 12:33:52 INFO  Log:9 - OpEx_Report_Varification Started
2023-12-22 12:33:52 INFO  Log:9 - 
2023-12-22 12:33:52 INFO  Log:9 - Skipped because of - java.lang.AssertionError: The following asserts failed:
	expected [] but found [Select Vessel]
2023-12-22 12:33:52 INFO  Log:9 - OpEx_Report_Varification Started
2023-12-22 12:33:52 INFO  Log:9 - 
2023-12-22 12:33:52 INFO  Log:9 - Skipped because of - java.lang.AssertionError: The following asserts failed:
	expected [] but found [Select Vessel]
2023-12-22 12:33:52 INFO  Log:9 - OpEx_Report_Varification Started
2023-12-22 12:33:52 INFO  Log:9 - 
2023-12-22 12:33:53 INFO  Log:9 - Skipped because of - java.lang.AssertionError: The following asserts failed:
	expected [] but found [Select Vessel]
2023-12-22 12:33:53 INFO  Log:9 - OpEx_Report_Varification Started
2023-12-22 12:33:53 INFO  Log:9 - 
2023-12-22 12:33:53 INFO  Log:9 - Skipped because of - java.lang.AssertionError: The following asserts failed:
	expected [] but found [Select Vessel]
2023-12-22 12:33:53 INFO  Log:9 - OpEx_Report_Varification Started
2023-12-22 12:33:53 INFO  Log:9 - 
2023-12-22 12:33:53 INFO  Log:9 - Skipped because of - java.lang.AssertionError: The following asserts failed:
	expected [] but found [Select Vessel]
2023-12-22 12:33:53 INFO  Log:9 - OpEx_Report_Varification Started
2023-12-22 12:33:53 INFO  Log:9 - 
2023-12-22 12:33:53 INFO  Log:9 - Skipped because of - java.lang.AssertionError: The following asserts failed:
	expected [] but found [Select Vessel]
2023-12-22 12:33:53 INFO  Log:9 - OpEx_Report_Varification Started
2023-12-22 12:33:53 INFO  Log:9 - 
2023-12-22 12:33:53 INFO  Log:9 - Skipped because of - java.lang.AssertionError: The following asserts failed:
	expected [] but found [Select Vessel]
2023-12-22 12:33:53 INFO  Log:9 - OpEx_Report_Varification Started
2023-12-22 12:33:53 INFO  Log:9 - 
2023-12-22 12:33:53 INFO  Log:9 - Skipped because of - java.lang.AssertionError: The following asserts failed:
	expected [] but found [Select Vessel]
2023-12-22 12:33:53 INFO  Log:9 - OpEx_Report_Varification Started
2023-12-22 12:33:53 INFO  Log:9 - 
2023-12-22 12:33:53 INFO  Log:9 - Skipped because of - java.lang.AssertionError: The following asserts failed:
	expected [] but found [Select Vessel]
2023-12-22 12:33:53 INFO  Log:9 - OpEx_Report_Varification Started
2023-12-22 12:33:53 INFO  Log:9 - 
2023-12-22 12:35:06 INFO  AELogin:35 - Login successful
2023-12-22 12:35:54 INFO  Log:9 - OpEx_Report_Varification Started
2023-12-22 12:35:54 INFO  Log:9 - 
2023-12-22 12:35:58 INFO  VesselSearch:85 - Vessel Selection successfully
2023-12-22 12:36:05 INFO  VesselSearch:117 - Financial Month Not Matched
2023-12-22 12:36:06 INFO  VesselSearch:127 - Financial Header Loading
2023-12-22 12:36:06 INFO  VesselSearch:138 - Variance Loading
2023-12-22 12:36:06 INFO  VesselSearch:144 - VarianceYTD Loading
2023-12-22 12:36:08 INFO  VesselSearch:157 - Opex Report published
2023-12-22 12:36:09 INFO  VesselSearch:170 - Financial Header Loading
2023-12-22 12:36:12 INFO  VesselSearch:208 - Opex Report published
2023-12-22 12:36:12 INFO  Log:9 - OpEx_Report_Varification Passed
2023-12-22 12:36:12 INFO  Log:9 - OpEx_Report_Varification Started
2023-12-22 12:36:12 INFO  Log:9 - 
2023-12-22 12:36:19 INFO  VesselSearch:85 - Vessel Selection successfully
2023-12-22 12:36:20 ERROR Log:13 - Failed because of - org.openqa.selenium.StaleElementReferenceException: stale element reference: stale element not found
  (Session info: chrome=120.0.6099.71)
For documentation on this error, please visit: https://www.seleniumhq.org/exceptions/stale_element_reference.html
Build info: version: '3.141.59', revision: 'e82be7d358', time: '2018-11-14T08:17:03'
System info: host: 'INNOL-019', ip: '192.168.5.61', os.name: 'Windows 11', os.arch: 'amd64', os.version: '10.0', java.version: '17.0.5'
Driver info: org.openqa.selenium.chrome.ChromeDriver
Capabilities {acceptInsecureCerts: false, browserName: chrome, browserVersion: 120.0.6099.71, chrome: {chromedriverVersion: 119.0.6045.105 (38c72552c5e..., userDataDir: C:\Users\Poonam\AppData\Loc...}, fedcm:accounts: true, goog:chromeOptions: {debuggerAddress: localhost:53177}, javascriptEnabled: true, networkConnectionEnabled: false, pageLoadStrategy: normal, platform: WINDOWS, platformName: WINDOWS, proxy: Proxy(), setWindowRect: true, strictFileInteractability: false, timeouts: {implicit: 0, pageLoad: 300000, script: 30000}, unhandledPromptBehavior: dismiss and notify, webauthn:extension:credBlob: true, webauthn:extension:largeBlob: true, webauthn:extension:minPinLength: true, webauthn:extension:prf: true, webauthn:virtualAuthenticators: true}
Session ID: d5c4cc057d9c09c0da0f6cd356819486
2023-12-22 12:36:21 INFO  Log:9 - OpEx_Report_Varification Started
2023-12-22 12:36:21 INFO  Log:9 - 
2023-12-22 12:36:28 INFO  VesselSearch:85 - Vessel Selection successfully
2023-12-22 12:36:29 INFO  VesselSearch:117 - Financial Month Not Matched
2023-12-22 12:36:29 INFO  VesselSearch:127 - Financial Header Loading
2023-12-22 12:36:29 INFO  VesselSearch:138 - Variance Loading
2023-12-22 12:36:29 INFO  VesselSearch:144 - VarianceYTD Loading
2023-12-22 12:36:31 INFO  VesselSearch:157 - Opex Report published
2023-12-22 12:36:33 INFO  VesselSearch:170 - Financial Header Loading
2023-12-22 12:36:34 INFO  VesselSearch:208 - Opex Report published
2023-12-22 12:36:34 INFO  Log:9 - OpEx_Report_Varification Passed
2023-12-22 12:36:35 INFO  Log:9 - OpEx_Report_Varification Started
2023-12-22 12:36:35 INFO  Log:9 - 
2023-12-22 12:36:42 INFO  VesselSearch:85 - Vessel Selection successfully
2023-12-22 12:36:44 INFO  VesselSearch:117 - Financial Month Not Matched
2023-12-22 12:36:44 INFO  VesselSearch:127 - Financial Header Loading
2023-12-22 12:36:44 INFO  VesselSearch:138 - Variance Loading
2023-12-22 12:36:44 INFO  VesselSearch:144 - VarianceYTD Loading
2023-12-22 12:36:46 INFO  VesselSearch:157 - Opex Report published
2023-12-22 12:36:47 INFO  VesselSearch:170 - Financial Header Loading
2023-12-22 12:36:49 INFO  VesselSearch:208 - Opex Report published
2023-12-22 12:36:49 INFO  Log:9 - OpEx_Report_Varification Passed
2023-12-22 12:36:50 INFO  Log:9 - OpEx_Report_Varification Started
2023-12-22 12:36:50 INFO  Log:9 - 
2023-12-22 12:36:56 INFO  VesselSearch:85 - Vessel Selection successfully
2023-12-22 12:36:58 INFO  VesselSearch:117 - Financial Month Not Matched
2023-12-22 12:36:58 INFO  VesselSearch:127 - Financial Header Loading
2023-12-22 12:36:58 INFO  VesselSearch:138 - Variance Loading
2023-12-22 12:36:58 INFO  VesselSearch:144 - VarianceYTD Loading
2023-12-22 12:37:00 INFO  VesselSearch:157 - Opex Report published
2023-12-22 12:37:02 INFO  VesselSearch:170 - Financial Header Loading
2023-12-22 12:37:04 INFO  VesselSearch:208 - Opex Report published
2023-12-22 12:37:04 INFO  Log:9 - OpEx_Report_Varification Passed
2023-12-22 12:37:04 INFO  Log:9 - OpEx_Report_Varification Started
2023-12-22 12:37:04 INFO  Log:9 - 
2023-12-22 12:37:40 ERROR VesselSearch:76 - Error in vessel Search
2023-12-22 12:37:42 ERROR Log:13 - Failed because of - java.lang.AssertionError: vessel not founded in list expected [true] but found [false]
2023-12-22 12:37:42 INFO  Log:9 - OpEx_Report_Varification Started
2023-12-22 12:37:42 INFO  Log:9 - 
2023-12-22 12:37:49 INFO  VesselSearch:85 - Vessel Selection successfully
2023-12-22 12:37:50 ERROR Log:13 - Failed because of - org.openqa.selenium.StaleElementReferenceException: stale element reference: stale element not found
  (Session info: chrome=120.0.6099.71)
For documentation on this error, please visit: https://www.seleniumhq.org/exceptions/stale_element_reference.html
Build info: version: '3.141.59', revision: 'e82be7d358', time: '2018-11-14T08:17:03'
System info: host: 'INNOL-019', ip: '192.168.5.61', os.name: 'Windows 11', os.arch: 'amd64', os.version: '10.0', java.version: '17.0.5'
Driver info: org.openqa.selenium.chrome.ChromeDriver
Capabilities {acceptInsecureCerts: false, browserName: chrome, browserVersion: 120.0.6099.71, chrome: {chromedriverVersion: 119.0.6045.105 (38c72552c5e..., userDataDir: C:\Users\Poonam\AppData\Loc...}, fedcm:accounts: true, goog:chromeOptions: {debuggerAddress: localhost:53177}, javascriptEnabled: true, networkConnectionEnabled: false, pageLoadStrategy: normal, platform: WINDOWS, platformName: WINDOWS, proxy: Proxy(), setWindowRect: true, strictFileInteractability: false, timeouts: {implicit: 0, pageLoad: 300000, script: 30000}, unhandledPromptBehavior: dismiss and notify, webauthn:extension:credBlob: true, webauthn:extension:largeBlob: true, webauthn:extension:minPinLength: true, webauthn:extension:prf: true, webauthn:virtualAuthenticators: true}
Session ID: d5c4cc057d9c09c0da0f6cd356819486
2023-12-22 12:37:51 INFO  Log:9 - OpEx_Report_Varification Started
2023-12-22 12:37:51 INFO  Log:9 - 
2023-12-22 12:38:28 ERROR VesselSearch:76 - Error in vessel Search
2023-12-22 12:38:29 ERROR Log:13 - Failed because of - java.lang.AssertionError: vessel not founded in list expected [true] but found [false]
2023-12-22 12:38:31 INFO  Log:9 - OpEx_Report_Varification Started
2023-12-22 12:38:31 INFO  Log:9 - 
2023-12-22 12:38:38 INFO  VesselSearch:85 - Vessel Selection successfully
2023-12-22 12:38:39 ERROR Log:13 - Failed because of - org.openqa.selenium.StaleElementReferenceException: stale element reference: stale element not found
  (Session info: chrome=120.0.6099.71)
For documentation on this error, please visit: https://www.seleniumhq.org/exceptions/stale_element_reference.html
Build info: version: '3.141.59', revision: 'e82be7d358', time: '2018-11-14T08:17:03'
System info: host: 'INNOL-019', ip: '192.168.5.61', os.name: 'Windows 11', os.arch: 'amd64', os.version: '10.0', java.version: '17.0.5'
Driver info: org.openqa.selenium.chrome.ChromeDriver
Capabilities {acceptInsecureCerts: false, browserName: chrome, browserVersion: 120.0.6099.71, chrome: {chromedriverVersion: 119.0.6045.105 (38c72552c5e..., userDataDir: C:\Users\Poonam\AppData\Loc...}, fedcm:accounts: true, goog:chromeOptions: {debuggerAddress: localhost:53177}, javascriptEnabled: true, networkConnectionEnabled: false, pageLoadStrategy: normal, platform: WINDOWS, platformName: WINDOWS, proxy: Proxy(), setWindowRect: true, strictFileInteractability: false, timeouts: {implicit: 0, pageLoad: 300000, script: 30000}, unhandledPromptBehavior: dismiss and notify, webauthn:extension:credBlob: true, webauthn:extension:largeBlob: true, webauthn:extension:minPinLength: true, webauthn:extension:prf: true, webauthn:virtualAuthenticators: true}
Session ID: d5c4cc057d9c09c0da0f6cd356819486
2023-12-22 12:38:40 INFO  Log:9 - OpEx_Report_Varification Started
2023-12-22 12:38:40 INFO  Log:9 - 
2023-12-22 12:38:47 INFO  VesselSearch:85 - Vessel Selection successfully
2023-12-22 12:38:48 INFO  VesselSearch:117 - Financial Month Not Matched
2023-12-22 12:38:49 INFO  VesselSearch:127 - Financial Header Loading
2023-12-22 12:38:49 INFO  VesselSearch:138 - Variance Loading
2023-12-22 12:38:49 INFO  VesselSearch:144 - VarianceYTD Loading
2023-12-22 12:38:51 INFO  VesselSearch:157 - Opex Report published
2023-12-22 12:38:52 INFO  VesselSearch:170 - Financial Header Loading
2023-12-22 12:38:54 INFO  VesselSearch:208 - Opex Report published
2023-12-22 12:38:54 INFO  Log:9 - OpEx_Report_Varification Passed
2023-12-22 12:38:54 INFO  Log:9 - OpEx_Report_Varification Started
2023-12-22 12:38:54 INFO  Log:9 - 
2023-12-22 12:39:01 INFO  VesselSearch:85 - Vessel Selection successfully
2023-12-22 12:39:04 INFO  VesselSearch:117 - Financial Month Not Matched
2023-12-22 12:39:04 INFO  VesselSearch:127 - Financial Header Loading
2023-12-22 12:39:04 INFO  VesselSearch:138 - Variance Loading
2023-12-22 12:39:05 INFO  VesselSearch:144 - VarianceYTD Loading
2023-12-22 12:39:06 INFO  VesselSearch:157 - Opex Report published
2023-12-22 12:39:08 INFO  VesselSearch:170 - Financial Header Loading
2023-12-22 12:39:10 INFO  VesselSearch:208 - Opex Report published
2023-12-22 12:39:10 INFO  Log:9 - OpEx_Report_Varification Passed
2023-12-22 12:39:10 INFO  Log:9 - OpEx_Report_Varification Started
2023-12-22 12:39:10 INFO  Log:9 - 
2023-12-22 12:39:17 INFO  VesselSearch:85 - Vessel Selection successfully
2023-12-22 12:39:19 INFO  VesselSearch:117 - Financial Month Not Matched
2023-12-22 12:39:19 INFO  VesselSearch:127 - Financial Header Loading
2023-12-22 12:39:19 INFO  VesselSearch:138 - Variance Loading
2023-12-22 12:39:19 INFO  VesselSearch:144 - VarianceYTD Loading
2023-12-22 12:39:20 INFO  VesselSearch:157 - Opex Report published
2023-12-22 12:39:22 INFO  VesselSearch:170 - Financial Header Loading
2023-12-22 12:39:23 INFO  VesselSearch:208 - Opex Report published
2023-12-22 12:39:23 INFO  Log:9 - OpEx_Report_Varification Passed
2023-12-22 12:39:24 INFO  Log:9 - OpEx_Report_Varification Started
2023-12-22 12:39:24 INFO  Log:9 - 
2023-12-22 12:39:31 INFO  VesselSearch:85 - Vessel Selection successfully
2023-12-22 12:39:32 INFO  VesselSearch:117 - Financial Month Not Matched
2023-12-22 12:39:32 INFO  VesselSearch:127 - Financial Header Loading
2023-12-22 12:39:32 INFO  VesselSearch:138 - Variance Loading
2023-12-22 12:39:32 INFO  VesselSearch:144 - VarianceYTD Loading
2023-12-22 12:39:34 INFO  VesselSearch:157 - Opex Report published
2023-12-22 12:39:35 INFO  VesselSearch:170 - Financial Header Loading
2023-12-22 12:39:37 INFO  VesselSearch:208 - Opex Report published
2023-12-22 12:39:37 INFO  Log:9 - OpEx_Report_Varification Passed
2023-12-22 12:39:37 INFO  Log:9 - OpEx_Report_Varification Started
2023-12-22 12:39:37 INFO  Log:9 - 
2023-12-22 12:39:44 INFO  VesselSearch:85 - Vessel Selection successfully
2023-12-22 12:39:45 ERROR Log:13 - Failed because of - org.openqa.selenium.StaleElementReferenceException: stale element reference: stale element not found
  (Session info: chrome=120.0.6099.71)
For documentation on this error, please visit: https://www.seleniumhq.org/exceptions/stale_element_reference.html
Build info: version: '3.141.59', revision: 'e82be7d358', time: '2018-11-14T08:17:03'
System info: host: 'INNOL-019', ip: '192.168.5.61', os.name: 'Windows 11', os.arch: 'amd64', os.version: '10.0', java.version: '17.0.5'
Driver info: org.openqa.selenium.chrome.ChromeDriver
Capabilities {acceptInsecureCerts: false, browserName: chrome, browserVersion: 120.0.6099.71, chrome: {chromedriverVersion: 119.0.6045.105 (38c72552c5e..., userDataDir: C:\Users\Poonam\AppData\Loc...}, fedcm:accounts: true, goog:chromeOptions: {debuggerAddress: localhost:53177}, javascriptEnabled: true, networkConnectionEnabled: false, pageLoadStrategy: normal, platform: WINDOWS, platformName: WINDOWS, proxy: Proxy(), setWindowRect: true, strictFileInteractability: false, timeouts: {implicit: 0, pageLoad: 300000, script: 30000}, unhandledPromptBehavior: dismiss and notify, webauthn:extension:credBlob: true, webauthn:extension:largeBlob: true, webauthn:extension:minPinLength: true, webauthn:extension:prf: true, webauthn:virtualAuthenticators: true}
Session ID: d5c4cc057d9c09c0da0f6cd356819486
2023-12-22 12:39:45 INFO  Log:9 - OpEx_Report_Varification Started
2023-12-22 12:39:45 INFO  Log:9 - 
2023-12-22 12:39:52 INFO  VesselSearch:85 - Vessel Selection successfully
2023-12-22 12:39:54 INFO  VesselSearch:114 - Financial Month Matched
2023-12-22 12:39:54 INFO  VesselSearch:127 - Financial Header Loading
2023-12-22 12:39:54 INFO  VesselSearch:138 - Variance Loading
2023-12-22 12:39:55 INFO  VesselSearch:144 - VarianceYTD Loading
2023-12-22 12:39:56 INFO  VesselSearch:157 - Opex Report published
2023-12-22 12:39:58 INFO  VesselSearch:170 - Financial Header Loading
2023-12-22 12:39:59 INFO  VesselSearch:208 - Opex Report published
2023-12-22 12:39:59 INFO  Log:9 - OpEx_Report_Varification Passed
2023-12-22 12:40:00 INFO  Log:9 - OpEx_Report_Varification Started
2023-12-22 12:40:00 INFO  Log:9 - 
2023-12-22 12:40:06 INFO  VesselSearch:85 - Vessel Selection successfully
2023-12-22 12:40:09 INFO  VesselSearch:117 - Financial Month Not Matched
2023-12-22 12:40:09 INFO  VesselSearch:127 - Financial Header Loading
2023-12-22 12:40:10 INFO  VesselSearch:138 - Variance Loading
2023-12-22 12:40:10 INFO  VesselSearch:144 - VarianceYTD Loading
2023-12-22 12:40:11 INFO  VesselSearch:157 - Opex Report published
2023-12-22 12:40:13 INFO  VesselSearch:170 - Financial Header Loading
2023-12-22 12:40:14 INFO  VesselSearch:208 - Opex Report published
2023-12-22 12:40:14 INFO  Log:9 - OpEx_Report_Varification Passed
2023-12-22 12:40:15 INFO  Log:9 - OpEx_Report_Varification Started
2023-12-22 12:40:15 INFO  Log:9 - 
2023-12-22 12:40:22 INFO  VesselSearch:85 - Vessel Selection successfully
2023-12-22 12:40:24 INFO  VesselSearch:117 - Financial Month Not Matched
2023-12-22 12:40:24 INFO  VesselSearch:127 - Financial Header Loading
2023-12-22 12:40:24 INFO  VesselSearch:138 - Variance Loading
2023-12-22 12:40:24 INFO  VesselSearch:144 - VarianceYTD Loading
2023-12-22 12:40:26 INFO  VesselSearch:157 - Opex Report published
2023-12-22 12:40:27 INFO  VesselSearch:170 - Financial Header Loading
2023-12-22 12:40:29 INFO  VesselSearch:208 - Opex Report published
2023-12-22 12:40:29 INFO  Log:9 - OpEx_Report_Varification Passed
2023-12-22 12:40:29 INFO  Log:9 - OpEx_Report_Varification Started
2023-12-22 12:40:29 INFO  Log:9 - 
2023-12-22 12:40:36 INFO  VesselSearch:85 - Vessel Selection successfully
2023-12-22 12:40:38 INFO  VesselSearch:117 - Financial Month Not Matched
2023-12-22 12:40:38 INFO  VesselSearch:127 - Financial Header Loading
2023-12-22 12:40:38 INFO  VesselSearch:138 - Variance Loading
2023-12-22 12:40:38 INFO  VesselSearch:144 - VarianceYTD Loading
2023-12-22 12:40:40 INFO  VesselSearch:157 - Opex Report published
2023-12-22 12:40:41 INFO  VesselSearch:170 - Financial Header Loading
2023-12-22 12:40:43 INFO  VesselSearch:208 - Opex Report published
2023-12-22 12:40:43 INFO  Log:9 - OpEx_Report_Varification Passed
2023-12-22 12:40:44 INFO  Log:9 - OpEx_Report_Varification Started
2023-12-22 12:40:44 INFO  Log:9 - 
2023-12-22 12:40:50 INFO  VesselSearch:85 - Vessel Selection successfully
2023-12-22 12:40:52 INFO  VesselSearch:117 - Financial Month Not Matched
2023-12-22 12:40:52 INFO  VesselSearch:127 - Financial Header Loading
2023-12-22 12:40:52 INFO  VesselSearch:138 - Variance Loading
2023-12-22 12:40:52 INFO  VesselSearch:144 - VarianceYTD Loading
2023-12-22 12:40:54 INFO  VesselSearch:157 - Opex Report published
2023-12-22 12:40:55 INFO  VesselSearch:170 - Financial Header Loading
2023-12-22 12:40:57 INFO  VesselSearch:208 - Opex Report published
2023-12-22 12:40:57 INFO  Log:9 - OpEx_Report_Varification Passed
2023-12-22 12:40:57 INFO  Log:9 - OpEx_Report_Varification Started
2023-12-22 12:40:58 INFO  Log:9 - 
2023-12-22 12:41:04 INFO  VesselSearch:85 - Vessel Selection successfully
2023-12-22 12:41:05 INFO  VesselSearch:117 - Financial Month Not Matched
2023-12-22 12:41:05 INFO  VesselSearch:127 - Financial Header Loading
2023-12-22 12:41:06 INFO  VesselSearch:138 - Variance Loading
2023-12-22 12:41:06 INFO  VesselSearch:144 - VarianceYTD Loading
2023-12-22 12:41:08 INFO  VesselSearch:157 - Opex Report published
2023-12-22 12:41:09 INFO  VesselSearch:170 - Financial Header Loading
2023-12-22 12:41:11 INFO  VesselSearch:208 - Opex Report published
2023-12-22 12:41:11 INFO  Log:9 - OpEx_Report_Varification Passed
2023-12-22 12:41:11 INFO  Log:9 - OpEx_Report_Varification Started
2023-12-22 12:41:11 INFO  Log:9 - 
2023-12-22 12:41:18 INFO  VesselSearch:85 - Vessel Selection successfully
2023-12-22 12:41:20 INFO  VesselSearch:117 - Financial Month Not Matched
2023-12-22 12:41:20 INFO  VesselSearch:127 - Financial Header Loading
2023-12-22 12:41:20 INFO  VesselSearch:138 - Variance Loading
2023-12-22 12:41:20 INFO  VesselSearch:144 - VarianceYTD Loading
2023-12-22 12:41:22 INFO  VesselSearch:157 - Opex Report published
2023-12-22 12:41:24 INFO  VesselSearch:170 - Financial Header Loading
2023-12-22 12:41:26 INFO  VesselSearch:208 - Opex Report published
2023-12-22 12:41:26 INFO  Log:9 - OpEx_Report_Varification Passed
2023-12-22 12:41:26 INFO  Log:9 - OpEx_Report_Varification Started
2023-12-22 12:41:26 INFO  Log:9 - 
2023-12-22 12:41:33 INFO  VesselSearch:85 - Vessel Selection successfully
2023-12-22 12:41:35 INFO  VesselSearch:114 - Financial Month Matched
2023-12-22 12:41:35 INFO  VesselSearch:127 - Financial Header Loading
2023-12-22 12:41:36 INFO  VesselSearch:138 - Variance Loading
2023-12-22 12:41:36 INFO  VesselSearch:144 - VarianceYTD Loading
2023-12-22 12:41:37 INFO  VesselSearch:157 - Opex Report published
2023-12-22 12:41:38 INFO  VesselSearch:170 - Financial Header Loading
2023-12-22 12:41:40 INFO  VesselSearch:208 - Opex Report published
2023-12-22 12:41:40 INFO  Log:9 - OpEx_Report_Varification Passed
2023-12-22 12:41:41 INFO  Log:9 - OpEx_Report_Varification Started
2023-12-22 12:41:41 INFO  Log:9 - 
2023-12-22 12:41:47 INFO  VesselSearch:85 - Vessel Selection successfully
2023-12-22 12:41:48 INFO  VesselSearch:114 - Financial Month Matched
2023-12-22 12:41:49 INFO  VesselSearch:127 - Financial Header Loading
2023-12-22 12:41:49 INFO  VesselSearch:138 - Variance Loading
2023-12-22 12:41:49 INFO  VesselSearch:144 - VarianceYTD Loading
2023-12-22 12:41:51 INFO  VesselSearch:157 - Opex Report published
2023-12-22 12:41:53 INFO  VesselSearch:170 - Financial Header Loading
2023-12-22 12:41:54 INFO  VesselSearch:208 - Opex Report published
2023-12-22 12:41:54 INFO  Log:9 - OpEx_Report_Varification Passed
2023-12-22 12:41:55 INFO  Log:9 - OpEx_Report_Varification Started
2023-12-22 12:41:55 INFO  Log:9 - 
2023-12-22 12:42:30 ERROR VesselSearch:76 - Error in vessel Search
2023-12-22 12:42:32 ERROR Log:13 - Failed because of - java.lang.AssertionError: vessel not founded in list expected [true] but found [false]
2023-12-22 12:42:32 INFO  Log:9 - OpEx_Report_Varification Started
2023-12-22 12:42:32 INFO  Log:9 - 
2023-12-22 12:42:38 INFO  VesselSearch:85 - Vessel Selection successfully
2023-12-22 12:42:39 ERROR Log:13 - Failed because of - org.openqa.selenium.StaleElementReferenceException: stale element reference: stale element not found
  (Session info: chrome=120.0.6099.71)
For documentation on this error, please visit: https://www.seleniumhq.org/exceptions/stale_element_reference.html
Build info: version: '3.141.59', revision: 'e82be7d358', time: '2018-11-14T08:17:03'
System info: host: 'INNOL-019', ip: '192.168.5.61', os.name: 'Windows 11', os.arch: 'amd64', os.version: '10.0', java.version: '17.0.5'
Driver info: org.openqa.selenium.chrome.ChromeDriver
Capabilities {acceptInsecureCerts: false, browserName: chrome, browserVersion: 120.0.6099.71, chrome: {chromedriverVersion: 119.0.6045.105 (38c72552c5e..., userDataDir: C:\Users\Poonam\AppData\Loc...}, fedcm:accounts: true, goog:chromeOptions: {debuggerAddress: localhost:53177}, javascriptEnabled: true, networkConnectionEnabled: false, pageLoadStrategy: normal, platform: WINDOWS, platformName: WINDOWS, proxy: Proxy(), setWindowRect: true, strictFileInteractability: false, timeouts: {implicit: 0, pageLoad: 300000, script: 30000}, unhandledPromptBehavior: dismiss and notify, webauthn:extension:credBlob: true, webauthn:extension:largeBlob: true, webauthn:extension:minPinLength: true, webauthn:extension:prf: true, webauthn:virtualAuthenticators: true}
Session ID: d5c4cc057d9c09c0da0f6cd356819486
2023-12-22 12:42:40 INFO  Log:9 - OpEx_Report_Varification Started
2023-12-22 12:42:40 INFO  Log:9 - 
2023-12-22 12:42:47 INFO  VesselSearch:85 - Vessel Selection successfully
2023-12-22 12:42:48 INFO  VesselSearch:114 - Financial Month Matched
2023-12-22 12:42:49 INFO  VesselSearch:127 - Financial Header Loading
2023-12-22 12:42:49 INFO  VesselSearch:138 - Variance Loading
2023-12-22 12:42:49 INFO  VesselSearch:144 - VarianceYTD Loading
2023-12-22 12:42:50 INFO  VesselSearch:157 - Opex Report published
2023-12-22 12:42:53 INFO  VesselSearch:170 - Financial Header Loading
2023-12-22 12:42:54 INFO  VesselSearch:208 - Opex Report published
2023-12-22 12:42:54 INFO  Log:9 - OpEx_Report_Varification Passed
2023-12-22 12:42:55 INFO  Log:9 - OpEx_Report_Varification Started
2023-12-22 12:42:55 INFO  Log:9 - 
2023-12-22 12:43:01 INFO  VesselSearch:85 - Vessel Selection successfully
2023-12-22 12:43:03 INFO  VesselSearch:114 - Financial Month Matched
2023-12-22 12:43:04 INFO  VesselSearch:127 - Financial Header Loading
2023-12-22 12:43:04 INFO  VesselSearch:138 - Variance Loading
2023-12-22 12:43:04 INFO  VesselSearch:144 - VarianceYTD Loading
2023-12-22 12:43:05 INFO  VesselSearch:157 - Opex Report published
2023-12-22 12:43:07 INFO  VesselSearch:170 - Financial Header Loading
2023-12-22 12:43:08 INFO  VesselSearch:208 - Opex Report published
2023-12-22 12:43:08 INFO  Log:9 - OpEx_Report_Varification Passed
2023-12-22 12:43:09 INFO  Log:9 - OpEx_Report_Varification Started
2023-12-22 12:43:09 INFO  Log:9 - 
2023-12-22 12:43:16 INFO  VesselSearch:85 - Vessel Selection successfully
2023-12-22 12:43:18 INFO  VesselSearch:117 - Financial Month Not Matched
2023-12-22 12:43:18 INFO  VesselSearch:127 - Financial Header Loading
2023-12-22 12:43:18 INFO  VesselSearch:138 - Variance Loading
2023-12-22 12:43:18 INFO  VesselSearch:144 - VarianceYTD Loading
2023-12-22 12:43:20 INFO  VesselSearch:157 - Opex Report published
2023-12-22 12:43:21 INFO  VesselSearch:170 - Financial Header Loading
2023-12-22 12:43:23 INFO  VesselSearch:208 - Opex Report published
2023-12-22 12:43:23 INFO  Log:9 - OpEx_Report_Varification Passed
2023-12-22 12:43:23 INFO  Log:9 - OpEx_Report_Varification Started
2023-12-22 12:43:23 INFO  Log:9 - 
2023-12-22 12:43:30 INFO  VesselSearch:85 - Vessel Selection successfully
2023-12-22 12:43:30 ERROR Log:13 - Failed because of - org.openqa.selenium.StaleElementReferenceException: stale element reference: stale element not found
  (Session info: chrome=120.0.6099.71)
For documentation on this error, please visit: https://www.seleniumhq.org/exceptions/stale_element_reference.html
Build info: version: '3.141.59', revision: 'e82be7d358', time: '2018-11-14T08:17:03'
System info: host: 'INNOL-019', ip: '192.168.5.61', os.name: 'Windows 11', os.arch: 'amd64', os.version: '10.0', java.version: '17.0.5'
Driver info: org.openqa.selenium.chrome.ChromeDriver
Capabilities {acceptInsecureCerts: false, browserName: chrome, browserVersion: 120.0.6099.71, chrome: {chromedriverVersion: 119.0.6045.105 (38c72552c5e..., userDataDir: C:\Users\Poonam\AppData\Loc...}, fedcm:accounts: true, goog:chromeOptions: {debuggerAddress: localhost:53177}, javascriptEnabled: true, networkConnectionEnabled: false, pageLoadStrategy: normal, platform: WINDOWS, platformName: WINDOWS, proxy: Proxy(), setWindowRect: true, strictFileInteractability: false, timeouts: {implicit: 0, pageLoad: 300000, script: 30000}, unhandledPromptBehavior: dismiss and notify, webauthn:extension:credBlob: true, webauthn:extension:largeBlob: true, webauthn:extension:minPinLength: true, webauthn:extension:prf: true, webauthn:virtualAuthenticators: true}
Session ID: d5c4cc057d9c09c0da0f6cd356819486
2023-12-22 12:43:30 INFO  Log:9 - OpEx_Report_Varification Started
2023-12-22 12:43:30 INFO  Log:9 - 
2023-12-22 12:43:36 INFO  VesselSearch:85 - Vessel Selection successfully
2023-12-22 12:43:37 ERROR Log:13 - Failed because of - org.openqa.selenium.StaleElementReferenceException: stale element reference: stale element not found
  (Session info: chrome=120.0.6099.71)
For documentation on this error, please visit: https://www.seleniumhq.org/exceptions/stale_element_reference.html
Build info: version: '3.141.59', revision: 'e82be7d358', time: '2018-11-14T08:17:03'
System info: host: 'INNOL-019', ip: '192.168.5.61', os.name: 'Windows 11', os.arch: 'amd64', os.version: '10.0', java.version: '17.0.5'
Driver info: org.openqa.selenium.chrome.ChromeDriver
Capabilities {acceptInsecureCerts: false, browserName: chrome, browserVersion: 120.0.6099.71, chrome: {chromedriverVersion: 119.0.6045.105 (38c72552c5e..., userDataDir: C:\Users\Poonam\AppData\Loc...}, fedcm:accounts: true, goog:chromeOptions: {debuggerAddress: localhost:53177}, javascriptEnabled: true, networkConnectionEnabled: false, pageLoadStrategy: normal, platform: WINDOWS, platformName: WINDOWS, proxy: Proxy(), setWindowRect: true, strictFileInteractability: false, timeouts: {implicit: 0, pageLoad: 300000, script: 30000}, unhandledPromptBehavior: dismiss and notify, webauthn:extension:credBlob: true, webauthn:extension:largeBlob: true, webauthn:extension:minPinLength: true, webauthn:extension:prf: true, webauthn:virtualAuthenticators: true}
Session ID: d5c4cc057d9c09c0da0f6cd356819486
2023-12-22 12:43:38 INFO  Log:9 - OpEx_Report_Varification Started
2023-12-22 12:43:38 INFO  Log:9 - 
2023-12-22 12:43:44 INFO  VesselSearch:85 - Vessel Selection successfully
2023-12-22 12:43:45 ERROR Log:13 - Failed because of - org.openqa.selenium.StaleElementReferenceException: stale element reference: stale element not found
  (Session info: chrome=120.0.6099.71)
For documentation on this error, please visit: https://www.seleniumhq.org/exceptions/stale_element_reference.html
Build info: version: '3.141.59', revision: 'e82be7d358', time: '2018-11-14T08:17:03'
System info: host: 'INNOL-019', ip: '192.168.5.61', os.name: 'Windows 11', os.arch: 'amd64', os.version: '10.0', java.version: '17.0.5'
Driver info: org.openqa.selenium.chrome.ChromeDriver
Capabilities {acceptInsecureCerts: false, browserName: chrome, browserVersion: 120.0.6099.71, chrome: {chromedriverVersion: 119.0.6045.105 (38c72552c5e..., userDataDir: C:\Users\Poonam\AppData\Loc...}, fedcm:accounts: true, goog:chromeOptions: {debuggerAddress: localhost:53177}, javascriptEnabled: true, networkConnectionEnabled: false, pageLoadStrategy: normal, platform: WINDOWS, platformName: WINDOWS, proxy: Proxy(), setWindowRect: true, strictFileInteractability: false, timeouts: {implicit: 0, pageLoad: 300000, script: 30000}, unhandledPromptBehavior: dismiss and notify, webauthn:extension:credBlob: true, webauthn:extension:largeBlob: true, webauthn:extension:minPinLength: true, webauthn:extension:prf: true, webauthn:virtualAuthenticators: true}
Session ID: d5c4cc057d9c09c0da0f6cd356819486
2023-12-22 12:43:45 INFO  Log:9 - OpEx_Report_Varification Started
2023-12-22 12:43:45 INFO  Log:9 - 
2023-12-22 12:43:52 INFO  VesselSearch:85 - Vessel Selection successfully
2023-12-22 12:43:54 INFO  VesselSearch:114 - Financial Month Matched
2023-12-22 12:43:54 INFO  VesselSearch:127 - Financial Header Loading
2023-12-22 12:43:55 INFO  VesselSearch:138 - Variance Loading
2023-12-22 12:43:55 INFO  VesselSearch:144 - VarianceYTD Loading
2023-12-22 12:43:56 INFO  VesselSearch:157 - Opex Report published
2023-12-22 12:43:58 INFO  VesselSearch:170 - Financial Header Loading
2023-12-22 12:43:59 INFO  VesselSearch:208 - Opex Report published
2023-12-22 12:43:59 INFO  Log:9 - OpEx_Report_Varification Passed
2023-12-22 12:43:59 INFO  Log:9 - OpEx_Report_Varification Started
2023-12-22 12:43:59 INFO  Log:9 - 
2023-12-22 12:44:38 ERROR VesselSearch:76 - Error in vessel Search
2023-12-22 12:44:40 ERROR Log:13 - Failed because of - java.lang.AssertionError: vessel not founded in list expected [true] but found [false]
2023-12-22 12:44:40 INFO  Log:9 - OpEx_Report_Varification Started
2023-12-22 12:44:40 INFO  Log:9 - 
2023-12-22 12:44:46 INFO  VesselSearch:85 - Vessel Selection successfully
2023-12-22 12:44:51 INFO  VesselSearch:117 - Financial Month Not Matched
2023-12-22 12:44:51 INFO  VesselSearch:127 - Financial Header Loading
2023-12-22 12:44:51 INFO  VesselSearch:138 - Variance Loading
2023-12-22 12:44:52 INFO  VesselSearch:144 - VarianceYTD Loading
2023-12-22 12:44:53 INFO  VesselSearch:157 - Opex Report published
2023-12-22 12:44:56 INFO  VesselSearch:170 - Financial Header Loading
2023-12-22 12:44:59 INFO  VesselSearch:208 - Opex Report published
2023-12-22 12:44:59 INFO  Log:9 - OpEx_Report_Varification Passed
2023-12-22 12:45:00 INFO  Log:9 - OpEx_Report_Varification Started
2023-12-22 12:45:00 INFO  Log:9 - 
2023-12-22 12:45:09 INFO  VesselSearch:85 - Vessel Selection successfully
2023-12-22 12:45:11 INFO  VesselSearch:117 - Financial Month Not Matched
2023-12-22 12:45:11 INFO  VesselSearch:127 - Financial Header Loading
2023-12-22 12:45:12 INFO  VesselSearch:138 - Variance Loading
2023-12-22 12:45:12 INFO  VesselSearch:144 - VarianceYTD Loading
2023-12-22 12:45:13 INFO  VesselSearch:157 - Opex Report published
2023-12-22 12:45:19 INFO  VesselSearch:170 - Financial Header Loading
2023-12-22 12:45:22 INFO  VesselSearch:208 - Opex Report published
2023-12-22 12:45:22 INFO  Log:9 - OpEx_Report_Varification Passed
2023-12-22 12:45:23 INFO  Log:9 - OpEx_Report_Varification Started
2023-12-22 12:45:23 INFO  Log:9 - 
2023-12-22 12:45:31 INFO  VesselSearch:85 - Vessel Selection successfully
2023-12-22 12:45:33 INFO  VesselSearch:117 - Financial Month Not Matched
2023-12-22 12:45:33 INFO  VesselSearch:127 - Financial Header Loading
2023-12-22 12:45:34 INFO  VesselSearch:138 - Variance Loading
2023-12-22 12:45:34 INFO  VesselSearch:144 - VarianceYTD Loading
2023-12-22 12:45:35 INFO  VesselSearch:157 - Opex Report published
2023-12-22 12:45:37 ERROR Log:13 - Failed because of - org.openqa.selenium.NoSuchWindowException: no such window: target window already closed
from unknown error: web view not found
  (Session info: chrome=120.0.6099.71)
Build info: version: '3.141.59', revision: 'e82be7d358', time: '2018-11-14T08:17:03'
System info: host: 'INNOL-019', ip: '192.168.5.61', os.name: 'Windows 11', os.arch: 'amd64', os.version: '10.0', java.version: '17.0.5'
Driver info: org.openqa.selenium.chrome.ChromeDriver
Capabilities {acceptInsecureCerts: false, browserName: chrome, browserVersion: 120.0.6099.71, chrome: {chromedriverVersion: 119.0.6045.105 (38c72552c5e..., userDataDir: C:\Users\Poonam\AppData\Loc...}, fedcm:accounts: true, goog:chromeOptions: {debuggerAddress: localhost:53177}, javascriptEnabled: true, networkConnectionEnabled: false, pageLoadStrategy: normal, platform: WINDOWS, platformName: WINDOWS, proxy: Proxy(), setWindowRect: true, strictFileInteractability: false, timeouts: {implicit: 0, pageLoad: 300000, script: 30000}, unhandledPromptBehavior: dismiss and notify, webauthn:extension:credBlob: true, webauthn:extension:largeBlob: true, webauthn:extension:minPinLength: true, webauthn:extension:prf: true, webauthn:virtualAuthenticators: true}
Session ID: d5c4cc057d9c09c0da0f6cd356819486
*** Element info: {Using=xpath, value=//h3[@title='Total Budget ($)' or @title='Total Budget (-)' or @title='Total Budget ()' or @title='Total Budget ()' or @title='Total Budget (CA$)']/following-sibling::*[1]}
2023-12-22 12:45:37 ERROR Log:13 - Failed because of - org.openqa.selenium.NoSuchWindowException: no such window: target window already closed
from unknown error: web view not found
  (Session info: chrome=120.0.6099.71)
Build info: version: '3.141.59', revision: 'e82be7d358', time: '2018-11-14T08:17:03'
System info: host: 'INNOL-019', ip: '192.168.5.61', os.name: 'Windows 11', os.arch: 'amd64', os.version: '10.0', java.version: '17.0.5'
Driver info: org.openqa.selenium.chrome.ChromeDriver
Capabilities {acceptInsecureCerts: false, browserName: chrome, browserVersion: 120.0.6099.71, chrome: {chromedriverVersion: 119.0.6045.105 (38c72552c5e..., userDataDir: C:\Users\Poonam\AppData\Loc...}, fedcm:accounts: true, goog:chromeOptions: {debuggerAddress: localhost:53177}, javascriptEnabled: true, networkConnectionEnabled: false, pageLoadStrategy: normal, platform: WINDOWS, platformName: WINDOWS, proxy: Proxy(), setWindowRect: true, strictFileInteractability: false, timeouts: {implicit: 0, pageLoad: 300000, script: 30000}, unhandledPromptBehavior: dismiss and notify, webauthn:extension:credBlob: true, webauthn:extension:largeBlob: true, webauthn:extension:minPinLength: true, webauthn:extension:prf: true, webauthn:virtualAuthenticators: true}
Session ID: d5c4cc057d9c09c0da0f6cd356819486
