<?xml version="1.0" encoding="UTF-8"?>
<testng-results ignored="0" total="1" passed="1" failed="0" skipped="0">
  <reporter-output>
  </reporter-output>
  <suite started-at="2023-12-13T16:23:30 IST" name="Default suite" finished-at="2023-12-13T16:23:58 IST" duration-ms="28657">
    <groups>
    </groups>
    <test started-at="2023-12-13T16:23:30 IST" name="Default test" finished-at="2023-12-13T16:23:58 IST" duration-ms="28657">
      <class name="testClass.AELogin">
        <test-method signature="Login()[pri:0, instance:testClass.AELogin@7fee8714]" started-at="2023-12-13T16:23:30 IST" name="Login" finished-at="2023-12-13T16:23:58 IST" duration-ms="28529" status="PASS">
          <reporter-output>
          </reporter-output>
        </test-method> <!-- Login -->
      </class> <!-- testClass.AELogin -->
    </test> <!-- Default test -->
  </suite> <!-- Default suite -->
</testng-results>
