<?xml version="1.0" encoding="UTF-8"?>
<!-- Generated by org.testng.reporters.JUnitReportReporter -->
<testsuite hostname="INNOL-019" failures="1" tests="699" name="testClass.VesselSearchOLD" time="35.678" errors="0" timestamp="2023-12-29T17:19:48 IST" skipped="698">
  <testcase classname="testClass.VesselSearchOLD" name="vesselSearch" time="0.000">
    <skipped/>
  </testcase> <!-- vesselSearch -->
  <system-out/>
  <testcase classname="testClass.VesselSearchOLD" name="vesselSearch" time="0.000">
    <skipped/>
  </testcase> <!-- vesselSearch -->
  <system-out/>
  <testcase classname="testClass.VesselSearchOLD" name="vesselSearch" time="0.000">
    <skipped/>
  </testcase> <!-- vesselSearch -->
  <system-out/>
  <testcase classname="testClass.VesselSearchOLD" name="vesselSearch" time="0.000">
    <skipped/>
  </testcase> <!-- vesselSearch -->
  <system-out/>
  <testcase classname="testClass.VesselSearchOLD" name="vesselSearch" time="0.000">
    <skipped/>
  </testcase> <!-- vesselSearch -->
  <system-out/>
  <testcase classname="testClass.VesselSearchOLD" name="vesselSearch" time="0.000">
    <skipped/>
  </testcase> <!-- vesselSearch -->
  <system-out/>
  <testcase classname="testClass.VesselSearchOLD" name="vesselSearch" time="0.000">
    <skipped/>
  </testcase> <!-- vesselSearch -->
  <system-out/>
  <testcase classname="testClass.VesselSearchOLD" name="vesselSearch" time="0.000">
    <skipped/>
  </testcase> <!-- vesselSearch -->
  <system-out/>
  <testcase classname="testClass.VesselSearchOLD" name="vesselSearch" time="0.000">
    <skipped/>
  </testcase> <!-- vesselSearch -->
  <system-out/>
  <testcase classname="testClass.VesselSearchOLD" name="vesselSearch" time="0.000">
    <skipped/>
  </testcase> <!-- vesselSearch -->
  <system-out/>
  <testcase classname="testClass.VesselSearchOLD" name="vesselSearch" time="0.000">
    <skipped/>
  </testcase> <!-- vesselSearch -->
  <system-out/>
  <testcase classname="testClass.VesselSearchOLD" name="vesselSearch" time="0.000">
    <skipped/>
  </testcase> <!-- vesselSearch -->
  <system-out/>
  <testcase classname="testClass.VesselSearchOLD" name="vesselSearch" time="0.000">
    <skipped/>
  </testcase> <!-- vesselSearch -->
  <system-out/>
  <testcase classname="testClass.VesselSearchOLD" name="vesselSearch" time="0.000">
    <skipped/>
  </testcase> <!-- vesselSearch -->
  <system-out/>
  <testcase classname="testClass.VesselSearchOLD" name="vesselSearch" time="0.000">
    <skipped/>
  </testcase> <!-- vesselSearch -->
  <system-out/>
  <testcase classname="testClass.VesselSearchOLD" name="vesselSearch" time="0.000">
    <skipped/>
  </testcase> <!-- vesselSearch -->
  <system-out/>
  <testcase classname="testClass.VesselSearchOLD" name="vesselSearch" time="0.000">
    <skipped/>
  </testcase> <!-- vesselSearch -->
  <system-out/>
  <testcase classname="testClass.VesselSearchOLD" name="vesselSearch" time="0.000">
    <skipped/>
  </testcase> <!-- vesselSearch -->
  <system-out/>
  <testcase classname="testClass.VesselSearchOLD" name="vesselSearch" time="0.000">
    <skipped/>
  </testcase> <!-- vesselSearch -->
  <system-out/>
  <testcase classname="testClass.VesselSearchOLD" name="vesselSearch" time="0.000">
    <skipped/>
  </testcase> <!-- vesselSearch -->
  <system-out/>
  <testcase classname="testClass.VesselSearchOLD" name="vesselSearch" time="0.000">
    <skipped/>
  </testcase> <!-- vesselSearch -->
  <system-out/>
  <testcase classname="testClass.VesselSearchOLD" name="vesselSearch" time="0.000">
    <skipped/>
  </testcase> <!-- vesselSearch -->
  <system-out/>
  <testcase classname="testClass.VesselSearchOLD" name="vesselSearch" time="0.000">
    <skipped/>
  </testcase> <!-- vesselSearch -->
  <system-out/>
  <testcase classname="testClass.VesselSearchOLD" name="vesselSearch" time="0.000">
    <skipped/>
  </testcase> <!-- vesselSearch -->
  <system-out/>
  <testcase classname="testClass.VesselSearchOLD" name="vesselSearch" time="0.000">
    <skipped/>
  </testcase> <!-- vesselSearch -->
  <system-out/>
  <testcase classname="testClass.VesselSearchOLD" name="vesselSearch" time="0.000">
    <skipped/>
  </testcase> <!-- vesselSearch -->
  <system-out/>
  <testcase classname="testClass.VesselSearchOLD" name="vesselSearch" time="0.000">
    <skipped/>
  </testcase> <!-- vesselSearch -->
  <system-out/>
  <testcase classname="testClass.VesselSearchOLD" name="vesselSearch" time="0.000">
    <skipped/>
  </testcase> <!-- vesselSearch -->
  <system-out/>
  <testcase classname="testClass.VesselSearchOLD" name="vesselSearch" time="0.000">
    <skipped/>
  </testcase> <!-- vesselSearch -->
  <system-out/>
  <testcase classname="testClass.VesselSearchOLD" name="vesselSearch" time="0.000">
    <skipped/>
  </testcase> <!-- vesselSearch -->
  <system-out/>
  <testcase classname="testClass.VesselSearchOLD" name="vesselSearch" time="0.000">
    <skipped/>
  </testcase> <!-- vesselSearch -->
  <system-out/>
  <testcase classname="testClass.VesselSearchOLD" name="vesselSearch" time="0.000">
    <skipped/>
  </testcase> <!-- vesselSearch -->
  <system-out/>
  <testcase classname="testClass.VesselSearchOLD" name="vesselSearch" time="0.000">
    <skipped/>
  </testcase> <!-- vesselSearch -->
  <system-out/>
  <testcase classname="testClass.VesselSearchOLD" name="vesselSearch" time="0.000">
    <skipped/>
  </testcase> <!-- vesselSearch -->
  <system-out/>
  <testcase classname="testClass.VesselSearchOLD" name="vesselSearch" time="0.000">
    <skipped/>
  </testcase> <!-- vesselSearch -->
  <system-out/>
  <testcase classname="testClass.VesselSearchOLD" name="vesselSearch" time="0.000">
    <skipped/>
  </testcase> <!-- vesselSearch -->
  <system-out/>
  <testcase classname="testClass.VesselSearchOLD" name="vesselSearch" time="0.000">
    <skipped/>
  </testcase> <!-- vesselSearch -->
  <system-out/>
  <testcase classname="testClass.VesselSearchOLD" name="vesselSearch" time="0.000">
    <skipped/>
  </testcase> <!-- vesselSearch -->
  <system-out/>
  <testcase classname="testClass.VesselSearchOLD" name="vesselSearch" time="0.000">
    <skipped/>
  </testcase> <!-- vesselSearch -->
  <system-out/>
  <testcase classname="testClass.VesselSearchOLD" name="vesselSearch" time="0.000">
    <skipped/>
  </testcase> <!-- vesselSearch -->
  <system-out/>
  <testcase classname="testClass.VesselSearchOLD" name="vesselSearch" time="0.000">
    <skipped/>
  </testcase> <!-- vesselSearch -->
  <system-out/>
  <testcase classname="testClass.VesselSearchOLD" name="vesselSearch" time="0.000">
    <skipped/>
  </testcase> <!-- vesselSearch -->
  <system-out/>
  <testcase classname="testClass.VesselSearchOLD" name="vesselSearch" time="0.000">
    <skipped/>
  </testcase> <!-- vesselSearch -->
  <system-out/>
  <testcase classname="testClass.VesselSearchOLD" name="vesselSearch" time="0.000">
    <skipped/>
  </testcase> <!-- vesselSearch -->
  <system-out/>
  <testcase classname="testClass.VesselSearchOLD" name="vesselSearch" time="0.000">
    <skipped/>
  </testcase> <!-- vesselSearch -->
  <system-out/>
  <testcase classname="testClass.VesselSearchOLD" name="vesselSearch" time="0.000">
    <skipped/>
  </testcase> <!-- vesselSearch -->
  <system-out/>
  <testcase classname="testClass.VesselSearchOLD" name="vesselSearch" time="0.000">
    <skipped/>
  </testcase> <!-- vesselSearch -->
  <system-out/>
  <testcase classname="testClass.VesselSearchOLD" name="vesselSearch" time="0.000">
    <skipped/>
  </testcase> <!-- vesselSearch -->
  <system-out/>
  <testcase classname="testClass.VesselSearchOLD" name="vesselSearch" time="0.000">
    <skipped/>
  </testcase> <!-- vesselSearch -->
  <system-out/>
  <testcase classname="testClass.VesselSearchOLD" name="vesselSearch" time="0.000">
    <skipped/>
  </testcase> <!-- vesselSearch -->
  <system-out/>
  <testcase classname="testClass.VesselSearchOLD" name="vesselSearch" time="0.000">
    <skipped/>
  </testcase> <!-- vesselSearch -->
  <system-out/>
  <testcase classname="testClass.VesselSearchOLD" name="vesselSearch" time="0.000">
    <skipped/>
  </testcase> <!-- vesselSearch -->
  <system-out/>
  <testcase classname="testClass.VesselSearchOLD" name="vesselSearch" time="0.000">
    <skipped/>
  </testcase> <!-- vesselSearch -->
  <system-out/>
  <testcase classname="testClass.VesselSearchOLD" name="vesselSearch" time="0.000">
    <skipped/>
  </testcase> <!-- vesselSearch -->
  <system-out/>
  <testcase classname="testClass.VesselSearchOLD" name="vesselSearch" time="0.000">
    <skipped/>
  </testcase> <!-- vesselSearch -->
  <system-out/>
  <testcase classname="testClass.VesselSearchOLD" name="vesselSearch" time="0.000">
    <skipped/>
  </testcase> <!-- vesselSearch -->
  <system-out/>
  <testcase classname="testClass.VesselSearchOLD" name="vesselSearch" time="0.000">
    <skipped/>
  </testcase> <!-- vesselSearch -->
  <system-out/>
  <testcase classname="testClass.VesselSearchOLD" name="vesselSearch" time="0.000">
    <skipped/>
  </testcase> <!-- vesselSearch -->
  <system-out/>
  <testcase classname="testClass.VesselSearchOLD" name="vesselSearch" time="0.000">
    <skipped/>
  </testcase> <!-- vesselSearch -->
  <system-out/>
  <testcase classname="testClass.VesselSearchOLD" name="vesselSearch" time="0.000">
    <skipped/>
  </testcase> <!-- vesselSearch -->
  <system-out/>
  <testcase classname="testClass.VesselSearchOLD" name="vesselSearch" time="0.000">
    <skipped/>
  </testcase> <!-- vesselSearch -->
  <system-out/>
  <testcase classname="testClass.VesselSearchOLD" name="vesselSearch" time="0.000">
    <skipped/>
  </testcase> <!-- vesselSearch -->
  <system-out/>
  <testcase classname="testClass.VesselSearchOLD" name="vesselSearch" time="0.000">
    <skipped/>
  </testcase> <!-- vesselSearch -->
  <system-out/>
  <testcase classname="testClass.VesselSearchOLD" name="vesselSearch" time="0.000">
    <skipped/>
  </testcase> <!-- vesselSearch -->
  <system-out/>
  <testcase classname="testClass.VesselSearchOLD" name="vesselSearch" time="0.000">
    <skipped/>
  </testcase> <!-- vesselSearch -->
  <system-out/>
  <testcase classname="testClass.VesselSearchOLD" name="vesselSearch" time="0.000">
    <skipped/>
  </testcase> <!-- vesselSearch -->
  <system-out/>
  <testcase classname="testClass.VesselSearchOLD" name="vesselSearch" time="0.000">
    <skipped/>
  </testcase> <!-- vesselSearch -->
  <system-out/>
  <testcase classname="testClass.VesselSearchOLD" name="vesselSearch" time="0.000">
    <skipped/>
  </testcase> <!-- vesselSearch -->
  <system-out/>
  <testcase classname="testClass.VesselSearchOLD" name="vesselSearch" time="0.000">
    <skipped/>
  </testcase> <!-- vesselSearch -->
  <system-out/>
  <testcase classname="testClass.VesselSearchOLD" name="vesselSearch" time="0.000">
    <skipped/>
  </testcase> <!-- vesselSearch -->
  <system-out/>
  <testcase classname="testClass.VesselSearchOLD" name="vesselSearch" time="0.000">
    <skipped/>
  </testcase> <!-- vesselSearch -->
  <system-out/>
  <testcase classname="testClass.VesselSearchOLD" name="vesselSearch" time="0.000">
    <skipped/>
  </testcase> <!-- vesselSearch -->
  <system-out/>
  <testcase classname="testClass.VesselSearchOLD" name="vesselSearch" time="0.000">
    <skipped/>
  </testcase> <!-- vesselSearch -->
  <system-out/>
  <testcase classname="testClass.VesselSearchOLD" name="vesselSearch" time="0.000">
    <skipped/>
  </testcase> <!-- vesselSearch -->
  <system-out/>
  <testcase classname="testClass.VesselSearchOLD" name="vesselSearch" time="0.000">
    <skipped/>
  </testcase> <!-- vesselSearch -->
  <system-out/>
  <testcase classname="testClass.VesselSearchOLD" name="vesselSearch" time="0.000">
    <skipped/>
  </testcase> <!-- vesselSearch -->
  <system-out/>
  <testcase classname="testClass.VesselSearchOLD" name="vesselSearch" time="0.000">
    <skipped/>
  </testcase> <!-- vesselSearch -->
  <system-out/>
  <testcase classname="testClass.VesselSearchOLD" name="vesselSearch" time="0.000">
    <skipped/>
  </testcase> <!-- vesselSearch -->
  <system-out/>
  <testcase classname="testClass.VesselSearchOLD" name="vesselSearch" time="0.000">
    <skipped/>
  </testcase> <!-- vesselSearch -->
  <system-out/>
  <testcase classname="testClass.VesselSearchOLD" name="vesselSearch" time="0.000">
    <skipped/>
  </testcase> <!-- vesselSearch -->
  <system-out/>
  <testcase classname="testClass.VesselSearchOLD" name="vesselSearch" time="0.000">
    <skipped/>
  </testcase> <!-- vesselSearch -->
  <system-out/>
  <testcase classname="testClass.VesselSearchOLD" name="vesselSearch" time="0.000">
    <skipped/>
  </testcase> <!-- vesselSearch -->
  <system-out/>
  <testcase classname="testClass.VesselSearchOLD" name="vesselSearch" time="0.000">
    <skipped/>
  </testcase> <!-- vesselSearch -->
  <system-out/>
  <testcase classname="testClass.VesselSearchOLD" name="vesselSearch" time="0.000">
    <skipped/>
  </testcase> <!-- vesselSearch -->
  <system-out/>
  <testcase classname="testClass.VesselSearchOLD" name="vesselSearch" time="0.000">
    <skipped/>
  </testcase> <!-- vesselSearch -->
  <system-out/>
  <testcase classname="testClass.VesselSearchOLD" name="vesselSearch" time="0.000">
    <skipped/>
  </testcase> <!-- vesselSearch -->
  <system-out/>
  <testcase classname="testClass.VesselSearchOLD" name="vesselSearch" time="0.000">
    <skipped/>
  </testcase> <!-- vesselSearch -->
  <system-out/>
  <testcase classname="testClass.VesselSearchOLD" name="vesselSearch" time="0.000">
    <skipped/>
  </testcase> <!-- vesselSearch -->
  <system-out/>
  <testcase classname="testClass.VesselSearchOLD" name="vesselSearch" time="0.000">
    <skipped/>
  </testcase> <!-- vesselSearch -->
  <system-out/>
  <testcase classname="testClass.VesselSearchOLD" name="vesselSearch" time="0.000">
    <skipped/>
  </testcase> <!-- vesselSearch -->
  <system-out/>
  <testcase classname="testClass.VesselSearchOLD" name="vesselSearch" time="0.000">
    <skipped/>
  </testcase> <!-- vesselSearch -->
  <system-out/>
  <testcase classname="testClass.VesselSearchOLD" name="vesselSearch" time="0.000">
    <skipped/>
  </testcase> <!-- vesselSearch -->
  <system-out/>
  <testcase classname="testClass.VesselSearchOLD" name="vesselSearch" time="0.000">
    <skipped/>
  </testcase> <!-- vesselSearch -->
  <system-out/>
  <testcase classname="testClass.VesselSearchOLD" name="vesselSearch" time="0.000">
    <skipped/>
  </testcase> <!-- vesselSearch -->
  <system-out/>
  <testcase classname="testClass.VesselSearchOLD" name="vesselSearch" time="0.000">
    <skipped/>
  </testcase> <!-- vesselSearch -->
  <system-out/>
  <testcase classname="testClass.VesselSearchOLD" name="vesselSearch" time="0.000">
    <skipped/>
  </testcase> <!-- vesselSearch -->
  <system-out/>
  <testcase classname="testClass.VesselSearchOLD" name="vesselSearch" time="0.000">
    <skipped/>
  </testcase> <!-- vesselSearch -->
  <system-out/>
  <testcase classname="testClass.VesselSearchOLD" name="vesselSearch" time="0.000">
    <skipped/>
  </testcase> <!-- vesselSearch -->
  <system-out/>
  <testcase classname="testClass.VesselSearchOLD" name="vesselSearch" time="0.000">
    <skipped/>
  </testcase> <!-- vesselSearch -->
  <system-out/>
  <testcase classname="testClass.VesselSearchOLD" name="vesselSearch" time="0.000">
    <skipped/>
  </testcase> <!-- vesselSearch -->
  <system-out/>
  <testcase classname="testClass.VesselSearchOLD" name="vesselSearch" time="0.000">
    <skipped/>
  </testcase> <!-- vesselSearch -->
  <system-out/>
  <testcase classname="testClass.VesselSearchOLD" name="vesselSearch" time="0.000">
    <skipped/>
  </testcase> <!-- vesselSearch -->
  <system-out/>
  <testcase classname="testClass.VesselSearchOLD" name="vesselSearch" time="0.000">
    <skipped/>
  </testcase> <!-- vesselSearch -->
  <system-out/>
  <testcase classname="testClass.VesselSearchOLD" name="vesselSearch" time="0.000">
    <skipped/>
  </testcase> <!-- vesselSearch -->
  <system-out/>
  <testcase classname="testClass.VesselSearchOLD" name="vesselSearch" time="0.000">
    <skipped/>
  </testcase> <!-- vesselSearch -->
  <system-out/>
  <testcase classname="testClass.VesselSearchOLD" name="vesselSearch" time="0.000">
    <skipped/>
  </testcase> <!-- vesselSearch -->
  <system-out/>
  <testcase classname="testClass.VesselSearchOLD" name="vesselSearch" time="0.000">
    <skipped/>
  </testcase> <!-- vesselSearch -->
  <system-out/>
  <testcase classname="testClass.VesselSearchOLD" name="vesselSearch" time="0.000">
    <skipped/>
  </testcase> <!-- vesselSearch -->
  <system-out/>
  <testcase classname="testClass.VesselSearchOLD" name="vesselSearch" time="0.000">
    <skipped/>
  </testcase> <!-- vesselSearch -->
  <system-out/>
  <testcase classname="testClass.VesselSearchOLD" name="vesselSearch" time="0.000">
    <skipped/>
  </testcase> <!-- vesselSearch -->
  <system-out/>
  <testcase classname="testClass.VesselSearchOLD" name="vesselSearch" time="0.000">
    <skipped/>
  </testcase> <!-- vesselSearch -->
  <system-out/>
  <testcase classname="testClass.VesselSearchOLD" name="vesselSearch" time="0.000">
    <skipped/>
  </testcase> <!-- vesselSearch -->
  <system-out/>
  <testcase classname="testClass.VesselSearchOLD" name="vesselSearch" time="0.000">
    <skipped/>
  </testcase> <!-- vesselSearch -->
  <system-out/>
  <testcase classname="testClass.VesselSearchOLD" name="vesselSearch" time="0.000">
    <skipped/>
  </testcase> <!-- vesselSearch -->
  <system-out/>
  <testcase classname="testClass.VesselSearchOLD" name="vesselSearch" time="0.000">
    <skipped/>
  </testcase> <!-- vesselSearch -->
  <system-out/>
  <testcase classname="testClass.VesselSearchOLD" name="vesselSearch" time="0.000">
    <skipped/>
  </testcase> <!-- vesselSearch -->
  <system-out/>
  <testcase classname="testClass.VesselSearchOLD" name="vesselSearch" time="0.000">
    <skipped/>
  </testcase> <!-- vesselSearch -->
  <system-out/>
  <testcase classname="testClass.VesselSearchOLD" name="vesselSearch" time="0.000">
    <skipped/>
  </testcase> <!-- vesselSearch -->
  <system-out/>
  <testcase classname="testClass.VesselSearchOLD" name="vesselSearch" time="0.000">
    <skipped/>
  </testcase> <!-- vesselSearch -->
  <system-out/>
  <testcase classname="testClass.VesselSearchOLD" name="vesselSearch" time="0.000">
    <skipped/>
  </testcase> <!-- vesselSearch -->
  <system-out/>
  <testcase classname="testClass.VesselSearchOLD" name="vesselSearch" time="0.000">
    <skipped/>
  </testcase> <!-- vesselSearch -->
  <system-out/>
  <testcase classname="testClass.VesselSearchOLD" name="vesselSearch" time="0.000">
    <skipped/>
  </testcase> <!-- vesselSearch -->
  <system-out/>
  <testcase classname="testClass.VesselSearchOLD" name="vesselSearch" time="0.000">
    <skipped/>
  </testcase> <!-- vesselSearch -->
  <system-out/>
  <testcase classname="testClass.VesselSearchOLD" name="vesselSearch" time="0.000">
    <skipped/>
  </testcase> <!-- vesselSearch -->
  <system-out/>
  <testcase classname="testClass.VesselSearchOLD" name="vesselSearch" time="0.000">
    <skipped/>
  </testcase> <!-- vesselSearch -->
  <system-out/>
  <testcase classname="testClass.VesselSearchOLD" name="vesselSearch" time="0.000">
    <skipped/>
  </testcase> <!-- vesselSearch -->
  <system-out/>
  <testcase classname="testClass.VesselSearchOLD" name="vesselSearch" time="0.000">
    <skipped/>
  </testcase> <!-- vesselSearch -->
  <system-out/>
  <testcase classname="testClass.VesselSearchOLD" name="vesselSearch" time="0.000">
    <skipped/>
  </testcase> <!-- vesselSearch -->
  <system-out/>
  <testcase classname="testClass.VesselSearchOLD" name="vesselSearch" time="0.000">
    <skipped/>
  </testcase> <!-- vesselSearch -->
  <system-out/>
  <testcase classname="testClass.VesselSearchOLD" name="vesselSearch" time="0.000">
    <skipped/>
  </testcase> <!-- vesselSearch -->
  <system-out/>
  <testcase classname="testClass.VesselSearchOLD" name="vesselSearch" time="0.000">
    <skipped/>
  </testcase> <!-- vesselSearch -->
  <system-out/>
  <testcase classname="testClass.VesselSearchOLD" name="vesselSearch" time="0.000">
    <skipped/>
  </testcase> <!-- vesselSearch -->
  <system-out/>
  <testcase classname="testClass.VesselSearchOLD" name="vesselSearch" time="0.000">
    <skipped/>
  </testcase> <!-- vesselSearch -->
  <system-out/>
  <testcase classname="testClass.VesselSearchOLD" name="vesselSearch" time="0.000">
    <skipped/>
  </testcase> <!-- vesselSearch -->
  <system-out/>
  <testcase classname="testClass.VesselSearchOLD" name="vesselSearch" time="0.000">
    <skipped/>
  </testcase> <!-- vesselSearch -->
  <system-out/>
  <testcase classname="testClass.VesselSearchOLD" name="vesselSearch" time="0.000">
    <skipped/>
  </testcase> <!-- vesselSearch -->
  <system-out/>
  <testcase classname="testClass.VesselSearchOLD" name="vesselSearch" time="0.000">
    <skipped/>
  </testcase> <!-- vesselSearch -->
  <system-out/>
  <testcase classname="testClass.VesselSearchOLD" name="vesselSearch" time="0.000">
    <skipped/>
  </testcase> <!-- vesselSearch -->
  <system-out/>
  <testcase classname="testClass.VesselSearchOLD" name="vesselSearch" time="0.000">
    <skipped/>
  </testcase> <!-- vesselSearch -->
  <system-out/>
  <testcase classname="testClass.VesselSearchOLD" name="vesselSearch" time="0.000">
    <skipped/>
  </testcase> <!-- vesselSearch -->
  <system-out/>
  <testcase classname="testClass.VesselSearchOLD" name="vesselSearch" time="0.000">
    <skipped/>
  </testcase> <!-- vesselSearch -->
  <system-out/>
  <testcase classname="testClass.VesselSearchOLD" name="vesselSearch" time="0.000">
    <skipped/>
  </testcase> <!-- vesselSearch -->
  <system-out/>
  <testcase classname="testClass.VesselSearchOLD" name="vesselSearch" time="0.000">
    <skipped/>
  </testcase> <!-- vesselSearch -->
  <system-out/>
  <testcase classname="testClass.VesselSearchOLD" name="vesselSearch" time="0.000">
    <skipped/>
  </testcase> <!-- vesselSearch -->
  <system-out/>
  <testcase classname="testClass.VesselSearchOLD" name="vesselSearch" time="0.000">
    <skipped/>
  </testcase> <!-- vesselSearch -->
  <system-out/>
  <testcase classname="testClass.VesselSearchOLD" name="vesselSearch" time="0.000">
    <skipped/>
  </testcase> <!-- vesselSearch -->
  <system-out/>
  <testcase classname="testClass.VesselSearchOLD" name="vesselSearch" time="0.000">
    <skipped/>
  </testcase> <!-- vesselSearch -->
  <system-out/>
  <testcase classname="testClass.VesselSearchOLD" name="vesselSearch" time="0.000">
    <skipped/>
  </testcase> <!-- vesselSearch -->
  <system-out/>
  <testcase classname="testClass.VesselSearchOLD" name="vesselSearch" time="0.000">
    <skipped/>
  </testcase> <!-- vesselSearch -->
  <system-out/>
  <testcase classname="testClass.VesselSearchOLD" name="vesselSearch" time="0.000">
    <skipped/>
  </testcase> <!-- vesselSearch -->
  <system-out/>
  <testcase classname="testClass.VesselSearchOLD" name="vesselSearch" time="0.000">
    <skipped/>
  </testcase> <!-- vesselSearch -->
  <system-out/>
  <testcase classname="testClass.VesselSearchOLD" name="vesselSearch" time="0.000">
    <skipped/>
  </testcase> <!-- vesselSearch -->
  <system-out/>
  <testcase classname="testClass.VesselSearchOLD" name="vesselSearch" time="0.000">
    <skipped/>
  </testcase> <!-- vesselSearch -->
  <system-out/>
  <testcase classname="testClass.VesselSearchOLD" name="vesselSearch" time="0.000">
    <skipped/>
  </testcase> <!-- vesselSearch -->
  <system-out/>
  <testcase classname="testClass.VesselSearchOLD" name="vesselSearch" time="0.000">
    <skipped/>
  </testcase> <!-- vesselSearch -->
  <system-out/>
  <testcase classname="testClass.VesselSearchOLD" name="vesselSearch" time="0.000">
    <skipped/>
  </testcase> <!-- vesselSearch -->
  <system-out/>
  <testcase classname="testClass.VesselSearchOLD" name="vesselSearch" time="0.000">
    <skipped/>
  </testcase> <!-- vesselSearch -->
  <system-out/>
  <testcase classname="testClass.VesselSearchOLD" name="vesselSearch" time="0.000">
    <skipped/>
  </testcase> <!-- vesselSearch -->
  <system-out/>
  <testcase classname="testClass.VesselSearchOLD" name="vesselSearch" time="0.000">
    <skipped/>
  </testcase> <!-- vesselSearch -->
  <system-out/>
  <testcase classname="testClass.VesselSearchOLD" name="vesselSearch" time="0.000">
    <skipped/>
  </testcase> <!-- vesselSearch -->
  <system-out/>
  <testcase classname="testClass.VesselSearchOLD" name="vesselSearch" time="0.000">
    <skipped/>
  </testcase> <!-- vesselSearch -->
  <system-out/>
  <testcase classname="testClass.VesselSearchOLD" name="vesselSearch" time="0.000">
    <skipped/>
  </testcase> <!-- vesselSearch -->
  <system-out/>
  <testcase classname="testClass.VesselSearchOLD" name="vesselSearch" time="0.000">
    <skipped/>
  </testcase> <!-- vesselSearch -->
  <system-out/>
  <testcase classname="testClass.VesselSearchOLD" name="vesselSearch" time="0.000">
    <skipped/>
  </testcase> <!-- vesselSearch -->
  <system-out/>
  <testcase classname="testClass.VesselSearchOLD" name="vesselSearch" time="0.000">
    <skipped/>
  </testcase> <!-- vesselSearch -->
  <system-out/>
  <testcase classname="testClass.VesselSearchOLD" name="vesselSearch" time="0.000">
    <skipped/>
  </testcase> <!-- vesselSearch -->
  <system-out/>
  <testcase classname="testClass.VesselSearchOLD" name="vesselSearch" time="0.000">
    <skipped/>
  </testcase> <!-- vesselSearch -->
  <system-out/>
  <testcase classname="testClass.VesselSearchOLD" name="vesselSearch" time="0.000">
    <skipped/>
  </testcase> <!-- vesselSearch -->
  <system-out/>
  <testcase classname="testClass.VesselSearchOLD" name="vesselSearch" time="0.000">
    <skipped/>
  </testcase> <!-- vesselSearch -->
  <system-out/>
  <testcase classname="testClass.VesselSearchOLD" name="vesselSearch" time="0.000">
    <skipped/>
  </testcase> <!-- vesselSearch -->
  <system-out/>
  <testcase classname="testClass.VesselSearchOLD" name="vesselSearch" time="0.000">
    <skipped/>
  </testcase> <!-- vesselSearch -->
  <system-out/>
  <testcase classname="testClass.VesselSearchOLD" name="vesselSearch" time="0.000">
    <skipped/>
  </testcase> <!-- vesselSearch -->
  <system-out/>
  <testcase classname="testClass.VesselSearchOLD" name="vesselSearch" time="0.000">
    <skipped/>
  </testcase> <!-- vesselSearch -->
  <system-out/>
  <testcase classname="testClass.VesselSearchOLD" name="vesselSearch" time="0.000">
    <skipped/>
  </testcase> <!-- vesselSearch -->
  <system-out/>
  <testcase classname="testClass.VesselSearchOLD" name="vesselSearch" time="0.000">
    <skipped/>
  </testcase> <!-- vesselSearch -->
  <system-out/>
  <testcase classname="testClass.VesselSearchOLD" name="vesselSearch" time="0.000">
    <skipped/>
  </testcase> <!-- vesselSearch -->
  <system-out/>
  <testcase classname="testClass.VesselSearchOLD" name="vesselSearch" time="0.000">
    <skipped/>
  </testcase> <!-- vesselSearch -->
  <system-out/>
  <testcase classname="testClass.VesselSearchOLD" name="vesselSearch" time="0.000">
    <skipped/>
  </testcase> <!-- vesselSearch -->
  <system-out/>
  <testcase classname="testClass.VesselSearchOLD" name="vesselSearch" time="0.000">
    <skipped/>
  </testcase> <!-- vesselSearch -->
  <system-out/>
  <testcase classname="testClass.VesselSearchOLD" name="vesselSearch" time="0.000">
    <skipped/>
  </testcase> <!-- vesselSearch -->
  <system-out/>
  <testcase classname="testClass.VesselSearchOLD" name="vesselSearch" time="0.000">
    <skipped/>
  </testcase> <!-- vesselSearch -->
  <system-out/>
  <testcase classname="testClass.VesselSearchOLD" name="vesselSearch" time="0.000">
    <skipped/>
  </testcase> <!-- vesselSearch -->
  <system-out/>
  <testcase classname="testClass.VesselSearchOLD" name="vesselSearch" time="0.000">
    <skipped/>
  </testcase> <!-- vesselSearch -->
  <system-out/>
  <testcase classname="testClass.VesselSearchOLD" name="vesselSearch" time="0.000">
    <skipped/>
  </testcase> <!-- vesselSearch -->
  <system-out/>
  <testcase classname="testClass.VesselSearchOLD" name="vesselSearch" time="0.000">
    <skipped/>
  </testcase> <!-- vesselSearch -->
  <system-out/>
  <testcase classname="testClass.VesselSearchOLD" name="vesselSearch" time="0.000">
    <skipped/>
  </testcase> <!-- vesselSearch -->
  <system-out/>
  <testcase classname="testClass.VesselSearchOLD" name="vesselSearch" time="0.000">
    <skipped/>
  </testcase> <!-- vesselSearch -->
  <system-out/>
  <testcase classname="testClass.VesselSearchOLD" name="vesselSearch" time="0.000">
    <skipped/>
  </testcase> <!-- vesselSearch -->
  <system-out/>
  <testcase classname="testClass.VesselSearchOLD" name="vesselSearch" time="0.000">
    <skipped/>
  </testcase> <!-- vesselSearch -->
  <system-out/>
  <testcase classname="testClass.VesselSearchOLD" name="vesselSearch" time="0.000">
    <skipped/>
  </testcase> <!-- vesselSearch -->
  <system-out/>
  <testcase classname="testClass.VesselSearchOLD" name="vesselSearch" time="0.000">
    <skipped/>
  </testcase> <!-- vesselSearch -->
  <system-out/>
  <testcase classname="testClass.VesselSearchOLD" name="vesselSearch" time="0.000">
    <skipped/>
  </testcase> <!-- vesselSearch -->
  <system-out/>
  <testcase classname="testClass.VesselSearchOLD" name="vesselSearch" time="0.000">
    <skipped/>
  </testcase> <!-- vesselSearch -->
  <system-out/>
  <testcase classname="testClass.VesselSearchOLD" name="vesselSearch" time="0.000">
    <skipped/>
  </testcase> <!-- vesselSearch -->
  <system-out/>
  <testcase classname="testClass.VesselSearchOLD" name="vesselSearch" time="0.000">
    <skipped/>
  </testcase> <!-- vesselSearch -->
  <system-out/>
  <testcase classname="testClass.VesselSearchOLD" name="vesselSearch" time="0.000">
    <skipped/>
  </testcase> <!-- vesselSearch -->
  <system-out/>
  <testcase classname="testClass.VesselSearchOLD" name="vesselSearch" time="0.000">
    <skipped/>
  </testcase> <!-- vesselSearch -->
  <system-out/>
  <testcase classname="testClass.VesselSearchOLD" name="vesselSearch" time="0.000">
    <skipped/>
  </testcase> <!-- vesselSearch -->
  <system-out/>
  <testcase classname="testClass.VesselSearchOLD" name="vesselSearch" time="0.000">
    <skipped/>
  </testcase> <!-- vesselSearch -->
  <system-out/>
  <testcase classname="testClass.VesselSearchOLD" name="vesselSearch" time="0.000">
    <skipped/>
  </testcase> <!-- vesselSearch -->
  <system-out/>
  <testcase classname="testClass.VesselSearchOLD" name="vesselSearch" time="0.000">
    <skipped/>
  </testcase> <!-- vesselSearch -->
  <system-out/>
  <testcase classname="testClass.VesselSearchOLD" name="vesselSearch" time="0.000">
    <skipped/>
  </testcase> <!-- vesselSearch -->
  <system-out/>
  <testcase classname="testClass.VesselSearchOLD" name="vesselSearch" time="0.000">
    <skipped/>
  </testcase> <!-- vesselSearch -->
  <system-out/>
  <testcase classname="testClass.VesselSearchOLD" name="vesselSearch" time="0.000">
    <skipped/>
  </testcase> <!-- vesselSearch -->
  <system-out/>
  <testcase classname="testClass.VesselSearchOLD" name="vesselSearch" time="0.000">
    <skipped/>
  </testcase> <!-- vesselSearch -->
  <system-out/>
  <testcase classname="testClass.VesselSearchOLD" name="vesselSearch" time="0.000">
    <skipped/>
  </testcase> <!-- vesselSearch -->
  <system-out/>
  <testcase classname="testClass.VesselSearchOLD" name="vesselSearch" time="0.000">
    <skipped/>
  </testcase> <!-- vesselSearch -->
  <system-out/>
  <testcase classname="testClass.VesselSearchOLD" name="vesselSearch" time="0.000">
    <skipped/>
  </testcase> <!-- vesselSearch -->
  <system-out/>
  <testcase classname="testClass.VesselSearchOLD" name="vesselSearch" time="0.000">
    <skipped/>
  </testcase> <!-- vesselSearch -->
  <system-out/>
  <testcase classname="testClass.VesselSearchOLD" name="vesselSearch" time="0.000">
    <skipped/>
  </testcase> <!-- vesselSearch -->
  <system-out/>
  <testcase classname="testClass.VesselSearchOLD" name="vesselSearch" time="0.000">
    <skipped/>
  </testcase> <!-- vesselSearch -->
  <system-out/>
  <testcase classname="testClass.VesselSearchOLD" name="vesselSearch" time="0.000">
    <skipped/>
  </testcase> <!-- vesselSearch -->
  <system-out/>
  <testcase classname="testClass.VesselSearchOLD" name="vesselSearch" time="0.000">
    <skipped/>
  </testcase> <!-- vesselSearch -->
  <system-out/>
  <testcase classname="testClass.VesselSearchOLD" name="vesselSearch" time="0.000">
    <skipped/>
  </testcase> <!-- vesselSearch -->
  <system-out/>
  <testcase classname="testClass.VesselSearchOLD" name="vesselSearch" time="0.000">
    <skipped/>
  </testcase> <!-- vesselSearch -->
  <system-out/>
  <testcase classname="testClass.VesselSearchOLD" name="vesselSearch" time="0.000">
    <skipped/>
  </testcase> <!-- vesselSearch -->
  <system-out/>
  <testcase classname="testClass.VesselSearchOLD" name="vesselSearch" time="0.000">
    <skipped/>
  </testcase> <!-- vesselSearch -->
  <system-out/>
  <testcase classname="testClass.VesselSearchOLD" name="vesselSearch" time="0.000">
    <skipped/>
  </testcase> <!-- vesselSearch -->
  <system-out/>
  <testcase classname="testClass.VesselSearchOLD" name="vesselSearch" time="0.000">
    <skipped/>
  </testcase> <!-- vesselSearch -->
  <system-out/>
  <testcase classname="testClass.VesselSearchOLD" name="vesselSearch" time="0.000">
    <skipped/>
  </testcase> <!-- vesselSearch -->
  <system-out/>
  <testcase classname="testClass.VesselSearchOLD" name="vesselSearch" time="0.000">
    <skipped/>
  </testcase> <!-- vesselSearch -->
  <system-out/>
  <testcase classname="testClass.VesselSearchOLD" name="vesselSearch" time="0.000">
    <skipped/>
  </testcase> <!-- vesselSearch -->
  <system-out/>
  <testcase classname="testClass.VesselSearchOLD" name="vesselSearch" time="0.000">
    <skipped/>
  </testcase> <!-- vesselSearch -->
  <system-out/>
  <testcase classname="testClass.VesselSearchOLD" name="vesselSearch" time="0.000">
    <skipped/>
  </testcase> <!-- vesselSearch -->
  <system-out/>
  <testcase classname="testClass.VesselSearchOLD" name="vesselSearch" time="0.000">
    <skipped/>
  </testcase> <!-- vesselSearch -->
  <system-out/>
  <testcase classname="testClass.VesselSearchOLD" name="vesselSearch" time="0.000">
    <skipped/>
  </testcase> <!-- vesselSearch -->
  <system-out/>
  <testcase classname="testClass.VesselSearchOLD" name="vesselSearch" time="0.000">
    <skipped/>
  </testcase> <!-- vesselSearch -->
  <system-out/>
  <testcase classname="testClass.VesselSearchOLD" name="vesselSearch" time="0.000">
    <skipped/>
  </testcase> <!-- vesselSearch -->
  <system-out/>
  <testcase classname="testClass.VesselSearchOLD" name="vesselSearch" time="0.000">
    <skipped/>
  </testcase> <!-- vesselSearch -->
  <system-out/>
  <testcase classname="testClass.VesselSearchOLD" name="vesselSearch" time="0.000">
    <skipped/>
  </testcase> <!-- vesselSearch -->
  <system-out/>
  <testcase classname="testClass.VesselSearchOLD" name="vesselSearch" time="0.000">
    <skipped/>
  </testcase> <!-- vesselSearch -->
  <system-out/>
  <testcase classname="testClass.VesselSearchOLD" name="vesselSearch" time="0.000">
    <skipped/>
  </testcase> <!-- vesselSearch -->
  <system-out/>
  <testcase classname="testClass.VesselSearchOLD" name="vesselSearch" time="0.000">
    <skipped/>
  </testcase> <!-- vesselSearch -->
  <system-out/>
  <testcase classname="testClass.VesselSearchOLD" name="vesselSearch" time="0.000">
    <skipped/>
  </testcase> <!-- vesselSearch -->
  <system-out/>
  <testcase classname="testClass.VesselSearchOLD" name="vesselSearch" time="0.000">
    <skipped/>
  </testcase> <!-- vesselSearch -->
  <system-out/>
  <testcase classname="testClass.VesselSearchOLD" name="vesselSearch" time="0.000">
    <skipped/>
  </testcase> <!-- vesselSearch -->
  <system-out/>
  <testcase classname="testClass.VesselSearchOLD" name="vesselSearch" time="0.000">
    <skipped/>
  </testcase> <!-- vesselSearch -->
  <system-out/>
  <testcase classname="testClass.VesselSearchOLD" name="vesselSearch" time="0.000">
    <skipped/>
  </testcase> <!-- vesselSearch -->
  <system-out/>
  <testcase classname="testClass.VesselSearchOLD" name="vesselSearch" time="0.000">
    <skipped/>
  </testcase> <!-- vesselSearch -->
  <system-out/>
  <testcase classname="testClass.VesselSearchOLD" name="vesselSearch" time="0.000">
    <skipped/>
  </testcase> <!-- vesselSearch -->
  <system-out/>
  <testcase classname="testClass.VesselSearchOLD" name="vesselSearch" time="0.000">
    <skipped/>
  </testcase> <!-- vesselSearch -->
  <system-out/>
  <testcase classname="testClass.VesselSearchOLD" name="vesselSearch" time="0.000">
    <skipped/>
  </testcase> <!-- vesselSearch -->
  <system-out/>
  <testcase classname="testClass.VesselSearchOLD" name="vesselSearch" time="0.000">
    <skipped/>
  </testcase> <!-- vesselSearch -->
  <system-out/>
  <testcase classname="testClass.VesselSearchOLD" name="vesselSearch" time="0.000">
    <skipped/>
  </testcase> <!-- vesselSearch -->
  <system-out/>
  <testcase classname="testClass.VesselSearchOLD" name="vesselSearch" time="0.000">
    <skipped/>
  </testcase> <!-- vesselSearch -->
  <system-out/>
  <testcase classname="testClass.VesselSearchOLD" name="vesselSearch" time="0.000">
    <skipped/>
  </testcase> <!-- vesselSearch -->
  <system-out/>
  <testcase classname="testClass.VesselSearchOLD" name="vesselSearch" time="0.000">
    <skipped/>
  </testcase> <!-- vesselSearch -->
  <system-out/>
  <testcase classname="testClass.VesselSearchOLD" name="vesselSearch" time="0.000">
    <skipped/>
  </testcase> <!-- vesselSearch -->
  <system-out/>
  <testcase classname="testClass.VesselSearchOLD" name="vesselSearch" time="0.000">
    <skipped/>
  </testcase> <!-- vesselSearch -->
  <system-out/>
  <testcase classname="testClass.VesselSearchOLD" name="vesselSearch" time="0.000">
    <skipped/>
  </testcase> <!-- vesselSearch -->
  <system-out/>
  <testcase classname="testClass.VesselSearchOLD" name="vesselSearch" time="0.000">
    <skipped/>
  </testcase> <!-- vesselSearch -->
  <system-out/>
  <testcase classname="testClass.VesselSearchOLD" name="vesselSearch" time="0.000">
    <skipped/>
  </testcase> <!-- vesselSearch -->
  <system-out/>
  <testcase classname="testClass.VesselSearchOLD" name="vesselSearch" time="0.000">
    <skipped/>
  </testcase> <!-- vesselSearch -->
  <system-out/>
  <testcase classname="testClass.VesselSearchOLD" name="vesselSearch" time="0.000">
    <skipped/>
  </testcase> <!-- vesselSearch -->
  <system-out/>
  <testcase classname="testClass.VesselSearchOLD" name="vesselSearch" time="0.000">
    <skipped/>
  </testcase> <!-- vesselSearch -->
  <system-out/>
  <testcase classname="testClass.VesselSearchOLD" name="vesselSearch" time="0.000">
    <skipped/>
  </testcase> <!-- vesselSearch -->
  <system-out/>
  <testcase classname="testClass.VesselSearchOLD" name="vesselSearch" time="0.000">
    <skipped/>
  </testcase> <!-- vesselSearch -->
  <system-out/>
  <testcase classname="testClass.VesselSearchOLD" name="vesselSearch" time="0.000">
    <skipped/>
  </testcase> <!-- vesselSearch -->
  <system-out/>
  <testcase classname="testClass.VesselSearchOLD" name="vesselSearch" time="0.000">
    <skipped/>
  </testcase> <!-- vesselSearch -->
  <system-out/>
  <testcase classname="testClass.VesselSearchOLD" name="vesselSearch" time="0.000">
    <skipped/>
  </testcase> <!-- vesselSearch -->
  <system-out/>
  <testcase classname="testClass.VesselSearchOLD" name="vesselSearch" time="0.000">
    <skipped/>
  </testcase> <!-- vesselSearch -->
  <system-out/>
  <testcase classname="testClass.VesselSearchOLD" name="vesselSearch" time="0.000">
    <skipped/>
  </testcase> <!-- vesselSearch -->
  <system-out/>
  <testcase classname="testClass.VesselSearchOLD" name="vesselSearch" time="0.000">
    <skipped/>
  </testcase> <!-- vesselSearch -->
  <system-out/>
  <testcase classname="testClass.VesselSearchOLD" name="vesselSearch" time="0.000">
    <skipped/>
  </testcase> <!-- vesselSearch -->
  <system-out/>
  <testcase classname="testClass.VesselSearchOLD" name="vesselSearch" time="0.000">
    <skipped/>
  </testcase> <!-- vesselSearch -->
  <system-out/>
  <testcase classname="testClass.VesselSearchOLD" name="vesselSearch" time="0.000">
    <skipped/>
  </testcase> <!-- vesselSearch -->
  <system-out/>
  <testcase classname="testClass.VesselSearchOLD" name="vesselSearch" time="0.000">
    <skipped/>
  </testcase> <!-- vesselSearch -->
  <system-out/>
  <testcase classname="testClass.VesselSearchOLD" name="vesselSearch" time="0.000">
    <skipped/>
  </testcase> <!-- vesselSearch -->
  <system-out/>
  <testcase classname="testClass.VesselSearchOLD" name="vesselSearch" time="0.000">
    <skipped/>
  </testcase> <!-- vesselSearch -->
  <system-out/>
  <testcase classname="testClass.VesselSearchOLD" name="vesselSearch" time="0.000">
    <skipped/>
  </testcase> <!-- vesselSearch -->
  <system-out/>
  <testcase classname="testClass.VesselSearchOLD" name="vesselSearch" time="0.000">
    <skipped/>
  </testcase> <!-- vesselSearch -->
  <system-out/>
  <testcase classname="testClass.VesselSearchOLD" name="vesselSearch" time="0.000">
    <skipped/>
  </testcase> <!-- vesselSearch -->
  <system-out/>
  <testcase classname="testClass.VesselSearchOLD" name="vesselSearch" time="0.000">
    <skipped/>
  </testcase> <!-- vesselSearch -->
  <system-out/>
  <testcase classname="testClass.VesselSearchOLD" name="vesselSearch" time="0.000">
    <skipped/>
  </testcase> <!-- vesselSearch -->
  <system-out/>
  <testcase classname="testClass.VesselSearchOLD" name="vesselSearch" time="0.000">
    <skipped/>
  </testcase> <!-- vesselSearch -->
  <system-out/>
  <testcase classname="testClass.VesselSearchOLD" name="vesselSearch" time="0.000">
    <skipped/>
  </testcase> <!-- vesselSearch -->
  <system-out/>
  <testcase classname="testClass.VesselSearchOLD" name="vesselSearch" time="0.000">
    <skipped/>
  </testcase> <!-- vesselSearch -->
  <system-out/>
  <testcase classname="testClass.VesselSearchOLD" name="vesselSearch" time="0.000">
    <skipped/>
  </testcase> <!-- vesselSearch -->
  <system-out/>
  <testcase classname="testClass.VesselSearchOLD" name="vesselSearch" time="0.000">
    <skipped/>
  </testcase> <!-- vesselSearch -->
  <system-out/>
  <testcase classname="testClass.VesselSearchOLD" name="vesselSearch" time="0.000">
    <skipped/>
  </testcase> <!-- vesselSearch -->
  <system-out/>
  <testcase classname="testClass.VesselSearchOLD" name="vesselSearch" time="0.000">
    <skipped/>
  </testcase> <!-- vesselSearch -->
  <system-out/>
  <testcase classname="testClass.VesselSearchOLD" name="vesselSearch" time="0.000">
    <skipped/>
  </testcase> <!-- vesselSearch -->
  <system-out/>
  <testcase classname="testClass.VesselSearchOLD" name="vesselSearch" time="0.000">
    <skipped/>
  </testcase> <!-- vesselSearch -->
  <system-out/>
  <testcase classname="testClass.VesselSearchOLD" name="vesselSearch" time="0.000">
    <skipped/>
  </testcase> <!-- vesselSearch -->
  <system-out/>
  <testcase classname="testClass.VesselSearchOLD" name="vesselSearch" time="0.000">
    <skipped/>
  </testcase> <!-- vesselSearch -->
  <system-out/>
  <testcase classname="testClass.VesselSearchOLD" name="vesselSearch" time="0.000">
    <skipped/>
  </testcase> <!-- vesselSearch -->
  <system-out/>
  <testcase classname="testClass.VesselSearchOLD" name="vesselSearch" time="0.000">
    <skipped/>
  </testcase> <!-- vesselSearch -->
  <system-out/>
  <testcase classname="testClass.VesselSearchOLD" name="vesselSearch" time="0.000">
    <skipped/>
  </testcase> <!-- vesselSearch -->
  <system-out/>
  <testcase classname="testClass.VesselSearchOLD" name="vesselSearch" time="0.000">
    <skipped/>
  </testcase> <!-- vesselSearch -->
  <system-out/>
  <testcase classname="testClass.VesselSearchOLD" name="vesselSearch" time="0.000">
    <skipped/>
  </testcase> <!-- vesselSearch -->
  <system-out/>
  <testcase classname="testClass.VesselSearchOLD" name="vesselSearch" time="0.000">
    <skipped/>
  </testcase> <!-- vesselSearch -->
  <system-out/>
  <testcase classname="testClass.VesselSearchOLD" name="vesselSearch" time="0.000">
    <skipped/>
  </testcase> <!-- vesselSearch -->
  <system-out/>
  <testcase classname="testClass.VesselSearchOLD" name="vesselSearch" time="0.000">
    <skipped/>
  </testcase> <!-- vesselSearch -->
  <system-out/>
  <testcase classname="testClass.VesselSearchOLD" name="vesselSearch" time="0.000">
    <skipped/>
  </testcase> <!-- vesselSearch -->
  <system-out/>
  <testcase classname="testClass.VesselSearchOLD" name="vesselSearch" time="0.000">
    <skipped/>
  </testcase> <!-- vesselSearch -->
  <system-out/>
  <testcase classname="testClass.VesselSearchOLD" name="vesselSearch" time="0.000">
    <skipped/>
  </testcase> <!-- vesselSearch -->
  <system-out/>
  <testcase classname="testClass.VesselSearchOLD" name="vesselSearch" time="0.000">
    <skipped/>
  </testcase> <!-- vesselSearch -->
  <system-out/>
  <testcase classname="testClass.VesselSearchOLD" name="vesselSearch" time="0.000">
    <skipped/>
  </testcase> <!-- vesselSearch -->
  <system-out/>
  <testcase classname="testClass.VesselSearchOLD" name="vesselSearch" time="0.000">
    <skipped/>
  </testcase> <!-- vesselSearch -->
  <system-out/>
  <testcase classname="testClass.VesselSearchOLD" name="vesselSearch" time="0.000">
    <skipped/>
  </testcase> <!-- vesselSearch -->
  <system-out/>
  <testcase classname="testClass.VesselSearchOLD" name="vesselSearch" time="0.000">
    <skipped/>
  </testcase> <!-- vesselSearch -->
  <system-out/>
  <testcase classname="testClass.VesselSearchOLD" name="vesselSearch" time="0.000">
    <skipped/>
  </testcase> <!-- vesselSearch -->
  <system-out/>
  <testcase classname="testClass.VesselSearchOLD" name="vesselSearch" time="0.000">
    <skipped/>
  </testcase> <!-- vesselSearch -->
  <system-out/>
  <testcase classname="testClass.VesselSearchOLD" name="vesselSearch" time="0.000">
    <skipped/>
  </testcase> <!-- vesselSearch -->
  <system-out/>
  <testcase classname="testClass.VesselSearchOLD" name="vesselSearch" time="0.000">
    <skipped/>
  </testcase> <!-- vesselSearch -->
  <system-out/>
  <testcase classname="testClass.VesselSearchOLD" name="vesselSearch" time="0.000">
    <skipped/>
  </testcase> <!-- vesselSearch -->
  <system-out/>
  <testcase classname="testClass.VesselSearchOLD" name="vesselSearch" time="0.000">
    <skipped/>
  </testcase> <!-- vesselSearch -->
  <system-out/>
  <testcase classname="testClass.VesselSearchOLD" name="vesselSearch" time="0.000">
    <skipped/>
  </testcase> <!-- vesselSearch -->
  <system-out/>
  <testcase classname="testClass.VesselSearchOLD" name="vesselSearch" time="0.000">
    <skipped/>
  </testcase> <!-- vesselSearch -->
  <system-out/>
  <testcase classname="testClass.VesselSearchOLD" name="vesselSearch" time="0.000">
    <skipped/>
  </testcase> <!-- vesselSearch -->
  <system-out/>
  <testcase classname="testClass.VesselSearchOLD" name="vesselSearch" time="0.000">
    <skipped/>
  </testcase> <!-- vesselSearch -->
  <system-out/>
  <testcase classname="testClass.VesselSearchOLD" name="vesselSearch" time="0.000">
    <skipped/>
  </testcase> <!-- vesselSearch -->
  <system-out/>
  <testcase classname="testClass.VesselSearchOLD" name="vesselSearch" time="0.000">
    <skipped/>
  </testcase> <!-- vesselSearch -->
  <system-out/>
  <testcase classname="testClass.VesselSearchOLD" name="vesselSearch" time="0.000">
    <skipped/>
  </testcase> <!-- vesselSearch -->
  <system-out/>
  <testcase classname="testClass.VesselSearchOLD" name="vesselSearch" time="0.000">
    <skipped/>
  </testcase> <!-- vesselSearch -->
  <system-out/>
  <testcase classname="testClass.VesselSearchOLD" name="vesselSearch" time="0.000">
    <skipped/>
  </testcase> <!-- vesselSearch -->
  <system-out/>
  <testcase classname="testClass.VesselSearchOLD" name="vesselSearch" time="0.000">
    <skipped/>
  </testcase> <!-- vesselSearch -->
  <system-out/>
  <testcase classname="testClass.VesselSearchOLD" name="vesselSearch" time="0.000">
    <skipped/>
  </testcase> <!-- vesselSearch -->
  <system-out/>
  <testcase classname="testClass.VesselSearchOLD" name="vesselSearch" time="0.000">
    <skipped/>
  </testcase> <!-- vesselSearch -->
  <system-out/>
  <testcase classname="testClass.VesselSearchOLD" name="vesselSearch" time="0.000">
    <skipped/>
  </testcase> <!-- vesselSearch -->
  <system-out/>
  <testcase classname="testClass.VesselSearchOLD" name="vesselSearch" time="0.000">
    <skipped/>
  </testcase> <!-- vesselSearch -->
  <system-out/>
  <testcase classname="testClass.VesselSearchOLD" name="vesselSearch" time="0.000">
    <skipped/>
  </testcase> <!-- vesselSearch -->
  <system-out/>
  <testcase classname="testClass.VesselSearchOLD" name="vesselSearch" time="0.000">
    <skipped/>
  </testcase> <!-- vesselSearch -->
  <system-out/>
  <testcase classname="testClass.VesselSearchOLD" name="vesselSearch" time="0.000">
    <skipped/>
  </testcase> <!-- vesselSearch -->
  <system-out/>
  <testcase classname="testClass.VesselSearchOLD" name="vesselSearch" time="0.000">
    <skipped/>
  </testcase> <!-- vesselSearch -->
  <system-out/>
  <testcase classname="testClass.VesselSearchOLD" name="vesselSearch" time="0.000">
    <skipped/>
  </testcase> <!-- vesselSearch -->
  <system-out/>
  <testcase classname="testClass.VesselSearchOLD" name="vesselSearch" time="0.000">
    <skipped/>
  </testcase> <!-- vesselSearch -->
  <system-out/>
  <testcase classname="testClass.VesselSearchOLD" name="vesselSearch" time="0.000">
    <skipped/>
  </testcase> <!-- vesselSearch -->
  <system-out/>
  <testcase classname="testClass.VesselSearchOLD" name="vesselSearch" time="0.000">
    <skipped/>
  </testcase> <!-- vesselSearch -->
  <system-out/>
  <testcase classname="testClass.VesselSearchOLD" name="vesselSearch" time="0.000">
    <skipped/>
  </testcase> <!-- vesselSearch -->
  <system-out/>
  <testcase classname="testClass.VesselSearchOLD" name="vesselSearch" time="0.000">
    <skipped/>
  </testcase> <!-- vesselSearch -->
  <system-out/>
  <testcase classname="testClass.VesselSearchOLD" name="vesselSearch" time="0.000">
    <skipped/>
  </testcase> <!-- vesselSearch -->
  <system-out/>
  <testcase classname="testClass.VesselSearchOLD" name="vesselSearch" time="0.000">
    <skipped/>
  </testcase> <!-- vesselSearch -->
  <system-out/>
  <testcase classname="testClass.VesselSearchOLD" name="vesselSearch" time="0.000">
    <skipped/>
  </testcase> <!-- vesselSearch -->
  <system-out/>
  <testcase classname="testClass.VesselSearchOLD" name="vesselSearch" time="0.000">
    <skipped/>
  </testcase> <!-- vesselSearch -->
  <system-out/>
  <testcase classname="testClass.VesselSearchOLD" name="vesselSearch" time="0.000">
    <skipped/>
  </testcase> <!-- vesselSearch -->
  <system-out/>
  <testcase classname="testClass.VesselSearchOLD" name="vesselSearch" time="0.000">
    <skipped/>
  </testcase> <!-- vesselSearch -->
  <system-out/>
  <testcase classname="testClass.VesselSearchOLD" name="vesselSearch" time="0.000">
    <skipped/>
  </testcase> <!-- vesselSearch -->
  <system-out/>
  <testcase classname="testClass.VesselSearchOLD" name="vesselSearch" time="0.000">
    <skipped/>
  </testcase> <!-- vesselSearch -->
  <system-out/>
  <testcase classname="testClass.VesselSearchOLD" name="vesselSearch" time="0.000">
    <skipped/>
  </testcase> <!-- vesselSearch -->
  <system-out/>
  <testcase classname="testClass.VesselSearchOLD" name="vesselSearch" time="0.000">
    <skipped/>
  </testcase> <!-- vesselSearch -->
  <system-out/>
  <testcase classname="testClass.VesselSearchOLD" name="vesselSearch" time="0.000">
    <skipped/>
  </testcase> <!-- vesselSearch -->
  <system-out/>
  <testcase classname="testClass.VesselSearchOLD" name="vesselSearch" time="0.000">
    <skipped/>
  </testcase> <!-- vesselSearch -->
  <system-out/>
  <testcase classname="testClass.VesselSearchOLD" name="vesselSearch" time="0.000">
    <skipped/>
  </testcase> <!-- vesselSearch -->
  <system-out/>
  <testcase classname="testClass.VesselSearchOLD" name="vesselSearch" time="0.000">
    <skipped/>
  </testcase> <!-- vesselSearch -->
  <system-out/>
  <testcase classname="testClass.VesselSearchOLD" name="vesselSearch" time="0.000">
    <skipped/>
  </testcase> <!-- vesselSearch -->
  <system-out/>
  <testcase classname="testClass.VesselSearchOLD" name="vesselSearch" time="0.000">
    <skipped/>
  </testcase> <!-- vesselSearch -->
  <system-out/>
  <testcase classname="testClass.VesselSearchOLD" name="vesselSearch" time="0.000">
    <skipped/>
  </testcase> <!-- vesselSearch -->
  <system-out/>
  <testcase classname="testClass.VesselSearchOLD" name="vesselSearch" time="0.000">
    <skipped/>
  </testcase> <!-- vesselSearch -->
  <system-out/>
  <testcase classname="testClass.VesselSearchOLD" name="vesselSearch" time="0.000">
    <skipped/>
  </testcase> <!-- vesselSearch -->
  <system-out/>
  <testcase classname="testClass.VesselSearchOLD" name="vesselSearch" time="0.000">
    <skipped/>
  </testcase> <!-- vesselSearch -->
  <system-out/>
  <testcase classname="testClass.VesselSearchOLD" name="vesselSearch" time="0.000">
    <skipped/>
  </testcase> <!-- vesselSearch -->
  <system-out/>
  <testcase classname="testClass.VesselSearchOLD" name="vesselSearch" time="0.000">
    <skipped/>
  </testcase> <!-- vesselSearch -->
  <system-out/>
  <testcase classname="testClass.VesselSearchOLD" name="vesselSearch" time="0.000">
    <skipped/>
  </testcase> <!-- vesselSearch -->
  <system-out/>
  <testcase classname="testClass.VesselSearchOLD" name="vesselSearch" time="0.000">
    <skipped/>
  </testcase> <!-- vesselSearch -->
  <system-out/>
  <testcase classname="testClass.VesselSearchOLD" name="vesselSearch" time="0.000">
    <skipped/>
  </testcase> <!-- vesselSearch -->
  <system-out/>
  <testcase classname="testClass.VesselSearchOLD" name="vesselSearch" time="0.000">
    <skipped/>
  </testcase> <!-- vesselSearch -->
  <system-out/>
  <testcase classname="testClass.VesselSearchOLD" name="vesselSearch" time="0.000">
    <skipped/>
  </testcase> <!-- vesselSearch -->
  <system-out/>
  <testcase classname="testClass.VesselSearchOLD" name="vesselSearch" time="0.000">
    <skipped/>
  </testcase> <!-- vesselSearch -->
  <system-out/>
  <testcase classname="testClass.VesselSearchOLD" name="vesselSearch" time="0.000">
    <skipped/>
  </testcase> <!-- vesselSearch -->
  <system-out/>
  <testcase classname="testClass.VesselSearchOLD" name="vesselSearch" time="0.000">
    <skipped/>
  </testcase> <!-- vesselSearch -->
  <system-out/>
  <testcase classname="testClass.VesselSearchOLD" name="vesselSearch" time="0.000">
    <skipped/>
  </testcase> <!-- vesselSearch -->
  <system-out/>
  <testcase classname="testClass.VesselSearchOLD" name="vesselSearch" time="0.000">
    <skipped/>
  </testcase> <!-- vesselSearch -->
  <system-out/>
  <testcase classname="testClass.VesselSearchOLD" name="vesselSearch" time="0.000">
    <skipped/>
  </testcase> <!-- vesselSearch -->
  <system-out/>
  <testcase classname="testClass.VesselSearchOLD" name="vesselSearch" time="0.000">
    <skipped/>
  </testcase> <!-- vesselSearch -->
  <system-out/>
  <testcase classname="testClass.VesselSearchOLD" name="vesselSearch" time="0.000">
    <skipped/>
  </testcase> <!-- vesselSearch -->
  <system-out/>
  <testcase classname="testClass.VesselSearchOLD" name="vesselSearch" time="0.000">
    <skipped/>
  </testcase> <!-- vesselSearch -->
  <system-out/>
  <testcase classname="testClass.VesselSearchOLD" name="vesselSearch" time="0.000">
    <skipped/>
  </testcase> <!-- vesselSearch -->
  <system-out/>
  <testcase classname="testClass.VesselSearchOLD" name="vesselSearch" time="0.000">
    <skipped/>
  </testcase> <!-- vesselSearch -->
  <system-out/>
  <testcase classname="testClass.VesselSearchOLD" name="vesselSearch" time="0.000">
    <skipped/>
  </testcase> <!-- vesselSearch -->
  <system-out/>
  <testcase classname="testClass.VesselSearchOLD" name="vesselSearch" time="0.000">
    <skipped/>
  </testcase> <!-- vesselSearch -->
  <system-out/>
  <testcase classname="testClass.VesselSearchOLD" name="vesselSearch" time="0.000">
    <skipped/>
  </testcase> <!-- vesselSearch -->
  <system-out/>
  <testcase classname="testClass.VesselSearchOLD" name="vesselSearch" time="0.000">
    <skipped/>
  </testcase> <!-- vesselSearch -->
  <system-out/>
  <testcase classname="testClass.VesselSearchOLD" name="vesselSearch" time="0.000">
    <skipped/>
  </testcase> <!-- vesselSearch -->
  <system-out/>
  <testcase classname="testClass.VesselSearchOLD" name="vesselSearch" time="0.000">
    <skipped/>
  </testcase> <!-- vesselSearch -->
  <system-out/>
  <testcase classname="testClass.VesselSearchOLD" name="vesselSearch" time="0.000">
    <skipped/>
  </testcase> <!-- vesselSearch -->
  <system-out/>
  <testcase classname="testClass.VesselSearchOLD" name="vesselSearch" time="0.000">
    <skipped/>
  </testcase> <!-- vesselSearch -->
  <system-out/>
  <testcase classname="testClass.VesselSearchOLD" name="vesselSearch" time="0.000">
    <skipped/>
  </testcase> <!-- vesselSearch -->
  <system-out/>
  <testcase classname="testClass.VesselSearchOLD" name="vesselSearch" time="0.000">
    <skipped/>
  </testcase> <!-- vesselSearch -->
  <system-out/>
  <testcase classname="testClass.VesselSearchOLD" name="vesselSearch" time="0.000">
    <skipped/>
  </testcase> <!-- vesselSearch -->
  <system-out/>
  <testcase classname="testClass.VesselSearchOLD" name="vesselSearch" time="0.000">
    <skipped/>
  </testcase> <!-- vesselSearch -->
  <system-out/>
  <testcase classname="testClass.VesselSearchOLD" name="vesselSearch" time="0.000">
    <skipped/>
  </testcase> <!-- vesselSearch -->
  <system-out/>
  <testcase classname="testClass.VesselSearchOLD" name="vesselSearch" time="0.000">
    <skipped/>
  </testcase> <!-- vesselSearch -->
  <system-out/>
  <testcase classname="testClass.VesselSearchOLD" name="vesselSearch" time="0.000">
    <skipped/>
  </testcase> <!-- vesselSearch -->
  <system-out/>
  <testcase classname="testClass.VesselSearchOLD" name="vesselSearch" time="0.000">
    <skipped/>
  </testcase> <!-- vesselSearch -->
  <system-out/>
  <testcase classname="testClass.VesselSearchOLD" name="vesselSearch" time="0.000">
    <skipped/>
  </testcase> <!-- vesselSearch -->
  <system-out/>
  <testcase classname="testClass.VesselSearchOLD" name="vesselSearch" time="0.000">
    <skipped/>
  </testcase> <!-- vesselSearch -->
  <system-out/>
  <testcase classname="testClass.VesselSearchOLD" name="vesselSearch" time="0.000">
    <skipped/>
  </testcase> <!-- vesselSearch -->
  <system-out/>
  <testcase classname="testClass.VesselSearchOLD" name="vesselSearch" time="0.000">
    <skipped/>
  </testcase> <!-- vesselSearch -->
  <system-out/>
  <testcase classname="testClass.VesselSearchOLD" name="vesselSearch" time="0.000">
    <skipped/>
  </testcase> <!-- vesselSearch -->
  <system-out/>
  <testcase classname="testClass.VesselSearchOLD" name="vesselSearch" time="0.000">
    <skipped/>
  </testcase> <!-- vesselSearch -->
  <system-out/>
  <testcase classname="testClass.VesselSearchOLD" name="vesselSearch" time="0.000">
    <skipped/>
  </testcase> <!-- vesselSearch -->
  <system-out/>
  <testcase classname="testClass.VesselSearchOLD" name="vesselSearch" time="0.000">
    <skipped/>
  </testcase> <!-- vesselSearch -->
  <system-out/>
  <testcase classname="testClass.VesselSearchOLD" name="vesselSearch" time="0.000">
    <skipped/>
  </testcase> <!-- vesselSearch -->
  <system-out/>
  <testcase classname="testClass.VesselSearchOLD" name="vesselSearch" time="0.000">
    <skipped/>
  </testcase> <!-- vesselSearch -->
  <system-out/>
  <testcase classname="testClass.VesselSearchOLD" name="vesselSearch" time="0.000">
    <skipped/>
  </testcase> <!-- vesselSearch -->
  <system-out/>
  <testcase classname="testClass.VesselSearchOLD" name="vesselSearch" time="0.000">
    <skipped/>
  </testcase> <!-- vesselSearch -->
  <system-out/>
  <testcase classname="testClass.VesselSearchOLD" name="vesselSearch" time="0.000">
    <skipped/>
  </testcase> <!-- vesselSearch -->
  <system-out/>
  <testcase classname="testClass.VesselSearchOLD" name="vesselSearch" time="0.000">
    <skipped/>
  </testcase> <!-- vesselSearch -->
  <system-out/>
  <testcase classname="testClass.VesselSearchOLD" name="vesselSearch" time="0.000">
    <skipped/>
  </testcase> <!-- vesselSearch -->
  <system-out/>
  <testcase classname="testClass.VesselSearchOLD" name="vesselSearch" time="0.000">
    <skipped/>
  </testcase> <!-- vesselSearch -->
  <system-out/>
  <testcase classname="testClass.VesselSearchOLD" name="vesselSearch" time="0.000">
    <skipped/>
  </testcase> <!-- vesselSearch -->
  <system-out/>
  <testcase classname="testClass.VesselSearchOLD" name="vesselSearch" time="0.000">
    <skipped/>
  </testcase> <!-- vesselSearch -->
  <system-out/>
  <testcase classname="testClass.VesselSearchOLD" name="vesselSearch" time="0.000">
    <skipped/>
  </testcase> <!-- vesselSearch -->
  <system-out/>
  <testcase classname="testClass.VesselSearchOLD" name="vesselSearch" time="0.000">
    <skipped/>
  </testcase> <!-- vesselSearch -->
  <system-out/>
  <testcase classname="testClass.VesselSearchOLD" name="vesselSearch" time="0.000">
    <skipped/>
  </testcase> <!-- vesselSearch -->
  <system-out/>
  <testcase classname="testClass.VesselSearchOLD" name="vesselSearch" time="0.000">
    <skipped/>
  </testcase> <!-- vesselSearch -->
  <system-out/>
  <testcase classname="testClass.VesselSearchOLD" name="vesselSearch" time="0.000">
    <skipped/>
  </testcase> <!-- vesselSearch -->
  <system-out/>
  <testcase classname="testClass.VesselSearchOLD" name="vesselSearch" time="0.000">
    <skipped/>
  </testcase> <!-- vesselSearch -->
  <system-out/>
  <testcase classname="testClass.VesselSearchOLD" name="vesselSearch" time="0.000">
    <skipped/>
  </testcase> <!-- vesselSearch -->
  <system-out/>
  <testcase classname="testClass.VesselSearchOLD" name="vesselSearch" time="0.000">
    <skipped/>
  </testcase> <!-- vesselSearch -->
  <system-out/>
  <testcase classname="testClass.VesselSearchOLD" name="vesselSearch" time="0.000">
    <skipped/>
  </testcase> <!-- vesselSearch -->
  <system-out/>
  <testcase classname="testClass.VesselSearchOLD" name="vesselSearch" time="0.000">
    <skipped/>
  </testcase> <!-- vesselSearch -->
  <system-out/>
  <testcase classname="testClass.VesselSearchOLD" name="vesselSearch" time="0.000">
    <skipped/>
  </testcase> <!-- vesselSearch -->
  <system-out/>
  <testcase classname="testClass.VesselSearchOLD" name="vesselSearch" time="0.000">
    <skipped/>
  </testcase> <!-- vesselSearch -->
  <system-out/>
  <testcase classname="testClass.VesselSearchOLD" name="vesselSearch" time="0.000">
    <skipped/>
  </testcase> <!-- vesselSearch -->
  <system-out/>
  <testcase classname="testClass.VesselSearchOLD" name="vesselSearch" time="0.000">
    <skipped/>
  </testcase> <!-- vesselSearch -->
  <system-out/>
  <testcase classname="testClass.VesselSearchOLD" name="vesselSearch" time="0.000">
    <skipped/>
  </testcase> <!-- vesselSearch -->
  <system-out/>
  <testcase classname="testClass.VesselSearchOLD" name="vesselSearch" time="0.000">
    <skipped/>
  </testcase> <!-- vesselSearch -->
  <system-out/>
  <testcase classname="testClass.VesselSearchOLD" name="vesselSearch" time="0.000">
    <skipped/>
  </testcase> <!-- vesselSearch -->
  <system-out/>
  <testcase classname="testClass.VesselSearchOLD" name="vesselSearch" time="0.000">
    <skipped/>
  </testcase> <!-- vesselSearch -->
  <system-out/>
  <testcase classname="testClass.VesselSearchOLD" name="vesselSearch" time="0.000">
    <skipped/>
  </testcase> <!-- vesselSearch -->
  <system-out/>
  <testcase classname="testClass.VesselSearchOLD" name="vesselSearch" time="0.000">
    <skipped/>
  </testcase> <!-- vesselSearch -->
  <system-out/>
  <testcase classname="testClass.VesselSearchOLD" name="vesselSearch" time="0.000">
    <skipped/>
  </testcase> <!-- vesselSearch -->
  <system-out/>
  <testcase classname="testClass.VesselSearchOLD" name="vesselSearch" time="0.000">
    <skipped/>
  </testcase> <!-- vesselSearch -->
  <system-out/>
  <testcase classname="testClass.VesselSearchOLD" name="vesselSearch" time="0.000">
    <skipped/>
  </testcase> <!-- vesselSearch -->
  <system-out/>
  <testcase classname="testClass.VesselSearchOLD" name="vesselSearch" time="0.000">
    <skipped/>
  </testcase> <!-- vesselSearch -->
  <system-out/>
  <testcase classname="testClass.VesselSearchOLD" name="vesselSearch" time="0.000">
    <skipped/>
  </testcase> <!-- vesselSearch -->
  <system-out/>
  <testcase classname="testClass.VesselSearchOLD" name="vesselSearch" time="0.000">
    <skipped/>
  </testcase> <!-- vesselSearch -->
  <system-out/>
  <testcase classname="testClass.VesselSearchOLD" name="vesselSearch" time="0.000">
    <skipped/>
  </testcase> <!-- vesselSearch -->
  <system-out/>
  <testcase classname="testClass.VesselSearchOLD" name="vesselSearch" time="0.000">
    <skipped/>
  </testcase> <!-- vesselSearch -->
  <system-out/>
  <testcase classname="testClass.VesselSearchOLD" name="vesselSearch" time="0.000">
    <skipped/>
  </testcase> <!-- vesselSearch -->
  <system-out/>
  <testcase classname="testClass.VesselSearchOLD" name="vesselSearch" time="0.000">
    <skipped/>
  </testcase> <!-- vesselSearch -->
  <system-out/>
  <testcase classname="testClass.VesselSearchOLD" name="vesselSearch" time="0.000">
    <skipped/>
  </testcase> <!-- vesselSearch -->
  <system-out/>
  <testcase classname="testClass.VesselSearchOLD" name="vesselSearch" time="0.000">
    <skipped/>
  </testcase> <!-- vesselSearch -->
  <system-out/>
  <testcase classname="testClass.VesselSearchOLD" name="vesselSearch" time="0.000">
    <skipped/>
  </testcase> <!-- vesselSearch -->
  <system-out/>
  <testcase classname="testClass.VesselSearchOLD" name="vesselSearch" time="0.000">
    <skipped/>
  </testcase> <!-- vesselSearch -->
  <system-out/>
  <testcase classname="testClass.VesselSearchOLD" name="vesselSearch" time="0.000">
    <skipped/>
  </testcase> <!-- vesselSearch -->
  <system-out/>
  <testcase classname="testClass.VesselSearchOLD" name="vesselSearch" time="0.000">
    <skipped/>
  </testcase> <!-- vesselSearch -->
  <system-out/>
  <testcase classname="testClass.VesselSearchOLD" name="vesselSearch" time="0.000">
    <skipped/>
  </testcase> <!-- vesselSearch -->
  <system-out/>
  <testcase classname="testClass.VesselSearchOLD" name="vesselSearch" time="0.000">
    <skipped/>
  </testcase> <!-- vesselSearch -->
  <system-out/>
  <testcase classname="testClass.VesselSearchOLD" name="vesselSearch" time="0.000">
    <skipped/>
  </testcase> <!-- vesselSearch -->
  <system-out/>
  <testcase classname="testClass.VesselSearchOLD" name="vesselSearch" time="0.000">
    <skipped/>
  </testcase> <!-- vesselSearch -->
  <system-out/>
  <testcase classname="testClass.VesselSearchOLD" name="vesselSearch" time="0.000">
    <skipped/>
  </testcase> <!-- vesselSearch -->
  <system-out/>
  <testcase classname="testClass.VesselSearchOLD" name="vesselSearch" time="0.000">
    <skipped/>
  </testcase> <!-- vesselSearch -->
  <system-out/>
  <testcase classname="testClass.VesselSearchOLD" name="vesselSearch" time="0.000">
    <skipped/>
  </testcase> <!-- vesselSearch -->
  <system-out/>
  <testcase classname="testClass.VesselSearchOLD" name="vesselSearch" time="0.000">
    <skipped/>
  </testcase> <!-- vesselSearch -->
  <system-out/>
  <testcase classname="testClass.VesselSearchOLD" name="vesselSearch" time="0.000">
    <skipped/>
  </testcase> <!-- vesselSearch -->
  <system-out/>
  <testcase classname="testClass.VesselSearchOLD" name="vesselSearch" time="0.000">
    <skipped/>
  </testcase> <!-- vesselSearch -->
  <system-out/>
  <testcase classname="testClass.VesselSearchOLD" name="vesselSearch" time="0.000">
    <skipped/>
  </testcase> <!-- vesselSearch -->
  <system-out/>
  <testcase classname="testClass.VesselSearchOLD" name="vesselSearch" time="0.000">
    <skipped/>
  </testcase> <!-- vesselSearch -->
  <system-out/>
  <testcase classname="testClass.VesselSearchOLD" name="vesselSearch" time="0.000">
    <skipped/>
  </testcase> <!-- vesselSearch -->
  <system-out/>
  <testcase classname="testClass.VesselSearchOLD" name="vesselSearch" time="0.000">
    <skipped/>
  </testcase> <!-- vesselSearch -->
  <system-out/>
  <testcase classname="testClass.VesselSearchOLD" name="vesselSearch" time="0.000">
    <skipped/>
  </testcase> <!-- vesselSearch -->
  <system-out/>
  <testcase classname="testClass.VesselSearchOLD" name="vesselSearch" time="0.000">
    <skipped/>
  </testcase> <!-- vesselSearch -->
  <system-out/>
  <testcase classname="testClass.VesselSearchOLD" name="vesselSearch" time="0.000">
    <skipped/>
  </testcase> <!-- vesselSearch -->
  <system-out/>
  <testcase classname="testClass.VesselSearchOLD" name="vesselSearch" time="0.000">
    <skipped/>
  </testcase> <!-- vesselSearch -->
  <system-out/>
  <testcase classname="testClass.VesselSearchOLD" name="vesselSearch" time="0.000">
    <skipped/>
  </testcase> <!-- vesselSearch -->
  <system-out/>
  <testcase classname="testClass.VesselSearchOLD" name="vesselSearch" time="0.000">
    <skipped/>
  </testcase> <!-- vesselSearch -->
  <system-out/>
  <testcase classname="testClass.VesselSearchOLD" name="vesselSearch" time="0.000">
    <skipped/>
  </testcase> <!-- vesselSearch -->
  <system-out/>
  <testcase classname="testClass.VesselSearchOLD" name="vesselSearch" time="0.000">
    <skipped/>
  </testcase> <!-- vesselSearch -->
  <system-out/>
  <testcase classname="testClass.VesselSearchOLD" name="vesselSearch" time="0.000">
    <skipped/>
  </testcase> <!-- vesselSearch -->
  <system-out/>
  <testcase classname="testClass.VesselSearchOLD" name="vesselSearch" time="0.000">
    <skipped/>
  </testcase> <!-- vesselSearch -->
  <system-out/>
  <testcase classname="testClass.VesselSearchOLD" name="vesselSearch" time="0.000">
    <skipped/>
  </testcase> <!-- vesselSearch -->
  <system-out/>
  <testcase classname="testClass.VesselSearchOLD" name="vesselSearch" time="0.000">
    <skipped/>
  </testcase> <!-- vesselSearch -->
  <system-out/>
  <testcase classname="testClass.VesselSearchOLD" name="vesselSearch" time="0.000">
    <skipped/>
  </testcase> <!-- vesselSearch -->
  <system-out/>
  <testcase classname="testClass.VesselSearchOLD" name="vesselSearch" time="0.000">
    <skipped/>
  </testcase> <!-- vesselSearch -->
  <system-out/>
  <testcase classname="testClass.VesselSearchOLD" name="vesselSearch" time="0.000">
    <skipped/>
  </testcase> <!-- vesselSearch -->
  <system-out/>
  <testcase classname="testClass.VesselSearchOLD" name="vesselSearch" time="0.000">
    <skipped/>
  </testcase> <!-- vesselSearch -->
  <system-out/>
  <testcase classname="testClass.VesselSearchOLD" name="vesselSearch" time="0.000">
    <skipped/>
  </testcase> <!-- vesselSearch -->
  <system-out/>
  <testcase classname="testClass.VesselSearchOLD" name="vesselSearch" time="0.000">
    <skipped/>
  </testcase> <!-- vesselSearch -->
  <system-out/>
  <testcase classname="testClass.VesselSearchOLD" name="vesselSearch" time="0.000">
    <skipped/>
  </testcase> <!-- vesselSearch -->
  <system-out/>
  <testcase classname="testClass.VesselSearchOLD" name="vesselSearch" time="0.000">
    <skipped/>
  </testcase> <!-- vesselSearch -->
  <system-out/>
  <testcase classname="testClass.VesselSearchOLD" name="vesselSearch" time="0.000">
    <skipped/>
  </testcase> <!-- vesselSearch -->
  <system-out/>
  <testcase classname="testClass.VesselSearchOLD" name="vesselSearch" time="0.000">
    <skipped/>
  </testcase> <!-- vesselSearch -->
  <system-out/>
  <testcase classname="testClass.VesselSearchOLD" name="vesselSearch" time="0.000">
    <skipped/>
  </testcase> <!-- vesselSearch -->
  <system-out/>
  <testcase classname="testClass.VesselSearchOLD" name="vesselSearch" time="0.000">
    <skipped/>
  </testcase> <!-- vesselSearch -->
  <system-out/>
  <testcase classname="testClass.VesselSearchOLD" name="vesselSearch" time="0.000">
    <skipped/>
  </testcase> <!-- vesselSearch -->
  <system-out/>
  <testcase classname="testClass.VesselSearchOLD" name="vesselSearch" time="0.000">
    <skipped/>
  </testcase> <!-- vesselSearch -->
  <system-out/>
  <testcase classname="testClass.VesselSearchOLD" name="vesselSearch" time="0.000">
    <skipped/>
  </testcase> <!-- vesselSearch -->
  <system-out/>
  <testcase classname="testClass.VesselSearchOLD" name="vesselSearch" time="0.000">
    <skipped/>
  </testcase> <!-- vesselSearch -->
  <system-out/>
  <testcase classname="testClass.VesselSearchOLD" name="vesselSearch" time="0.000">
    <skipped/>
  </testcase> <!-- vesselSearch -->
  <system-out/>
  <testcase classname="testClass.VesselSearchOLD" name="vesselSearch" time="0.000">
    <skipped/>
  </testcase> <!-- vesselSearch -->
  <system-out/>
  <testcase classname="testClass.VesselSearchOLD" name="vesselSearch" time="0.000">
    <skipped/>
  </testcase> <!-- vesselSearch -->
  <system-out/>
  <testcase classname="testClass.VesselSearchOLD" name="vesselSearch" time="0.000">
    <skipped/>
  </testcase> <!-- vesselSearch -->
  <system-out/>
  <testcase classname="testClass.VesselSearchOLD" name="vesselSearch" time="0.000">
    <skipped/>
  </testcase> <!-- vesselSearch -->
  <system-out/>
  <testcase classname="testClass.VesselSearchOLD" name="vesselSearch" time="0.000">
    <skipped/>
  </testcase> <!-- vesselSearch -->
  <system-out/>
  <testcase classname="testClass.VesselSearchOLD" name="vesselSearch" time="0.000">
    <skipped/>
  </testcase> <!-- vesselSearch -->
  <system-out/>
  <testcase classname="testClass.VesselSearchOLD" name="vesselSearch" time="0.000">
    <skipped/>
  </testcase> <!-- vesselSearch -->
  <system-out/>
  <testcase classname="testClass.VesselSearchOLD" name="vesselSearch" time="0.000">
    <skipped/>
  </testcase> <!-- vesselSearch -->
  <system-out/>
  <testcase classname="testClass.VesselSearchOLD" name="vesselSearch" time="0.000">
    <skipped/>
  </testcase> <!-- vesselSearch -->
  <system-out/>
  <testcase classname="testClass.VesselSearchOLD" name="vesselSearch" time="0.000">
    <skipped/>
  </testcase> <!-- vesselSearch -->
  <system-out/>
  <testcase classname="testClass.VesselSearchOLD" name="vesselSearch" time="0.000">
    <skipped/>
  </testcase> <!-- vesselSearch -->
  <system-out/>
  <testcase classname="testClass.VesselSearchOLD" name="vesselSearch" time="0.000">
    <skipped/>
  </testcase> <!-- vesselSearch -->
  <system-out/>
  <testcase classname="testClass.VesselSearchOLD" name="vesselSearch" time="0.000">
    <skipped/>
  </testcase> <!-- vesselSearch -->
  <system-out/>
  <testcase classname="testClass.VesselSearchOLD" name="vesselSearch" time="0.000">
    <skipped/>
  </testcase> <!-- vesselSearch -->
  <system-out/>
  <testcase classname="testClass.VesselSearchOLD" name="vesselSearch" time="0.000">
    <skipped/>
  </testcase> <!-- vesselSearch -->
  <system-out/>
  <testcase classname="testClass.VesselSearchOLD" name="vesselSearch" time="0.000">
    <skipped/>
  </testcase> <!-- vesselSearch -->
  <system-out/>
  <testcase classname="testClass.VesselSearchOLD" name="vesselSearch" time="0.000">
    <skipped/>
  </testcase> <!-- vesselSearch -->
  <system-out/>
  <testcase classname="testClass.VesselSearchOLD" name="vesselSearch" time="0.000">
    <skipped/>
  </testcase> <!-- vesselSearch -->
  <system-out/>
  <testcase classname="testClass.VesselSearchOLD" name="vesselSearch" time="0.000">
    <skipped/>
  </testcase> <!-- vesselSearch -->
  <system-out/>
  <testcase classname="testClass.VesselSearchOLD" name="ProgramStart" time="35.662">
    <failure message="The following asserts failed:
	expected [] but found [Select Vessel]" type="java.lang.AssertionError">
      <![CDATA[java.lang.AssertionError: The following asserts failed:
expected [] but found [Select Vessel]
at org.testng.asserts.SoftAssert.assertAll(SoftAssert.java:47)
at org.testng.asserts.SoftAssert.assertAll(SoftAssert.java:31)
at testClass.AELogin.Login(AELogin.java:34)
at testClass.VesselSearchOLD.ProgramStart(VesselSearchOLD.java:40)
at java.base/jdk.internal.reflect.NativeMethodAccessorImpl.invoke0(Native Method)
at java.base/jdk.internal.reflect.NativeMethodAccessorImpl.invoke(NativeMethodAccessorImpl.java:77)
at java.base/jdk.internal.reflect.DelegatingMethodAccessorImpl.invoke(DelegatingMethodAccessorImpl.java:43)
at java.base/java.lang.reflect.Method.invoke(Method.java:568)
at org.testng.internal.MethodInvocationHelper.invokeMethod(MethodInvocationHelper.java:133)
at org.testng.internal.MethodInvocationHelper.invokeMethodConsideringTimeout(MethodInvocationHelper.java:62)
at org.testng.internal.ConfigInvoker.invokeConfigurationMethod(ConfigInvoker.java:385)
at org.testng.internal.ConfigInvoker.invokeConfigurations(ConfigInvoker.java:321)
at org.testng.internal.TestMethodWorker.invokeBeforeClassMethods(TestMethodWorker.java:176)
at org.testng.internal.TestMethodWorker.run(TestMethodWorker.java:122)
at java.base/java.util.ArrayList.forEach(ArrayList.java:1511)
at org.testng.TestRunner.privateRun(TestRunner.java:794)
at org.testng.TestRunner.run(TestRunner.java:596)
at org.testng.SuiteRunner.runTest(SuiteRunner.java:377)
at org.testng.SuiteRunner.runSequentially(SuiteRunner.java:371)
at org.testng.SuiteRunner.privateRun(SuiteRunner.java:332)
at org.testng.SuiteRunner.run(SuiteRunner.java:276)
at org.testng.SuiteRunnerWorker.runSuite(SuiteRunnerWorker.java:53)
at org.testng.SuiteRunnerWorker.run(SuiteRunnerWorker.java:96)
at org.testng.TestNG.runSuitesSequentially(TestNG.java:1212)
at org.testng.TestNG.runSuitesLocally(TestNG.java:1134)
at org.testng.TestNG.runSuites(TestNG.java:1063)
at org.testng.TestNG.run(TestNG.java:1031)
at org.testng.remote.AbstractRemoteTestNG.run(AbstractRemoteTestNG.java:115)
at org.testng.remote.RemoteTestNG.initAndRun(RemoteTestNG.java:251)
at org.testng.remote.RemoteTestNG.main(RemoteTestNG.java:77)
]]>
    </failure>
  </testcase> <!-- ProgramStart -->
  <system-out/>
  <testcase classname="testClass.VesselSearchOLD" name="vesselSearch" time="0.000">
    <skipped/>
  </testcase> <!-- vesselSearch -->
  <system-out/>
  <testcase classname="testClass.VesselSearchOLD" name="vesselSearch" time="0.000">
    <skipped/>
  </testcase> <!-- vesselSearch -->
  <system-out/>
  <testcase classname="testClass.VesselSearchOLD" name="vesselSearch" time="0.000">
    <skipped/>
  </testcase> <!-- vesselSearch -->
  <system-out/>
  <testcase classname="testClass.VesselSearchOLD" name="vesselSearch" time="0.000">
    <skipped/>
  </testcase> <!-- vesselSearch -->
  <system-out/>
  <testcase classname="testClass.VesselSearchOLD" name="vesselSearch" time="0.000">
    <skipped/>
  </testcase> <!-- vesselSearch -->
  <system-out/>
  <testcase classname="testClass.VesselSearchOLD" name="vesselSearch" time="0.000">
    <skipped/>
  </testcase> <!-- vesselSearch -->
  <system-out/>
  <testcase classname="testClass.VesselSearchOLD" name="vesselSearch" time="0.000">
    <skipped/>
  </testcase> <!-- vesselSearch -->
  <system-out/>
  <testcase classname="testClass.VesselSearchOLD" name="vesselSearch" time="0.000">
    <skipped/>
  </testcase> <!-- vesselSearch -->
  <system-out/>
  <testcase classname="testClass.VesselSearchOLD" name="vesselSearch" time="0.000">
    <skipped/>
  </testcase> <!-- vesselSearch -->
  <system-out/>
  <testcase classname="testClass.VesselSearchOLD" name="vesselSearch" time="0.000">
    <skipped/>
  </testcase> <!-- vesselSearch -->
  <system-out/>
  <testcase classname="testClass.VesselSearchOLD" name="vesselSearch" time="0.000">
    <skipped/>
[...]
  <system-out/>
  <testcase classname="testClass.VesselSearchOLD" name="vesselSearch" time="0.000">
    <skipped/>
  </testcase> <!-- vesselSearch -->
  <system-out/>
  <testcase classname="testClass.VesselSearchOLD" name="vesselSearch" time="0.000">
    <skipped/>
  </testcase> <!-- vesselSearch -->
  <system-out/>
  <testcase classname="testClass.VesselSearchOLD" name="vesselSearch" time="0.000">
    <skipped/>
  </testcase> <!-- vesselSearch -->
  <system-out/>
  <testcase classname="testClass.VesselSearchOLD" name="vesselSearch" time="0.000">
    <skipped/>
  </testcase> <!-- vesselSearch -->
  <system-out/>
  <testcase classname="testClass.VesselSearchOLD" name="vesselSearch" time="0.000">
    <skipped/>
  </testcase> <!-- vesselSearch -->
  <system-out/>
  <testcase classname="testClass.VesselSearchOLD" name="vesselSearch" time="0.000">
    <skipped/>
  </testcase> <!-- vesselSearch -->
  <system-out/>
  <testcase classname="testClass.VesselSearchOLD" name="vesselSearch" time="0.000">
    <skipped/>
  </testcase> <!-- vesselSearch -->
  <system-out/>
  <testcase classname="testClass.VesselSearchOLD" name="vesselSearch" time="0.000">
    <skipped/>
  </testcase> <!-- vesselSearch -->
  <system-out/>
  <testcase classname="testClass.VesselSearchOLD" name="vesselSearch" time="0.000">
    <skipped/>
  </testcase> <!-- vesselSearch -->
  <system-out/>
  <testcase classname="testClass.VesselSearchOLD" name="vesselSearch" time="0.000">
    <skipped/>
  </testcase> <!-- vesselSearch -->
  <system-out/>
  <testcase classname="testClass.VesselSearchOLD" name="vesselSearch" time="0.000">
    <skipped/>
  </testcase> <!-- vesselSearch -->
  <system-out/>
  <testcase classname="testClass.VesselSearchOLD" name="vesselSearch" time="0.000">
    <skipped/>
  </testcase> <!-- vesselSearch -->
  <system-out/>
  <testcase classname="testClass.VesselSearchOLD" name="vesselSearch" time="0.000">
    <skipped/>
  </testcase> <!-- vesselSearch -->
  <system-out/>
  <testcase classname="testClass.VesselSearchOLD" name="vesselSearch" time="0.000">
    <skipped/>
  </testcase> <!-- vesselSearch -->
  <system-out/>
  <testcase classname="testClass.VesselSearchOLD" name="vesselSearch" time="0.000">
    <skipped/>
  </testcase> <!-- vesselSearch -->
  <system-out/>
  <testcase classname="testClass.VesselSearchOLD" name="vesselSearch" time="0.000">
    <skipped/>
  </testcase> <!-- vesselSearch -->
  <system-out/>
  <testcase classname="testClass.VesselSearchOLD" name="vesselSearch" time="0.000">
    <skipped/>
  </testcase> <!-- vesselSearch -->
  <system-out/>
  <testcase classname="testClass.VesselSearchOLD" name="vesselSearch" time="0.000">
    <skipped/>
  </testcase> <!-- vesselSearch -->
  <system-out/>
  <testcase classname="testClass.VesselSearchOLD" name="vesselSearch" time="0.000">
    <skipped/>
  </testcase> <!-- vesselSearch -->
  <system-out/>
  <testcase classname="testClass.VesselSearchOLD" name="vesselSearch" time="0.000">
    <skipped/>
  </testcase> <!-- vesselSearch -->
  <system-out/>
  <testcase classname="testClass.VesselSearchOLD" name="vesselSearch" time="0.000">
    <skipped/>
  </testcase> <!-- vesselSearch -->
  <system-out/>
  <testcase classname="testClass.VesselSearchOLD" name="vesselSearch" time="0.000">
    <skipped/>
  </testcase> <!-- vesselSearch -->
  <system-out/>
  <testcase classname="testClass.VesselSearchOLD" name="vesselSearch" time="0.000">
    <skipped/>
  </testcase> <!-- vesselSearch -->
  <system-out/>
  <testcase classname="testClass.VesselSearchOLD" name="vesselSearch" time="0.000">
    <skipped/>
  </testcase> <!-- vesselSearch -->
  <system-out/>
  <testcase classname="testClass.VesselSearchOLD" name="vesselSearch" time="0.000">
    <skipped/>
  </testcase> <!-- vesselSearch -->
  <system-out/>
  <testcase classname="testClass.VesselSearchOLD" name="vesselSearch" time="0.000">
    <skipped/>
  </testcase> <!-- vesselSearch -->
  <system-out/>
  <testcase classname="testClass.VesselSearchOLD" name="vesselSearch" time="0.000">
    <skipped/>
  </testcase> <!-- vesselSearch -->
  <system-out/>
  <testcase classname="testClass.VesselSearchOLD" name="vesselSearch" time="0.000">
    <skipped/>
  </testcase> <!-- vesselSearch -->
  <system-out/>
  <testcase classname="testClass.VesselSearchOLD" name="vesselSearch" time="0.000">
    <skipped/>
  </testcase> <!-- vesselSearch -->
  <system-out/>
  <testcase classname="testClass.VesselSearchOLD" name="vesselSearch" time="0.000">
    <skipped/>
  </testcase> <!-- vesselSearch -->
  <system-out/>
  <testcase classname="testClass.VesselSearchOLD" name="vesselSearch" time="0.000">
    <skipped/>
  </testcase> <!-- vesselSearch -->
  <system-out/>
  <testcase classname="testClass.VesselSearchOLD" name="vesselSearch" time="0.000">
    <skipped/>
  </testcase> <!-- vesselSearch -->
  <system-out/>
  <testcase classname="testClass.VesselSearchOLD" name="vesselSearch" time="0.000">
    <skipped/>
  </testcase> <!-- vesselSearch -->
  <system-out/>
  <testcase classname="testClass.VesselSearchOLD" name="vesselSearch" time="0.000">
    <skipped/>
  </testcase> <!-- vesselSearch -->
  <system-out/>
  <testcase classname="testClass.VesselSearchOLD" name="vesselSearch" time="0.000">
    <skipped/>
  </testcase> <!-- vesselSearch -->
  <system-out/>
  <testcase classname="testClass.VesselSearchOLD" name="vesselSearch" time="0.000">
    <skipped/>
  </testcase> <!-- vesselSearch -->
  <system-out/>
  <testcase classname="testClass.VesselSearchOLD" name="vesselSearch" time="0.000">
    <skipped/>
  </testcase> <!-- vesselSearch -->
  <system-out/>
  <testcase classname="testClass.VesselSearchOLD" name="vesselSearch" time="0.000">
    <skipped/>
  </testcase> <!-- vesselSearch -->
  <system-out/>
  <testcase classname="testClass.VesselSearchOLD" name="vesselSearch" time="0.000">
    <skipped/>
  </testcase> <!-- vesselSearch -->
  <system-out/>
  <testcase classname="testClass.VesselSearchOLD" name="vesselSearch" time="0.000">
    <skipped/>
  </testcase> <!-- vesselSearch -->
  <system-out/>
  <testcase classname="testClass.VesselSearchOLD" name="vesselSearch" time="0.000">
    <skipped/>
  </testcase> <!-- vesselSearch -->
  <system-out/>
  <testcase classname="testClass.VesselSearchOLD" name="vesselSearch" time="0.000">
    <skipped/>
  </testcase> <!-- vesselSearch -->
  <system-out/>
  <testcase classname="testClass.VesselSearchOLD" name="vesselSearch" time="0.000">
    <skipped/>
  </testcase> <!-- vesselSearch -->
  <system-out/>
  <testcase classname="testClass.VesselSearchOLD" name="vesselSearch" time="0.000">
    <skipped/>
  </testcase> <!-- vesselSearch -->
  <system-out/>
  <testcase classname="testClass.VesselSearchOLD" name="vesselSearch" time="0.000">
    <skipped/>
  </testcase> <!-- vesselSearch -->
  <system-out/>
  <testcase classname="testClass.VesselSearchOLD" name="vesselSearch" time="0.000">
    <skipped/>
  </testcase> <!-- vesselSearch -->
  <system-out/>
  <testcase classname="testClass.VesselSearchOLD" name="vesselSearch" time="0.000">
    <skipped/>
  </testcase> <!-- vesselSearch -->
  <system-out/>
  <testcase classname="testClass.VesselSearchOLD" name="vesselSearch" time="0.016">
    <skipped/>
  </testcase> <!-- vesselSearch -->
  <system-out/>
  <testcase classname="testClass.VesselSearchOLD" name="vesselSearch" time="0.000">
    <skipped/>
  </testcase> <!-- vesselSearch -->
  <system-out/>
  <testcase classname="testClass.VesselSearchOLD" name="vesselSearch" time="0.000">
    <skipped/>
  </testcase> <!-- vesselSearch -->
  <system-out/>
  <testcase classname="testClass.VesselSearchOLD" name="vesselSearch" time="0.000">
    <skipped/>
  </testcase> <!-- vesselSearch -->
  <system-out/>
  <testcase classname="testClass.VesselSearchOLD" name="vesselSearch" time="0.000">
    <skipped/>
  </testcase> <!-- vesselSearch -->
  <system-out/>
  <testcase classname="testClass.VesselSearchOLD" name="vesselSearch" time="0.000">
    <skipped/>
  </testcase> <!-- vesselSearch -->
  <system-out/>
  <testcase classname="testClass.VesselSearchOLD" name="vesselSearch" time="0.000">
    <skipped/>
  </testcase> <!-- vesselSearch -->
  <system-out/>
  <testcase classname="testClass.VesselSearchOLD" name="vesselSearch" time="0.000">
    <skipped/>
  </testcase> <!-- vesselSearch -->
  <system-out/>
  <testcase classname="testClass.VesselSearchOLD" name="vesselSearch" time="0.000">
    <skipped/>
  </testcase> <!-- vesselSearch -->
  <system-out/>
  <testcase classname="testClass.VesselSearchOLD" name="vesselSearch" time="0.000">
    <skipped/>
  </testcase> <!-- vesselSearch -->
  <system-out/>
  <testcase classname="testClass.VesselSearchOLD" name="vesselSearch" time="0.000">
    <skipped/>
  </testcase> <!-- vesselSearch -->
  <system-out/>
  <testcase classname="testClass.VesselSearchOLD" name="vesselSearch" time="0.000">
    <skipped/>
  </testcase> <!-- vesselSearch -->
  <system-out/>
  <testcase classname="testClass.VesselSearchOLD" name="vesselSearch" time="0.000">
    <skipped/>
  </testcase> <!-- vesselSearch -->
  <system-out/>
  <testcase classname="testClass.VesselSearchOLD" name="vesselSearch" time="0.000">
    <skipped/>
  </testcase> <!-- vesselSearch -->
  <system-out/>
  <testcase classname="testClass.VesselSearchOLD" name="vesselSearch" time="0.000">
    <skipped/>
  </testcase> <!-- vesselSearch -->
  <system-out/>
  <testcase classname="testClass.VesselSearchOLD" name="vesselSearch" time="0.000">
    <skipped/>
  </testcase> <!-- vesselSearch -->
  <system-out/>
  <testcase classname="testClass.VesselSearchOLD" name="vesselSearch" time="0.000">
    <skipped/>
  </testcase> <!-- vesselSearch -->
  <system-out/>
  <testcase classname="testClass.VesselSearchOLD" name="vesselSearch" time="0.000">
    <skipped/>
  </testcase> <!-- vesselSearch -->
  <system-out/>
  <testcase classname="testClass.VesselSearchOLD" name="vesselSearch" time="0.000">
    <skipped/>
  </testcase> <!-- vesselSearch -->
  <system-out/>
  <testcase classname="testClass.VesselSearchOLD" name="vesselSearch" time="0.000">
    <skipped/>
  </testcase> <!-- vesselSearch -->
  <system-out/>
  <testcase classname="testClass.VesselSearchOLD" name="vesselSearch" time="0.000">
    <skipped/>
  </testcase> <!-- vesselSearch -->
  <system-out/>
  <testcase classname="testClass.VesselSearchOLD" name="vesselSearch" time="0.000">
    <skipped/>
  </testcase> <!-- vesselSearch -->
  <system-out/>
  <testcase classname="testClass.VesselSearchOLD" name="vesselSearch" time="0.000">
    <skipped/>
  </testcase> <!-- vesselSearch -->
  <system-out/>
  <testcase classname="testClass.VesselSearchOLD" name="vesselSearch" time="0.000">
    <skipped/>
  </testcase> <!-- vesselSearch -->
  <system-out/>
  <testcase classname="testClass.VesselSearchOLD" name="vesselSearch" time="0.000">
    <skipped/>
  </testcase> <!-- vesselSearch -->
  <system-out/>
  <testcase classname="testClass.VesselSearchOLD" name="vesselSearch" time="0.000">
    <skipped/>
  </testcase> <!-- vesselSearch -->
  <system-out/>
  <testcase classname="testClass.VesselSearchOLD" name="vesselSearch" time="0.000">
    <skipped/>
  </testcase> <!-- vesselSearch -->
  <system-out/>
  <testcase classname="testClass.VesselSearchOLD" name="vesselSearch" time="0.000">
    <skipped/>
  </testcase> <!-- vesselSearch -->
  <system-out/>
  <testcase classname="testClass.VesselSearchOLD" name="vesselSearch" time="0.000">
    <skipped/>
  </testcase> <!-- vesselSearch -->
  <system-out/>
  <testcase classname="testClass.VesselSearchOLD" name="vesselSearch" time="0.000">
    <skipped/>
  </testcase> <!-- vesselSearch -->
  <system-out/>
  <testcase classname="testClass.VesselSearchOLD" name="vesselSearch" time="0.000">
    <skipped/>
  </testcase> <!-- vesselSearch -->
  <system-out/>
  <testcase classname="testClass.VesselSearchOLD" name="vesselSearch" time="0.000">
    <skipped/>
  </testcase> <!-- vesselSearch -->
  <system-out/>
  <testcase classname="testClass.VesselSearchOLD" name="vesselSearch" time="0.000">
    <skipped/>
  </testcase> <!-- vesselSearch -->
  <system-out/>
  <testcase classname="testClass.VesselSearchOLD" name="vesselSearch" time="0.000">
    <skipped/>
  </testcase> <!-- vesselSearch -->
  <system-out/>
  <testcase classname="testClass.VesselSearchOLD" name="vesselSearch" time="0.000">
    <skipped/>
  </testcase> <!-- vesselSearch -->
  <system-out/>
  <testcase classname="testClass.VesselSearchOLD" name="vesselSearch" time="0.000">
    <skipped/>
  </testcase> <!-- vesselSearch -->
  <system-out/>
  <testcase classname="testClass.VesselSearchOLD" name="vesselSearch" time="0.000">
    <skipped/>
  </testcase> <!-- vesselSearch -->
  <system-out/>
  <testcase classname="testClass.VesselSearchOLD" name="vesselSearch" time="0.000">
    <skipped/>
  </testcase> <!-- vesselSearch -->
  <system-out/>
  <testcase classname="testClass.VesselSearchOLD" name="vesselSearch" time="0.000">
    <skipped/>
  </testcase> <!-- vesselSearch -->
  <system-out/>
  <testcase classname="testClass.VesselSearchOLD" name="vesselSearch" time="0.000">
    <skipped/>
  </testcase> <!-- vesselSearch -->
  <system-out/>
  <testcase classname="testClass.VesselSearchOLD" name="vesselSearch" time="0.000">
    <skipped/>
  </testcase> <!-- vesselSearch -->
  <system-out/>
  <testcase classname="testClass.VesselSearchOLD" name="vesselSearch" time="0.000">
    <skipped/>
  </testcase> <!-- vesselSearch -->
  <system-out/>
  <testcase classname="testClass.VesselSearchOLD" name="vesselSearch" time="0.000">
    <skipped/>
  </testcase> <!-- vesselSearch -->
  <system-out/>
  <testcase classname="testClass.VesselSearchOLD" name="vesselSearch" time="0.000">
    <skipped/>
  </testcase> <!-- vesselSearch -->
  <system-out/>
  <testcase classname="testClass.VesselSearchOLD" name="vesselSearch" time="0.000">
    <skipped/>
  </testcase> <!-- vesselSearch -->
  <system-out/>
  <testcase classname="testClass.VesselSearchOLD" name="vesselSearch" time="0.000">
    <skipped/>
  </testcase> <!-- vesselSearch -->
  <system-out/>
  <testcase classname="testClass.VesselSearchOLD" name="vesselSearch" time="0.000">
    <skipped/>
  </testcase> <!-- vesselSearch -->
  <system-out/>
  <testcase classname="testClass.VesselSearchOLD" name="vesselSearch" time="0.000">
    <skipped/>
  </testcase> <!-- vesselSearch -->
  <system-out/>
  <testcase classname="testClass.VesselSearchOLD" name="vesselSearch" time="0.000">
    <skipped/>
  </testcase> <!-- vesselSearch -->
  <system-out/>
  <testcase classname="testClass.VesselSearchOLD" name="vesselSearch" time="0.000">
    <skipped/>
  </testcase> <!-- vesselSearch -->
  <system-out/>
  <testcase classname="testClass.VesselSearchOLD" name="vesselSearch" time="0.000">
    <skipped/>
  </testcase> <!-- vesselSearch -->
  <system-out/>
  <testcase classname="testClass.VesselSearchOLD" name="vesselSearch" time="0.000">
    <skipped/>
  </testcase> <!-- vesselSearch -->
  <system-out/>
  <testcase classname="testClass.VesselSearchOLD" name="vesselSearch" time="0.000">
    <skipped/>
  </testcase> <!-- vesselSearch -->
  <system-out/>
  <testcase classname="testClass.VesselSearchOLD" name="vesselSearch" time="0.000">
    <skipped/>
  </testcase> <!-- vesselSearch -->
  <system-out/>
  <testcase classname="testClass.VesselSearchOLD" name="vesselSearch" time="0.000">
    <skipped/>
  </testcase> <!-- vesselSearch -->
  <system-out/>
  <testcase classname="testClass.VesselSearchOLD" name="vesselSearch" time="0.000">
    <skipped/>
  </testcase> <!-- vesselSearch -->
  <system-out/>
  <testcase classname="testClass.VesselSearchOLD" name="vesselSearch" time="0.000">
    <skipped/>
  </testcase> <!-- vesselSearch -->
  <system-out/>
  <testcase classname="testClass.VesselSearchOLD" name="vesselSearch" time="0.000">
    <skipped/>
  </testcase> <!-- vesselSearch -->
  <system-out/>
  <testcase classname="testClass.VesselSearchOLD" name="vesselSearch" time="0.000">
    <skipped/>
  </testcase> <!-- vesselSearch -->
  <system-out/>
  <testcase classname="testClass.VesselSearchOLD" name="vesselSearch" time="0.000">
    <skipped/>
  </testcase> <!-- vesselSearch -->
  <system-out/>
  <testcase classname="testClass.VesselSearchOLD" name="vesselSearch" time="0.000">
    <skipped/>
  </testcase> <!-- vesselSearch -->
  <system-out/>
  <testcase classname="testClass.VesselSearchOLD" name="vesselSearch" time="0.000">
    <skipped/>
  </testcase> <!-- vesselSearch -->
  <system-out/>
  <testcase classname="testClass.VesselSearchOLD" name="vesselSearch" time="0.000">
    <skipped/>
  </testcase> <!-- vesselSearch -->
  <system-out/>
  <testcase classname="testClass.VesselSearchOLD" name="vesselSearch" time="0.000">
    <skipped/>
  </testcase> <!-- vesselSearch -->
  <system-out/>
  <testcase classname="testClass.VesselSearchOLD" name="vesselSearch" time="0.000">
    <skipped/>
  </testcase> <!-- vesselSearch -->
  <system-out/>
  <testcase classname="testClass.VesselSearchOLD" name="vesselSearch" time="0.000">
    <skipped/>
  </testcase> <!-- vesselSearch -->
  <system-out/>
  <testcase classname="testClass.VesselSearchOLD" name="vesselSearch" time="0.000">
    <skipped/>
  </testcase> <!-- vesselSearch -->
  <system-out/>
  <testcase classname="testClass.VesselSearchOLD" name="vesselSearch" time="0.000">
    <skipped/>
  </testcase> <!-- vesselSearch -->
  <system-out/>
  <testcase classname="testClass.VesselSearchOLD" name="vesselSearch" time="0.000">
    <skipped/>
  </testcase> <!-- vesselSearch -->
  <system-out/>
  <testcase classname="testClass.VesselSearchOLD" name="vesselSearch" time="0.000">
    <skipped/>
  </testcase> <!-- vesselSearch -->
  <system-out/>
  <testcase classname="testClass.VesselSearchOLD" name="vesselSearch" time="0.000">
    <skipped/>
  </testcase> <!-- vesselSearch -->
  <system-out/>
  <testcase classname="testClass.VesselSearchOLD" name="vesselSearch" time="0.000">
    <skipped/>
  </testcase> <!-- vesselSearch -->
  <system-out/>
  <testcase classname="testClass.VesselSearchOLD" name="vesselSearch" time="0.000">
    <skipped/>
  </testcase> <!-- vesselSearch -->
  <system-out/>
  <testcase classname="testClass.VesselSearchOLD" name="vesselSearch" time="0.000">
    <skipped/>
  </testcase> <!-- vesselSearch -->
  <system-out/>
  <testcase classname="testClass.VesselSearchOLD" name="vesselSearch" time="0.000">
    <skipped/>
  </testcase> <!-- vesselSearch -->
  <system-out/>
  <testcase classname="testClass.VesselSearchOLD" name="vesselSearch" time="0.000">
    <skipped/>
  </testcase> <!-- vesselSearch -->
  <system-out/>
  <testcase classname="testClass.VesselSearchOLD" name="vesselSearch" time="0.000">
    <skipped/>
  </testcase> <!-- vesselSearch -->
  <system-out/>
  <testcase classname="testClass.VesselSearchOLD" name="vesselSearch" time="0.000">
    <skipped/>
  </testcase> <!-- vesselSearch -->
  <system-out/>
  <testcase classname="testClass.VesselSearchOLD" name="vesselSearch" time="0.000">
    <skipped/>
  </testcase> <!-- vesselSearch -->
  <system-out/>
  <testcase classname="testClass.VesselSearchOLD" name="vesselSearch" time="0.000">
    <skipped/>
  </testcase> <!-- vesselSearch -->
  <system-out/>
  <testcase classname="testClass.VesselSearchOLD" name="vesselSearch" time="0.000">
    <skipped/>
  </testcase> <!-- vesselSearch -->
  <system-out/>
  <testcase classname="testClass.VesselSearchOLD" name="vesselSearch" time="0.000">
    <skipped/>
  </testcase> <!-- vesselSearch -->
  <system-out/>
  <testcase classname="testClass.VesselSearchOLD" name="vesselSearch" time="0.000">
    <skipped/>
  </testcase> <!-- vesselSearch -->
  <system-out/>
  <testcase classname="testClass.VesselSearchOLD" name="vesselSearch" time="0.000">
    <skipped/>
  </testcase> <!-- vesselSearch -->
  <system-out/>
  <testcase classname="testClass.VesselSearchOLD" name="vesselSearch" time="0.000">
    <skipped/>
  </testcase> <!-- vesselSearch -->
  <system-out/>
</testsuite> <!-- testClass.VesselSearchOLD -->
