<?xml version="1.0" encoding="UTF-8"?>
<!-- Generated by org.testng.reporters.JUnitXMLReporter -->
<testsuite ignored="0" hostname="INNOL-019" failures="0" tests="1" name="Test" time="33.236" errors="0" timestamp="2024-01-08T18:27:57 IST">
  <testcase classname="testClass.VesselSearchOLD" name="@BeforeClass ProgramStart" time="28.633">
    <failure type="java.lang.AssertionError" message="The following asserts failed:
	expected [] but found [Select Vessel]">
      <![CDATA[java.lang.AssertionError: The following asserts failed:
expected [] but found [Select Vessel]
at testClass.AELogin.Login(AELogin.java:35)
at testClass.VesselSearchOLD.ProgramStart(VesselSearchOLD.java:39)
at java.base/java.util.ArrayList.forEach(ArrayList.java:1511)
... Removed 27 stack frames]]>
    </failure>
  </testcase> <!-- @BeforeClass ProgramStart -->
  <testcase classname="testClass.VesselSearchOLD" name="@AfterClass endTest" time="-1.704718677493E9">
    <skipped/>
  </testcase> <!-- @AfterClass endTest -->
  <testcase classname="testClass.VesselSearchOLD" name="vesselSearch" time="0.0">
    <skipped/>
  </testcase> <!-- vesselSearch -->
</testsuite> <!-- Test -->
