<?xml version="1.0" encoding="UTF-8"?>
<!-- Generated by org.testng.reporters.JUnitXMLReporter -->
<testsuite ignored="0" hostname="INNOL-019" failures="37" tests="84" name="Test" time="3932.624" errors="0" timestamp="2024-03-18T17:38:14 IST">
  <testcase classname="testClass.VesselSearchOLD" name="vesselSearch" time="90.128"/>
  <testcase classname="testClass.VesselSearchOLD" name="vesselSearch" time="6.446">
    <failure type="java.lang.AssertionError" message="vessel not founded in list expected [true] but found [false]">
      <![CDATA[java.lang.AssertionError: vessel not founded in list expected [true] but found [false]
at testClass.VesselSearchOLD.vesselSearch(VesselSearchOLD.java:78)
at java.base/java.util.ArrayList.forEach(ArrayList.java:1511)
... Removed 30 stack frames]]>
    </failure>
  </testcase> <!-- vesselSearch -->
  <testcase classname="testClass.VesselSearchOLD" name="vesselSearch" time="3.906">
    <failure type="java.lang.AssertionError" message="vessel not founded in list expected [true] but found [false]">
      <![CDATA[java.lang.AssertionError: vessel not founded in list expected [true] but found [false]
at testClass.VesselSearchOLD.vesselSearch(VesselSearchOLD.java:78)
at java.base/java.util.ArrayList.forEach(ArrayList.java:1511)
... Removed 30 stack frames]]>
    </failure>
  </testcase> <!-- vesselSearch -->
  <testcase classname="testClass.VesselSearchOLD" name="vesselSearch" time="68.436"/>
  <testcase classname="testClass.VesselSearchOLD" name="vesselSearch" time="8.069">
    <failure type="java.lang.AssertionError" message="vessel not founded in list expected [true] but found [false]">
      <![CDATA[java.lang.AssertionError: vessel not founded in list expected [true] but found [false]
at testClass.VesselSearchOLD.vesselSearch(VesselSearchOLD.java:78)
at java.base/java.util.ArrayList.forEach(ArrayList.java:1511)
... Removed 30 stack frames]]>
    </failure>
  </testcase> <!-- vesselSearch -->
  <testcase classname="testClass.VesselSearchOLD" name="vesselSearch" time="3.587">
    <failure type="java.lang.AssertionError" message="vessel not founded in list expected [true] but found [false]">
      <![CDATA[java.lang.AssertionError: vessel not founded in list expected [true] but found [false]
at testClass.VesselSearchOLD.vesselSearch(VesselSearchOLD.java:78)
at java.base/java.util.ArrayList.forEach(ArrayList.java:1511)
... Removed 30 stack frames]]>
    </failure>
  </testcase> <!-- vesselSearch -->
  <testcase classname="testClass.VesselSearchOLD" name="vesselSearch" time="86.008"/>
  <testcase classname="testClass.VesselSearchOLD" name="vesselSearch" time="5.805">
    <failure type="java.lang.AssertionError" message="vessel not founded in list expected [true] but found [false]">
      <![CDATA[java.lang.AssertionError: vessel not founded in list expected [true] but found [false]
at testClass.VesselSearchOLD.vesselSearch(VesselSearchOLD.java:78)
at java.base/java.util.ArrayList.forEach(ArrayList.java:1511)
... Removed 30 stack frames]]>
    </failure>
  </testcase> <!-- vesselSearch -->
  <testcase classname="testClass.VesselSearchOLD" name="vesselSearch" time="3.883">
    <failure type="java.lang.AssertionError" message="vessel not founded in list expected [true] but found [false]">
      <![CDATA[java.lang.AssertionError: vessel not founded in list expected [true] but found [false]
at testClass.VesselSearchOLD.vesselSearch(VesselSearchOLD.java:78)
at java.base/java.util.ArrayList.forEach(ArrayList.java:1511)
... Removed 30 stack frames]]>
    </failure>
  </testcase> <!-- vesselSearch -->
  <testcase classname="testClass.VesselSearchOLD" name="vesselSearch" time="74.789"/>
  <testcase classname="testClass.VesselSearchOLD" name="vesselSearch" time="73.168"/>
  <testcase classname="testClass.VesselSearchOLD" name="vesselSearch" time="127.992"/>
  <testcase classname="testClass.VesselSearchOLD" name="vesselSearch" time="79.738"/>
  <testcase classname="testClass.VesselSearchOLD" name="vesselSearch" time="52.309"/>
  <testcase classname="testClass.VesselSearchOLD" name="vesselSearch" time="73.74"/>
  <testcase classname="testClass.VesselSearchOLD" name="vesselSearch" time="74.786"/>
  <testcase classname="testClass.VesselSearchOLD" name="vesselSearch" time="6.603">
    <failure type="java.lang.AssertionError" message="vessel not founded in list expected [true] but found [false]">
      <![CDATA[java.lang.AssertionError: vessel not founded in list expected [true] but found [false]
at testClass.VesselSearchOLD.vesselSearch(VesselSearchOLD.java:78)
at java.base/java.util.ArrayList.forEach(ArrayList.java:1511)
... Removed 29 stack frames]]>
    </failure>
  </testcase> <!-- vesselSearch -->
  <testcase classname="testClass.VesselSearchOLD" name="vesselSearch" time="4.798">
    <failure type="java.lang.AssertionError" message="vessel not founded in list expected [true] but found [false]">
      <![CDATA[java.lang.AssertionError: vessel not founded in list expected [true] but found [false]
at testClass.VesselSearchOLD.vesselSearch(VesselSearchOLD.java:78)
at java.base/java.util.ArrayList.forEach(ArrayList.java:1511)
... Removed 29 stack frames]]>
    </failure>
  </testcase> <!-- vesselSearch -->
  <testcase classname="testClass.VesselSearchOLD" name="vesselSearch" time="9.143">
    <failure type="java.lang.AssertionError" message="vessel not founded in list expected [true] but found [false]">
      <![CDATA[java.lang.AssertionError: vessel not founded in list expected [true] but found [false]
at testClass.VesselSearchOLD.vesselSearch(VesselSearchOLD.java:78)
at java.base/java.util.ArrayList.forEach(ArrayList.java:1511)
... Removed 29 stack frames]]>
    </failure>
  </testcase> <!-- vesselSearch -->
  <testcase classname="testClass.VesselSearchOLD" name="vesselSearch" time="6.111">
    <failure type="java.lang.AssertionError" message="vessel not founded in list expected [true] but found [false]">
      <![CDATA[java.lang.AssertionError: vessel not founded in list expected [true] but found [false]
at testClass.VesselSearchOLD.vesselSearch(VesselSearchOLD.java:78)
at java.base/java.util.ArrayList.forEach(ArrayList.java:1511)
... Removed 29 stack frames]]>
    </failure>
  </testcase> <!-- vesselSearch -->
  <testcase classname="testClass.VesselSearchOLD" name="vesselSearch" time="4.388">
    <failure type="java.lang.AssertionError" message="vessel not founded in list expected [true] but found [false]">
      <![CDATA[java.lang.AssertionError: vessel not founded in list expected [true] but found [false]
at testClass.VesselSearchOLD.vesselSearch(VesselSearchOLD.java:78)
at java.base/java.util.ArrayList.forEach(ArrayList.java:1511)
... Removed 29 stack frames]]>
    </failure>
  </testcase> <!-- vesselSearch -->
  <testcase classname="testClass.VesselSearchOLD" name="vesselSearch" time="4.372">
    <failure type="java.lang.AssertionError" message="vessel not founded in list expected [true] but found [false]">
      <![CDATA[java.lang.AssertionError: vessel not founded in list expected [true] but found [false]
at testClass.VesselSearchOLD.vesselSearch(VesselSearchOLD.java:78)
at java.base/java.util.ArrayList.forEach(ArrayList.java:1511)
... Removed 29 stack frames]]>
    </failure>
  </testcase> <!-- vesselSearch -->
  <testcase classname="testClass.VesselSearchOLD" name="vesselSearch" time="4.394">
    <failure type="java.lang.AssertionError" message="vessel not founded in list expected [true] but found [false]">
      <![CDATA[java.lang.AssertionError: vessel not founded in list expected [true] but found [false]
at testClass.VesselSearchOLD.vesselSearch(VesselSearchOLD.java:78)
at java.base/java.util.ArrayList.forEach(ArrayList.java:1511)
... Removed 29 stack frames]]>
    </failure>
  </testcase> <!-- vesselSearch -->
  <testcase classname="testClass.VesselSearchOLD" name="vesselSearch" time="4.154">
    <failure type="java.lang.AssertionError" message="vessel not founded in list expected [true] but found [false]">
      <![CDATA[java.lang.AssertionError: vessel not founded in list expected [true] but found [false]
at testClass.VesselSearchOLD.vesselSearch(VesselSearchOLD.java:78)
at java.base/java.util.ArrayList.forEach(ArrayList.java:1511)
... Removed 29 stack frames]]>
    </failure>
  </testcase> <!-- vesselSearch -->
  <testcase classname="testClass.VesselSearchOLD" name="vesselSearch" time="5.049">
    <failure type="java.lang.AssertionError" message="vessel not founded in list expected [true] but found [false]">
      <![CDATA[java.lang.AssertionError: vessel not founded in list expected [true] but found [false]
at testClass.VesselSearchOLD.vesselSearch(VesselSearchOLD.java:78)
at java.base/java.util.ArrayList.forEach(ArrayList.java:1511)
... Removed 29 stack frames]]>
    </failure>
  </testcase> <!-- vesselSearch -->
  <testcase classname="testClass.VesselSearchOLD" name="vesselSearch" time="113.644"/>
  <testcase classname="testClass.VesselSearchOLD" name="vesselSearch" time="4.049">
    <failure type="java.lang.AssertionError" message="vessel not founded in list expected [true] but found [false]">
      <![CDATA[java.lang.AssertionError: vessel not founded in list expected [true] but found [false]
at testClass.VesselSearchOLD.vesselSearch(VesselSearchOLD.java:78)
at java.base/java.util.ArrayList.forEach(ArrayList.java:1511)
... Removed 29 stack frames]]>
    </failure>
  </testcase> <!-- vesselSearch -->
  <testcase classname="testClass.VesselSearchOLD" name="vesselSearch" time="81.474"/>
  <testcase classname="testClass.VesselSearchOLD" name="vesselSearch" time="84.822"/>
  <testcase classname="testClass.VesselSearchOLD" name="vesselSearch" time="80.156"/>
  <testcase classname="testClass.VesselSearchOLD" name="vesselSearch" time="4.077">
    <failure type="java.lang.AssertionError" message="vessel not founded in list expected [true] but found [false]">
      <![CDATA[java.lang.AssertionError: vessel not founded in list expected [true] but found [false]
at testClass.VesselSearchOLD.vesselSearch(VesselSearchOLD.java:78)
at java.base/java.util.ArrayList.forEach(ArrayList.java:1511)
... Removed 29 stack frames]]>
    </failure>
  </testcase> <!-- vesselSearch -->
  <testcase classname="testClass.VesselSearchOLD" name="vesselSearch" time="69.98"/>
  <testcase classname="testClass.VesselSearchOLD" name="vesselSearch" time="5.233">
    <failure type="java.lang.AssertionError" message="vessel not founded in list expected [true] but found [false]">
      <![CDATA[java.lang.AssertionError: vessel not founded in list expected [true] but found [false]
at testClass.VesselSearchOLD.vesselSearch(VesselSearchOLD.java:78)
at java.base/java.util.ArrayList.forEach(ArrayList.java:1511)
... Removed 29 stack frames]]>
    </failure>
  </testcase> <!-- vesselSearch -->
  <testcase classname="testClass.VesselSearchOLD" name="vesselSearch" time="4.841">
    <failure type="java.lang.AssertionError" message="vessel not founded in list expected [true] but found [false]">
      <![CDATA[java.lang.AssertionError: vessel not founded in list expected [true] but found [false]
at testClass.VesselSearchOLD.vesselSearch(VesselSearchOLD.java:78)
at java.base/java.util.ArrayList.forEach(ArrayList.java:1511)
... Removed 29 stack frames]]>
    </failure>
  </testcase> <!-- vesselSearch -->
  <testcase classname="testClass.VesselSearchOLD" name="vesselSearch" time="4.047">
    <failure type="java.lang.AssertionError" message="vessel not founded in list expected [true] but found [false]">
      <![CDATA[java.lang.AssertionError: vessel not founded in list expected [true] but found [false]
at testClass.VesselSearchOLD.vesselSearch(VesselSearchOLD.java:78)
at java.base/java.util.ArrayList.forEach(ArrayList.java:1511)
... Removed 29 stack frames]]>
    </failure>
  </testcase> <!-- vesselSearch -->
  <testcase classname="testClass.VesselSearchOLD" name="vesselSearch" time="4.738">
    <failure type="java.lang.AssertionError" message="vessel not founded in list expected [true] but found [false]">
      <![CDATA[java.lang.AssertionError: vessel not founded in list expected [true] but found [false]
at testClass.VesselSearchOLD.vesselSearch(VesselSearchOLD.java:78)
at java.base/java.util.ArrayList.forEach(ArrayList.java:1511)
... Removed 29 stack frames]]>
    </failure>
  </testcase> <!-- vesselSearch -->
  <testcase classname="testClass.VesselSearchOLD" name="vesselSearch" time="4.468">
    <failure type="java.lang.AssertionError" message="vessel not founded in list expected [true] but found [false]">
      <![CDATA[java.lang.AssertionError: vessel not founded in list expected [true] but found [false]
at testClass.VesselSearchOLD.vesselSearch(VesselSearchOLD.java:78)
at java.base/java.util.ArrayList.forEach(ArrayList.java:1511)
... Removed 29 stack frames]]>
    </failure>
  </testcase> <!-- vesselSearch -->
  <testcase classname="testClass.VesselSearchOLD" name="vesselSearch" time="4.307">
    <failure type="java.lang.AssertionError" message="vessel not founded in list expected [true] but found [false]">
      <![CDATA[java.lang.AssertionError: vessel not founded in list expected [true] but found [false]
at testClass.VesselSearchOLD.vesselSearch(VesselSearchOLD.java:78)
at java.base/java.util.ArrayList.forEach(ArrayList.java:1511)
... Removed 29 stack frames]]>
    </failure>
  </testcase> <!-- vesselSearch -->
  <testcase classname="testClass.VesselSearchOLD" name="vesselSearch" time="4.08">
    <failure type="java.lang.AssertionError" message="vessel not founded in list expected [true] but found [false]">
      <![CDATA[java.lang.AssertionError: vessel not founded in list expected [true] but found [false]
at testClass.VesselSearchOLD.vesselSearch(VesselSearchOLD.java:78)
at java.base/java.util.ArrayList.forEach(ArrayList.java:1511)
... Removed 29 stack frames]]>
    </failure>
  </testcase> <!-- vesselSearch -->
  <testcase classname="testClass.VesselSearchOLD" name="vesselSearch" time="70.631"/>
  <testcase classname="testClass.VesselSearchOLD" name="vesselSearch" time="96.887"/>
  <testcase classname="testClass.VesselSearchOLD" name="vesselSearch" time="3.969">
    <failure type="java.lang.AssertionError" message="vessel not founded in list expected [true] but found [false]">
      <![CDATA[java.lang.AssertionError: vessel not founded in list expected [true] but found [false]
at testClass.VesselSearchOLD.vesselSearch(VesselSearchOLD.java:78)
at java.base/java.util.ArrayList.forEach(ArrayList.java:1511)
... Removed 29 stack frames]]>
    </failure>
  </testcase> <!-- vesselSearch -->
  <testcase classname="testClass.VesselSearchOLD" name="vesselSearch" time="67.366"/>
  <testcase classname="testClass.VesselSearchOLD" name="vesselSearch" time="3.966">
    <failure type="java.lang.AssertionError" message="vessel not founded in list expected [true] but found [false]">
      <![CDATA[java.lang.AssertionError: vessel not founded in list expected [true] but found [false]
at testClass.VesselSearchOLD.vesselSearch(VesselSearchOLD.java:78)
at java.base/java.util.ArrayList.forEach(ArrayList.java:1511)
... Removed 29 stack frames]]>
    </failure>
  </testcase> <!-- vesselSearch -->
  <testcase classname="testClass.VesselSearchOLD" name="vesselSearch" time="4.34">
    <failure type="java.lang.AssertionError" message="vessel not founded in list expected [true] but found [false]">
      <![CDATA[java.lang.AssertionError: vessel not founded in list expected [true] but found [false]
at testClass.VesselSearchOLD.vesselSearch(VesselSearchOLD.java:78)
at java.base/java.util.ArrayList.forEach(ArrayList.java:1511)
... Removed 29 stack frames]]>
    </failure>
  </testcase> <!-- vesselSearch -->
  <testcase classname="testClass.VesselSearchOLD" name="vesselSearch" time="69.378"/>
  <testcase classname="testClass.VesselSearchOLD" name="vesselSearch" time="70.432"/>
  <testcase classname="testClass.VesselSearchOLD" name="vesselSearch" time="57.218"/>
  <testcase classname="testClass.VesselSearchOLD" name="vesselSearch" time="67.078"/>
  <testcase classname="testClass.VesselSearchOLD" name="vesselSearch" time="4.416">
    <failure type="java.lang.AssertionError" message="vessel not founded in list expected [true] but found [false]">
      <![CDATA[java.lang.AssertionError: vessel not founded in list expected [true] but found [false]
at testClass.VesselSearchOLD.vesselSearch(VesselSearchOLD.java:78)
at java.base/java.util.ArrayList.forEach(ArrayList.java:1511)
... Removed 29 stack frames]]>
    </failure>
  </testcase> <!-- vesselSearch -->
  <testcase classname="testClass.VesselSearchOLD" name="vesselSearch" time="72.403"/>
  <testcase classname="testClass.VesselSearchOLD" name="vesselSearch" time="75.842"/>
  <testcase classname="testClass.VesselSearchOLD" name="vesselSearch" time="102.278"/>
  <testcase classname="testClass.VesselSearchOLD" name="vesselSearch" time="4.028">
    <failure type="java.lang.AssertionError" message="vessel not founded in list expected [true] but found [false]">
      <![CDATA[java.lang.AssertionError: vessel not founded in list expected [true] but found [false]
at testClass.VesselSearchOLD.vesselSearch(VesselSearchOLD.java:78)
at java.base/java.util.ArrayList.forEach(ArrayList.java:1511)
... Removed 29 stack frames]]>
    </failure>
  </testcase> <!-- vesselSearch -->
  <testcase classname="testClass.VesselSearchOLD" name="vesselSearch" time="68.776"/>
  <testcase classname="testClass.VesselSearchOLD" name="vesselSearch" time="70.763"/>
  <testcase classname="testClass.VesselSearchOLD" name="vesselSearch" time="81.017"/>
  <testcase classname="testClass.VesselSearchOLD" name="vesselSearch" time="78.214"/>
  <testcase classname="testClass.VesselSearchOLD" name="vesselSearch" time="76.541"/>
  <testcase classname="testClass.VesselSearchOLD" name="vesselSearch" time="74.696"/>
  <testcase classname="testClass.VesselSearchOLD" name="vesselSearch" time="75.745"/>
  <testcase classname="testClass.VesselSearchOLD" name="vesselSearch" time="71.887"/>
  <testcase classname="testClass.VesselSearchOLD" name="vesselSearch" time="68.3"/>
  <testcase classname="testClass.VesselSearchOLD" name="vesselSearch" time="72.204"/>
  <testcase classname="testClass.VesselSearchOLD" name="vesselSearch" time="4.271">
    <failure type="java.lang.AssertionError" message="vessel not founded in list expected [true] but found [false]">
      <![CDATA[java.lang.AssertionError: vessel not founded in list expected [true] but found [false]
at testClass.VesselSearchOLD.vesselSearch(VesselSearchOLD.java:78)
at java.base/java.util.ArrayList.forEach(ArrayList.java:1511)
... Removed 29 stack frames]]>
    </failure>
  </testcase> <!-- vesselSearch -->
  <testcase classname="testClass.VesselSearchOLD" name="vesselSearch" time="4.94">
    <failure type="java.lang.AssertionError" message="vessel not founded in list expected [true] but found [false]">
      <![CDATA[java.lang.AssertionError: vessel not founded in list expected [true] but found [false]
at testClass.VesselSearchOLD.vesselSearch(VesselSearchOLD.java:78)
at java.base/java.util.ArrayList.forEach(ArrayList.java:1511)
... Removed 29 stack frames]]>
    </failure>
  </testcase> <!-- vesselSearch -->
  <testcase classname="testClass.VesselSearchOLD" name="vesselSearch" time="4.408">
    <failure type="java.lang.AssertionError" message="vessel not founded in list expected [true] but found [false]">
      <![CDATA[java.lang.AssertionError: vessel not founded in list expected [true] but found [false]
at testClass.VesselSearchOLD.vesselSearch(VesselSearchOLD.java:78)
at java.base/java.util.ArrayList.forEach(ArrayList.java:1511)
... Removed 29 stack frames]]>
    </failure>
  </testcase> <!-- vesselSearch -->
  <testcase classname="testClass.VesselSearchOLD" name="vesselSearch" time="4.86">
    <failure type="java.lang.AssertionError" message="vessel not founded in list expected [true] but found [false]">
      <![CDATA[java.lang.AssertionError: vessel not founded in list expected [true] but found [false]
at testClass.VesselSearchOLD.vesselSearch(VesselSearchOLD.java:78)
at java.base/java.util.ArrayList.forEach(ArrayList.java:1511)
... Removed 29 stack frames]]>
    </failure>
  </testcase> <!-- vesselSearch -->
  <testcase classname="testClass.VesselSearchOLD" name="vesselSearch" time="81.39"/>
  <testcase classname="testClass.VesselSearchOLD" name="vesselSearch" time="84.871"/>
  <testcase classname="testClass.VesselSearchOLD" name="vesselSearch" time="73.91"/>
  <testcase classname="testClass.VesselSearchOLD" name="vesselSearch" time="71.869"/>
  <testcase classname="testClass.VesselSearchOLD" name="vesselSearch" time="3.964">
    <failure type="java.lang.AssertionError" message="vessel not founded in list expected [true] but found [false]">
      <![CDATA[java.lang.AssertionError: vessel not founded in list expected [true] but found [false]
at testClass.VesselSearchOLD.vesselSearch(VesselSearchOLD.java:78)
at java.base/java.util.ArrayList.forEach(ArrayList.java:1511)
... Removed 29 stack frames]]>
    </failure>
  </testcase> <!-- vesselSearch -->
  <testcase classname="testClass.VesselSearchOLD" name="vesselSearch" time="76.482"/>
  <testcase classname="testClass.VesselSearchOLD" name="vesselSearch" time="70.27"/>
  <testcase classname="testClass.VesselSearchOLD" name="vesselSearch" time="4.011">
    <failure type="java.lang.AssertionError" message="vessel not founded in list expected [true] but found [false]">
      <![CDATA[java.lang.AssertionError: vessel not founded in list expected [true] but found [false]
at testClass.VesselSearchOLD.vesselSearch(VesselSearchOLD.java:78)
at java.base/java.util.ArrayList.forEach(ArrayList.java:1511)
... Removed 29 stack frames]]>
    </failure>
  </testcase> <!-- vesselSearch -->
  <testcase classname="testClass.VesselSearchOLD" name="vesselSearch" time="73.49"/>
  <testcase classname="testClass.VesselSearchOLD" name="vesselSearch" time="71.449"/>
  <testcase classname="testClass.VesselSearchOLD" name="vesselSearch" time="3.979">
    <failure type="java.lang.AssertionError" message="vessel not founded in list expected [true] but found [false]">
      <![CDATA[java.lang.AssertionError: vessel not founded in list expected [true] but found [false]
at testClass.VesselSearchOLD.vesselSearch(VesselSearchOLD.java:78)
at java.base/java.util.ArrayList.forEach(ArrayList.java:1511)
... Removed 29 stack frames]]>
    </failure>
  </testcase> <!-- vesselSearch -->
  <testcase classname="testClass.VesselSearchOLD" name="vesselSearch" time="76.856"/>
  <testcase classname="testClass.VesselSearchOLD" name="vesselSearch" time="72.332"/>
  <testcase classname="testClass.VesselSearchOLD" name="vesselSearch" time="3.95">
    <failure type="java.lang.AssertionError" message="vessel not founded in list expected [true] but found [false]">
      <![CDATA[java.lang.AssertionError: vessel not founded in list expected [true] but found [false]
at testClass.VesselSearchOLD.vesselSearch(VesselSearchOLD.java:78)
at java.base/java.util.ArrayList.forEach(ArrayList.java:1511)
... Removed 29 stack frames]]>
    </failure>
  </testcase> <!-- vesselSearch -->
  <testcase classname="testClass.VesselSearchOLD" name="vesselSearch" time="51.9"/>
  <testcase classname="testClass.VesselSearchOLD" name="vesselSearch" time="72.629"/>
</testsuite> <!-- Test -->
